#
# There is insufficient memory for the Java Runtime Environment to continue.
# Native memory allocation (malloc) failed to allocate 1007376 bytes for Chunk::new
# Possible reasons:
#   The system is out of physical RAM or swap space
#   The process is running with CompressedOops enabled, and the Java Heap may be blocking the growth of the native heap
# Possible solutions:
#   Reduce memory load on the system
#   Increase physical memory or swap space
#   Check if swap backing store is full
#   Decrease Java heap size (-Xmx/-Xms)
#   Decrease number of Java threads
#   Decrease Java thread stack sizes (-Xss)
#   Set larger code cache with -XX:ReservedCodeCacheSize=
#   JVM is running with Unscaled Compressed Oops mode in which the Java heap is
#     placed in the first 4GB address space. The Java Heap base address is the
#     maximum limit for the native heap growth. Please use -XX:HeapBaseMinAddress
#     to set the Java Heap base and to place the Java Heap above 4GB virtual address.
# This output file may be truncated or incomplete.
#
#  Out of Memory Error (./src/hotspot/share/memory/arena.cpp:197), pid=8824, tid=14440
#
# JRE version: OpenJDK Runtime Environment (11.0.12+7) (build 11.0.12+7-b1504.28-7817840)
# Java VM: OpenJDK 64-Bit Server VM (11.0.12+7-b1504.28-7817840, mixed mode, tiered, compressed oops, g1 gc, windows-amd64)
# No core dump will be written. Minidumps are not enabled by default on client versions of Windows
#

---------------  S U M M A R Y ------------

Command Line: --add-opens=java.base/java.util=ALL-UNNAMED --add-opens=java.base/java.lang=ALL-UNNAMED --add-opens=java.base/java.lang.invoke=ALL-UNNAMED --add-opens=java.base/java.util=ALL-UNNAMED --add-opens=java.prefs/java.util.prefs=ALL-UNNAMED --add-opens=java.prefs/java.util.prefs=ALL-UNNAMED --add-opens=java.base/java.nio.charset=ALL-UNNAMED --add-opens=java.base/java.net=ALL-UNNAMED --add-opens=java.base/java.util.concurrent.atomic=ALL-UNNAMED -Xmx2048m -Dfile.encoding=UTF-8 -Duser.country=IN -Duser.language=en -Duser.variant org.gradle.launcher.daemon.bootstrap.GradleDaemon 7.3.3

Host: Intel(R) Core(TM) i5-8250U CPU @ 1.60GHz, 8 cores, 7G,  Windows 10 , 64 bit Build 22621 (10.0.22621.1105)
Time: Wed Jan 25 12:47:15 2023 India Standard Time elapsed time: 180.660028 seconds (0d 0h 3m 0s)

---------------  T H R E A D  ---------------

Current thread (0x000002b1ac0b9800):  JavaThread "C2 CompilerThread2" daemon [_thread_in_native, id=14440, stack(0x000000c906400000,0x000000c906500000)]


Current CompileTask:
C2: 180660 17703       4       org.gradle.internal.component.model.ComponentAttributeMatcher::match (259 bytes)

Stack: [0x000000c906400000,0x000000c906500000]
Native frames: (J=compiled Java code, j=interpreted, Vv=VM code, C=native code)
V  [jvm.dll+0x5fbcea]
V  [jvm.dll+0x731905]
V  [jvm.dll+0x732f1d]
V  [jvm.dll+0x7335d3]
V  [jvm.dll+0x247bf8]
V  [jvm.dll+0xc018c]
V  [jvm.dll+0xc06cc]
V  [jvm.dll+0x2bcc04]
V  [jvm.dll+0x5113a8]
V  [jvm.dll+0x201b42]
V  [jvm.dll+0x1ff71f]
V  [jvm.dll+0x18868c]
V  [jvm.dll+0x20e0d7]
V  [jvm.dll+0x20c901]
V  [jvm.dll+0x6f9b7f]
V  [jvm.dll+0x6f26a5]
V  [jvm.dll+0x5fabf6]
C  [ucrtbase.dll+0x29363]
C  [KERNEL32.DLL+0x126bd]
C  [ntdll.dll+0x5dfb8]


---------------  P R O C E S S  ---------------

Threads class SMR info:
_java_thread_list=0x000002b1aca313a0, length=137, elements={
0x000002b18882c000, 0x000002b1a2cc4000, 0x000002b1a2cc6000, 0x000002b1a2cdf000,
0x000002b1a2ce0000, 0x000002b1a2ce4800, 0x000002b1a2ce8000, 0x000002b1a2cea000,
0x000002b1a3635000, 0x000002b1a37a9800, 0x000002b1a37ac000, 0x000002b1a37b0000,
0x000002b1a37ae000, 0x000002b1a53d3000, 0x000002b1a53d4800, 0x000002b1a53d5000,
0x000002b1a53d0800, 0x000002b1a53d7000, 0x000002b1a53d1000, 0x000002b1a53dd800,
0x000002b1a53db800, 0x000002b1a53dc800, 0x000002b1a53db000, 0x000002b1a53d9800,
0x000002b1a53d8800, 0x000002b1a53da000, 0x000002b1a7024000, 0x000002b1a7021000,
0x000002b1aa1ae800, 0x000002b1aa1ad800, 0x000002b1aa1a6000, 0x000002b1aa1a7000,
0x000002b1aa1a9800, 0x000002b1aa1a7800, 0x000002b1aa1a5800, 0x000002b1aa1ac800,
0x000002b1aa1ac000, 0x000002b1aa1ab000, 0x000002b1aa1af000, 0x000002b1aa1b0000,
0x000002b1aa1aa000, 0x000002b1aa1b0800, 0x000002b1aa1b3000, 0x000002b1aa1b1800,
0x000002b1aa1b4000, 0x000002b1a7022800, 0x000002b1a7023800, 0x000002b1a7025000,
0x000002b1a701f800, 0x000002b1a7028800, 0x000002b1a7026800, 0x000002b1a702a800,
0x000002b1a7029000, 0x000002b1a702b800, 0x000002b1a702a000, 0x000002b1a7026000,
0x000002b1a702c800, 0x000002b1a702d000, 0x000002b1a7027800, 0x000002b1a702e000,
0x000002b1aa529000, 0x000002b1aa526800, 0x000002b1aa524000, 0x000002b1aa528000,
0x000002b1aa529800, 0x000002b1aa52a800, 0x000002b1aa525000, 0x000002b1a53d7800,
0x000002b1a53d3800, 0x000002b1a53d2000, 0x000002b1a53d6000, 0x000002b1a53de000,
0x000002b1a53df000, 0x000002b1a37af000, 0x000002b1a37ab000, 0x000002b1a37aa000,
0x000002b1a37ac800, 0x000002b1a37ad800, 0x000002b1a6922800, 0x000002b1a6920000,
0x000002b1a6921000, 0x000002b1a691f800, 0x000002b1a691d000, 0x000002b1a6922000,
0x000002b1a6923800, 0x000002b1a691d800, 0x000002b1a6924000, 0x000002b1a691e800,
0x000002b1a6929000, 0x000002b1a6925000, 0x000002b1a692a000, 0x000002b1a6928800,
0x000002b1a692a800, 0x000002b1a692b800, 0x000002b1a6926000, 0x000002b1a6926800,
0x000002b1a6927800, 0x000002b1aa07c000, 0x000002b1aa07d000, 0x000002b1aa077800,
0x000002b1aa07a800, 0x000002b1aa07e000, 0x000002b1aa078000, 0x000002b1aa079000,
0x000002b1aa07a000, 0x000002b1aa07b800, 0x000002b1a8a2d000, 0x000002b1a8a2d800,
0x000002b1a8a2e800, 0x000002b1a8a29800, 0x000002b1a8a2c000, 0x000002b1a8a2f800,
0x000002b1a8a30000, 0x000002b1a8a2a800, 0x000002b1a8a2b800, 0x000002b1ac0b4800,
0x000002b1ac0b2000, 0x000002b1ac0b0800, 0x000002b1ac0b5800, 0x000002b1ac0b1800,
0x000002b1ac0b3000, 0x000002b1ac0b0000, 0x000002b1ac0b6800, 0x000002b1ac0b7000,
0x000002b1ac0b8000, 0x000002b1ac0b9800, 0x000002b1ac0ba800, 0x000002b1ac0bb000,
0x000002b1ac0bc000, 0x000002b1ac0bd000, 0x000002b1ac0bd800, 0x000002b1ac0be800,
0x000002b1aa1a8800, 0x000002b1aa1b2800, 0x000002b1b0813800, 0x000002b1b0814800,
0x000002b1b0816000
}

Java Threads: ( => current thread )
  0x000002b18882c000 JavaThread "main" [_thread_blocked, id=13820, stack(0x000000c978b00000,0x000000c978c00000)]
  0x000002b1a2cc4000 JavaThread "Reference Handler" daemon [_thread_blocked, id=6652, stack(0x000000c979200000,0x000000c979300000)]
  0x000002b1a2cc6000 JavaThread "Finalizer" daemon [_thread_blocked, id=12124, stack(0x000000c979300000,0x000000c979400000)]
  0x000002b1a2cdf000 JavaThread "Signal Dispatcher" daemon [_thread_blocked, id=13668, stack(0x000000c979400000,0x000000c979500000)]
  0x000002b1a2ce0000 JavaThread "Attach Listener" daemon [_thread_blocked, id=1804, stack(0x000000c979500000,0x000000c979600000)]
  0x000002b1a2ce4800 JavaThread "Service Thread" daemon [_thread_blocked, id=656, stack(0x000000c979600000,0x000000c979700000)]
  0x000002b1a2ce8000 JavaThread "C2 CompilerThread0" daemon [_thread_in_native, id=13980, stack(0x000000c979700000,0x000000c979800000)]
  0x000002b1a2cea000 JavaThread "C1 CompilerThread0" daemon [_thread_blocked, id=13708, stack(0x000000c979800000,0x000000c979900000)]
  0x000002b1a3635000 JavaThread "Sweeper thread" daemon [_thread_blocked, id=13620, stack(0x000000c979900000,0x000000c979a00000)]
  0x000002b1a37a9800 JavaThread "Common-Cleaner" daemon [_thread_blocked, id=4548, stack(0x000000c979a00000,0x000000c979b00000)]
  0x000002b1a37ac000 JavaThread "Daemon health stats" [_thread_blocked, id=8704, stack(0x000000c97a000000,0x000000c97a100000)]
  0x000002b1a37b0000 JavaThread "Incoming local TCP Connector on port 49924" [_thread_in_native, id=2460, stack(0x000000c979c00000,0x000000c979d00000)]
  0x000002b1a37ae000 JavaThread "Daemon periodic checks" [_thread_blocked, id=4408, stack(0x000000c979d00000,0x000000c979e00000)]
  0x000002b1a53d3000 JavaThread "Cache worker for journal cache (C:\Users\ASUS\.gradle\caches\journal-1)" [_thread_blocked, id=840, stack(0x000000c97ae00000,0x000000c97af00000)]
  0x000002b1a53d4800 JavaThread "File lock request listener" [_thread_in_native, id=11884, stack(0x000000c97af00000,0x000000c97b000000)]
  0x000002b1a53d5000 JavaThread "Cache worker for file hash cache (C:\Users\ASUS\.gradle\caches\7.3.3\fileHashes)" [_thread_in_vm, id=7504, stack(0x000000c97b000000,0x000000c97b100000)]
  0x000002b1a53d0800 JavaThread "File watcher server" daemon [_thread_in_native, id=4496, stack(0x000000c97b400000,0x000000c97b500000)]
  0x000002b1a53d7000 JavaThread "File watcher consumer" daemon [_thread_blocked, id=3272, stack(0x000000c97b500000,0x000000c97b600000)]
  0x000002b1a53d1000 JavaThread "jar transforms" [_thread_blocked, id=10944, stack(0x000000c97b600000,0x000000c97b700000)]
  0x000002b1a53dd800 JavaThread "jar transforms Thread 2" [_thread_blocked, id=14188, stack(0x000000c97b700000,0x000000c97b800000)]
  0x000002b1a53db800 JavaThread "jar transforms Thread 3" [_thread_blocked, id=13744, stack(0x000000c97b800000,0x000000c97b900000)]
  0x000002b1a53dc800 JavaThread "jar transforms Thread 4" [_thread_blocked, id=3908, stack(0x000000c97b900000,0x000000c97ba00000)]
  0x000002b1a53db000 JavaThread "jar transforms Thread 5" [_thread_blocked, id=9176, stack(0x000000c97ba00000,0x000000c97bb00000)]
  0x000002b1a53d9800 JavaThread "jar transforms Thread 6" [_thread_blocked, id=2176, stack(0x000000c97bb00000,0x000000c97bc00000)]
  0x000002b1a53d8800 JavaThread "jar transforms Thread 7" [_thread_blocked, id=976, stack(0x000000c97bc00000,0x000000c97bd00000)]
  0x000002b1a53da000 JavaThread "jar transforms Thread 8" [_thread_blocked, id=5816, stack(0x000000c97bd00000,0x000000c97be00000)]
  0x000002b1a7024000 JavaThread "Cache worker for execution history cache (C:\Users\ASUS\.gradle\caches\7.3.3\executionHistory)" [_thread_blocked, id=9012, stack(0x000000c97c100000,0x000000c97c200000)]
  0x000002b1a7021000 JavaThread "Cache worker for file content cache (C:\Users\ASUS\.gradle\caches\7.3.3\fileContent)" [_thread_blocked, id=5668, stack(0x000000c97c200000,0x000000c97c300000)]
  0x000002b1aa1ae800 JavaThread "Memory manager" [_thread_blocked, id=14240, stack(0x000000c901700000,0x000000c901800000)]
  0x000002b1aa1ad800 JavaThread "pool-3-thread-1" [_thread_blocked, id=10616, stack(0x000000c901900000,0x000000c901a00000)]
  0x000002b1aa1a6000 JavaThread "Daemon Thread 2" [_thread_blocked, id=13776, stack(0x000000c900000000,0x000000c900100000)]
  0x000002b1aa1a7000 JavaThread "Handler for socket connection from /127.0.0.1:49924 to /127.0.0.1:50072" [_thread_in_native, id=11684, stack(0x000000c900100000,0x000000c900200000)]
  0x000002b1aa1a9800 JavaThread "Cancel handler" [_thread_blocked, id=13888, stack(0x000000c900200000,0x000000c900300000)]
  0x000002b1aa1a7800 JavaThread "Daemon worker Thread 2" [_thread_blocked, id=10488, stack(0x000000c900300000,0x000000c900400000)]
  0x000002b1aa1a5800 JavaThread "Asynchronous log dispatcher for DefaultDaemonConnection: socket connection from /127.0.0.1:49924 to /127.0.0.1:50072" [_thread_blocked, id=11168, stack(0x000000c900400000,0x000000c900500000)]
  0x000002b1aa1ac800 JavaThread "Stdin handler" [_thread_blocked, id=13676, stack(0x000000c900500000,0x000000c900600000)]
  0x000002b1aa1ac000 JavaThread "Daemon client event forwarder" [_thread_blocked, id=12852, stack(0x000000c900600000,0x000000c900700000)]
  0x000002b1aa1ab000 JavaThread "Cache worker for file hash cache (C:\Users\ASUS\Documents\Ravi\Projects\ANDROID\BasicProjects\User_Input_Custom_List_View\.gradle\7.3.3\fileHashes)" [_thread_blocked, id=1304, stack(0x000000c900700000,0x000000c900800000)]
  0x000002b1aa1af000 JavaThread "Cache worker for checksums cache (C:\Users\ASUS\Documents\Ravi\Projects\ANDROID\BasicProjects\User_Input_Custom_List_View\.gradle\7.3.3\checksums)" [_thread_blocked, id=6120, stack(0x000000c900900000,0x000000c900a00000)]
  0x000002b1aa1b0000 JavaThread "Cache worker for cache directory md-supplier (C:\Users\ASUS\.gradle\caches\7.3.3\md-supplier)" [_thread_blocked, id=13404, stack(0x000000c900a00000,0x000000c900b00000)]
  0x000002b1aa1aa000 JavaThread "Cache worker for cache directory md-rule (C:\Users\ASUS\.gradle\caches\7.3.3\md-rule)" [_thread_blocked, id=14320, stack(0x000000c900b00000,0x000000c900c00000)]
  0x000002b1aa1b0800 JavaThread "Cache worker for dependencies-accessors (C:\Users\ASUS\Documents\Ravi\Projects\ANDROID\BasicProjects\User_Input_Custom_List_View\.gradle\7.3.3\dependencies-accessors)" [_thread_blocked, id=3420, stack(0x000000c900c00000,0x000000c900d00000)]
  0x000002b1aa1b3000 JavaThread "Cache worker for Build Output Cleanup Cache (C:\Users\ASUS\Documents\Ravi\Projects\ANDROID\BasicProjects\User_Input_Custom_List_View\.gradle\buildOutputCleanup)" [_thread_blocked, id=10956, stack(0x000000c900d00000,0x000000c900e00000)]
  0x000002b1aa1b1800 JavaThread "Unconstrained build operations" [_thread_in_vm, id=1588, stack(0x000000c900f00000,0x000000c901000000)]
  0x000002b1aa1b4000 JavaThread "Unconstrained build operations Thread 2" [_thread_blocked, id=13596, stack(0x000000c901000000,0x000000c901100000)]
  0x000002b1a7022800 JavaThread "Unconstrained build operations Thread 3" [_thread_in_native, id=12448, stack(0x000000c901100000,0x000000c901200000)]
  0x000002b1a7023800 JavaThread "Unconstrained build operations Thread 4" [_thread_blocked, id=1684, stack(0x000000c901200000,0x000000c901300000)]
  0x000002b1a7025000 JavaThread "Unconstrained build operations Thread 5" [_thread_blocked, id=13880, stack(0x000000c901300000,0x000000c901400000)]
  0x000002b1a701f800 JavaThread "Unconstrained build operations Thread 6" [_thread_blocked, id=13600, stack(0x000000c901400000,0x000000c901500000)]
  0x000002b1a7028800 JavaThread "Unconstrained build operations Thread 7" [_thread_blocked, id=10536, stack(0x000000c901600000,0x000000c901700000)]
  0x000002b1a7026800 JavaThread "Unconstrained build operations Thread 8" [_thread_blocked, id=7788, stack(0x000000c901800000,0x000000c901900000)]
  0x000002b1a702a800 JavaThread "Unconstrained build operations Thread 9" [_thread_blocked, id=12368, stack(0x000000c901c00000,0x000000c901d00000)]
  0x000002b1a7029000 JavaThread "Unconstrained build operations Thread 10" [_thread_blocked, id=10748, stack(0x000000c901d00000,0x000000c901e00000)]
  0x000002b1a702b800 JavaThread "Unconstrained build operations Thread 11" [_thread_blocked, id=13172, stack(0x000000c901e00000,0x000000c901f00000)]
  0x000002b1a702a000 JavaThread "Unconstrained build operations Thread 12" [_thread_blocked, id=3564, stack(0x000000c901f00000,0x000000c902000000)]
  0x000002b1a7026000 JavaThread "Unconstrained build operations Thread 13" [_thread_blocked, id=3132, stack(0x000000c902000000,0x000000c902100000)]
  0x000002b1a702c800 JavaThread "Unconstrained build operations Thread 14" [_thread_blocked, id=9868, stack(0x000000c902100000,0x000000c902200000)]
  0x000002b1a702d000 JavaThread "Unconstrained build operations Thread 15" [_thread_blocked, id=12496, stack(0x000000c902200000,0x000000c902300000)]
  0x000002b1a7027800 JavaThread "Unconstrained build operations Thread 16" [_thread_blocked, id=14196, stack(0x000000c902300000,0x000000c902400000)]
  0x000002b1a702e000 JavaThread "Unconstrained build operations Thread 17" [_thread_blocked, id=4388, stack(0x000000c902400000,0x000000c902500000)]
  0x000002b1aa529000 JavaThread "Unconstrained build operations Thread 18" [_thread_in_native, id=3364, stack(0x000000c902500000,0x000000c902600000)]
  0x000002b1aa526800 JavaThread "Unconstrained build operations Thread 19" [_thread_blocked, id=14208, stack(0x000000c902600000,0x000000c902700000)]
  0x000002b1aa524000 JavaThread "Unconstrained build operations Thread 20" [_thread_blocked, id=9972, stack(0x000000c902700000,0x000000c902800000)]
  0x000002b1aa528000 JavaThread "Unconstrained build operations Thread 21" [_thread_blocked, id=12412, stack(0x000000c902800000,0x000000c902900000)]
  0x000002b1aa529800 JavaThread "Unconstrained build operations Thread 22" [_thread_blocked, id=3128, stack(0x000000c902900000,0x000000c902a00000)]
  0x000002b1aa52a800 JavaThread "Unconstrained build operations Thread 23" [_thread_blocked, id=4736, stack(0x000000c902a00000,0x000000c902b00000)]
  0x000002b1aa525000 JavaThread "Unconstrained build operations Thread 24" [_thread_blocked, id=14116, stack(0x000000c902b00000,0x000000c902c00000)]
  0x000002b1a53d7800 JavaThread "Unconstrained build operations Thread 25" [_thread_blocked, id=11944, stack(0x000000c902c00000,0x000000c902d00000)]
  0x000002b1a53d3800 JavaThread "Unconstrained build operations Thread 26" [_thread_blocked, id=12396, stack(0x000000c902d00000,0x000000c902e00000)]
  0x000002b1a53d2000 JavaThread "Unconstrained build operations Thread 27" [_thread_blocked, id=14072, stack(0x000000c902e00000,0x000000c902f00000)]
  0x000002b1a53d6000 JavaThread "Unconstrained build operations Thread 28" [_thread_blocked, id=14200, stack(0x000000c902f00000,0x000000c903000000)]
  0x000002b1a53de000 JavaThread "Unconstrained build operations Thread 29" [_thread_blocked, id=3912, stack(0x000000c903000000,0x000000c903100000)]
  0x000002b1a53df000 JavaThread "Unconstrained build operations Thread 30" [_thread_blocked, id=6164, stack(0x000000c903100000,0x000000c903200000)]
  0x000002b1a37af000 JavaThread "Unconstrained build operations Thread 31" [_thread_blocked, id=11916, stack(0x000000c903200000,0x000000c903300000)]
  0x000002b1a37ab000 JavaThread "Unconstrained build operations Thread 32" [_thread_blocked, id=9876, stack(0x000000c903300000,0x000000c903400000)]
  0x000002b1a37aa000 JavaThread "Unconstrained build operations Thread 33" [_thread_blocked, id=11484, stack(0x000000c903400000,0x000000c903500000)]
  0x000002b1a37ac800 JavaThread "Unconstrained build operations Thread 34" [_thread_blocked, id=916, stack(0x000000c903500000,0x000000c903600000)]
  0x000002b1a37ad800 JavaThread "Unconstrained build operations Thread 35" [_thread_blocked, id=1760, stack(0x000000c903600000,0x000000c903700000)]
  0x000002b1a6922800 JavaThread "Unconstrained build operations Thread 36" [_thread_blocked, id=13604, stack(0x000000c903700000,0x000000c903800000)]
  0x000002b1a6920000 JavaThread "Unconstrained build operations Thread 37" [_thread_blocked, id=7816, stack(0x000000c903800000,0x000000c903900000)]
  0x000002b1a6921000 JavaThread "Unconstrained build operations Thread 38" [_thread_blocked, id=5380, stack(0x000000c903900000,0x000000c903a00000)]
  0x000002b1a691f800 JavaThread "Unconstrained build operations Thread 39" [_thread_blocked, id=12392, stack(0x000000c903a00000,0x000000c903b00000)]
  0x000002b1a691d000 JavaThread "Unconstrained build operations Thread 40" [_thread_blocked, id=3528, stack(0x000000c903b00000,0x000000c903c00000)]
  0x000002b1a6922000 JavaThread "Unconstrained build operations Thread 41" [_thread_blocked, id=6600, stack(0x000000c903c00000,0x000000c903d00000)]
  0x000002b1a6923800 JavaThread "Unconstrained build operations Thread 42" [_thread_blocked, id=12548, stack(0x000000c903d00000,0x000000c903e00000)]
  0x000002b1a691d800 JavaThread "Unconstrained build operations Thread 43" [_thread_blocked, id=13724, stack(0x000000c903e00000,0x000000c903f00000)]
  0x000002b1a6924000 JavaThread "Unconstrained build operations Thread 44" [_thread_blocked, id=14056, stack(0x000000c903f00000,0x000000c904000000)]
  0x000002b1a691e800 JavaThread "Unconstrained build operations Thread 45" [_thread_blocked, id=6864, stack(0x000000c904000000,0x000000c904100000)]
  0x000002b1a6929000 JavaThread "Unconstrained build operations Thread 46" [_thread_blocked, id=13508, stack(0x000000c904100000,0x000000c904200000)]
  0x000002b1a6925000 JavaThread "Unconstrained build operations Thread 47" [_thread_blocked, id=10544, stack(0x000000c904200000,0x000000c904300000)]
  0x000002b1a692a000 JavaThread "Unconstrained build operations Thread 48" [_thread_blocked, id=5724, stack(0x000000c904300000,0x000000c904400000)]
  0x000002b1a6928800 JavaThread "Unconstrained build operations Thread 49" [_thread_blocked, id=12524, stack(0x000000c904400000,0x000000c904500000)]
  0x000002b1a692a800 JavaThread "Unconstrained build operations Thread 50" [_thread_blocked, id=10984, stack(0x000000c904500000,0x000000c904600000)]
  0x000002b1a692b800 JavaThread "Unconstrained build operations Thread 51" [_thread_blocked, id=13760, stack(0x000000c904600000,0x000000c904700000)]
  0x000002b1a6926000 JavaThread "Unconstrained build operations Thread 52" [_thread_blocked, id=8104, stack(0x000000c904700000,0x000000c904800000)]
  0x000002b1a6926800 JavaThread "Unconstrained build operations Thread 53" [_thread_blocked, id=10556, stack(0x000000c904800000,0x000000c904900000)]
  0x000002b1a6927800 JavaThread "Unconstrained build operations Thread 54" [_thread_blocked, id=14268, stack(0x000000c904900000,0x000000c904a00000)]
  0x000002b1aa07c000 JavaThread "Unconstrained build operations Thread 55" [_thread_blocked, id=4216, stack(0x000000c904a00000,0x000000c904b00000)]
  0x000002b1aa07d000 JavaThread "Unconstrained build operations Thread 56" [_thread_blocked, id=8200, stack(0x000000c904b00000,0x000000c904c00000)]
  0x000002b1aa077800 JavaThread "Unconstrained build operations Thread 57" [_thread_blocked, id=12376, stack(0x000000c904c00000,0x000000c904d00000)]
  0x000002b1aa07a800 JavaThread "Unconstrained build operations Thread 58" [_thread_blocked, id=6568, stack(0x000000c904d00000,0x000000c904e00000)]
  0x000002b1aa07e000 JavaThread "Unconstrained build operations Thread 59" [_thread_blocked, id=2132, stack(0x000000c904e00000,0x000000c904f00000)]
  0x000002b1aa078000 JavaThread "Unconstrained build operations Thread 60" [_thread_blocked, id=11940, stack(0x000000c904f00000,0x000000c905000000)]
  0x000002b1aa079000 JavaThread "Unconstrained build operations Thread 61" [_thread_blocked, id=3700, stack(0x000000c905000000,0x000000c905100000)]
  0x000002b1aa07a000 JavaThread "Unconstrained build operations Thread 62" [_thread_blocked, id=8160, stack(0x000000c905100000,0x000000c905200000)]
  0x000002b1aa07b800 JavaThread "Unconstrained build operations Thread 63" [_thread_blocked, id=13236, stack(0x000000c905200000,0x000000c905300000)]
  0x000002b1a8a2d000 JavaThread "Unconstrained build operations Thread 64" [_thread_blocked, id=12516, stack(0x000000c905300000,0x000000c905400000)]
  0x000002b1a8a2d800 JavaThread "Unconstrained build operations Thread 65" [_thread_blocked, id=4184, stack(0x000000c905400000,0x000000c905500000)]
  0x000002b1a8a2e800 JavaThread "Unconstrained build operations Thread 66" [_thread_blocked, id=11544, stack(0x000000c905500000,0x000000c905600000)]
  0x000002b1a8a29800 JavaThread "Unconstrained build operations Thread 67" [_thread_blocked, id=1972, stack(0x000000c905600000,0x000000c905700000)]
  0x000002b1a8a2c000 JavaThread "Unconstrained build operations Thread 68" [_thread_blocked, id=7776, stack(0x000000c905700000,0x000000c905800000)]
  0x000002b1a8a2f800 JavaThread "Unconstrained build operations Thread 69" [_thread_blocked, id=5360, stack(0x000000c905800000,0x000000c905900000)]
  0x000002b1a8a30000 JavaThread "Unconstrained build operations Thread 70" [_thread_blocked, id=12792, stack(0x000000c905900000,0x000000c905a00000)]
  0x000002b1a8a2a800 JavaThread "Unconstrained build operations Thread 71" [_thread_blocked, id=3748, stack(0x000000c905a00000,0x000000c905b00000)]
  0x000002b1a8a2b800 JavaThread "Unconstrained build operations Thread 72" [_thread_blocked, id=8292, stack(0x000000c905b00000,0x000000c905c00000)]
  0x000002b1ac0b4800 JavaThread "Unconstrained build operations Thread 73" [_thread_blocked, id=2380, stack(0x000000c905c00000,0x000000c905d00000)]
  0x000002b1ac0b2000 JavaThread "Unconstrained build operations Thread 74" [_thread_blocked, id=13772, stack(0x000000c905d00000,0x000000c905e00000)]
  0x000002b1ac0b0800 JavaThread "Unconstrained build operations Thread 75" [_thread_blocked, id=2608, stack(0x000000c905e00000,0x000000c905f00000)]
  0x000002b1ac0b5800 JavaThread "Unconstrained build operations Thread 76" [_thread_blocked, id=5240, stack(0x000000c905f00000,0x000000c906000000)]
  0x000002b1ac0b1800 JavaThread "Unconstrained build operations Thread 77" [_thread_blocked, id=2020, stack(0x000000c906000000,0x000000c906100000)]
  0x000002b1ac0b3000 JavaThread "Unconstrained build operations Thread 78" [_thread_in_native, id=4148, stack(0x000000c906100000,0x000000c906200000)]
  0x000002b1ac0b0000 JavaThread "Unconstrained build operations Thread 79" [_thread_blocked, id=11076, stack(0x000000c906200000,0x000000c906300000)]
  0x000002b1ac0b6800 JavaThread "Unconstrained build operations Thread 80" [_thread_blocked, id=7140, stack(0x000000c906300000,0x000000c906400000)]
  0x000002b1ac0b7000 JavaThread "build event listener" [_thread_blocked, id=14852, stack(0x000000c900e00000,0x000000c900f00000)]
  0x000002b1ac0b8000 JavaThread "C2 CompilerThread1" daemon [_thread_in_native, id=14872, stack(0x000000c900800000,0x000000c900900000)]
=>0x000002b1ac0b9800 JavaThread "C2 CompilerThread2" daemon [_thread_in_native, id=14440, stack(0x000000c906400000,0x000000c906500000)]
  0x000002b1ac0ba800 JavaThread "build event listener" [_thread_blocked, id=14484, stack(0x000000c906500000,0x000000c906600000)]
  0x000002b1ac0bb000 JavaThread "pool-6-thread-1" [_thread_blocked, id=14528, stack(0x000000c906600000,0x000000c906700000)]
  0x000002b1ac0bc000 JavaThread "build event listener" [_thread_blocked, id=14536, stack(0x000000c906700000,0x000000c906800000)]
  0x000002b1ac0bd000 JavaThread "Execution worker for ':'" [_thread_blocked, id=1284, stack(0x000000c906800000,0x000000c906900000)]
  0x000002b1ac0bd800 JavaThread "Execution worker for ':' Thread 2" [_thread_blocked, id=12572, stack(0x000000c906900000,0x000000c906a00000)]
  0x000002b1ac0be800 JavaThread "Execution worker for ':' Thread 3" [_thread_blocked, id=14540, stack(0x000000c906a00000,0x000000c906b00000)]
  0x000002b1aa1a8800 JavaThread "Execution worker for ':' Thread 4" [_thread_blocked, id=14548, stack(0x000000c906b00000,0x000000c906c00000)]
  0x000002b1aa1b2800 JavaThread "Execution worker for ':' Thread 5" [_thread_blocked, id=14556, stack(0x000000c906c00000,0x000000c906d00000)]
  0x000002b1b0813800 JavaThread "Execution worker for ':' Thread 6" [_thread_blocked, id=14560, stack(0x000000c906d00000,0x000000c906e00000)]
  0x000002b1b0814800 JavaThread "Execution worker for ':' Thread 7" [_thread_blocked, id=14564, stack(0x000000c906e00000,0x000000c906f00000)]
  0x000002b1b0816000 JavaThread "Cache worker for execution history cache (C:\Users\ASUS\Documents\Ravi\Projects\ANDROID\BasicProjects\User_Input_Custom_List_View\.gradle\7.3.3\executionHistory)" [_thread_blocked, id=14508, stack(0x000000c906f00000,0x000000c907000000)]

Other Threads:
  0x000002b1a2cc0800 VMThread "VM Thread" [stack: 0x000000c979100000,0x000000c979200000] [id=14312]
  0x000002b1a379d000 WatcherThread [stack: 0x000000c979b00000,0x000000c979c00000] [id=11148]
  0x000002b188845000 GCTaskThread "GC Thread#0" [stack: 0x000000c978c00000,0x000000c978d00000] [id=13488]
  0x000002b1a4943800 GCTaskThread "GC Thread#1" [stack: 0x000000c979e00000,0x000000c979f00000] [id=1988]
  0x000002b1a4596000 GCTaskThread "GC Thread#2" [stack: 0x000000c979f00000,0x000000c97a000000] [id=12844]
  0x000002b1a5f7d800 GCTaskThread "GC Thread#3" [stack: 0x000000c97a900000,0x000000c97aa00000] [id=13476]
  0x000002b1a4eb6000 GCTaskThread "GC Thread#4" [stack: 0x000000c97aa00000,0x000000c97ab00000] [id=13860]
  0x000002b1a544a800 GCTaskThread "GC Thread#5" [stack: 0x000000c97ab00000,0x000000c97ac00000] [id=844]
  0x000002b1a4dde000 GCTaskThread "GC Thread#6" [stack: 0x000000c97ac00000,0x000000c97ad00000] [id=6160]
  0x000002b1a51ad000 GCTaskThread "GC Thread#7" [stack: 0x000000c97ad00000,0x000000c97ae00000] [id=13720]
  0x000002b18887a800 ConcurrentGCThread "G1 Main Marker" [stack: 0x000000c978d00000,0x000000c978e00000] [id=14176]
  0x000002b18887c800 ConcurrentGCThread "G1 Conc#0" [stack: 0x000000c978e00000,0x000000c978f00000] [id=10636]
  0x000002b1a65c4800 ConcurrentGCThread "G1 Conc#1" [stack: 0x000000c97a800000,0x000000c97a900000] [id=10572]
  0x000002b1888fc800 ConcurrentGCThread "G1 Refine#0" [stack: 0x000000c978f00000,0x000000c979000000] [id=11868]
  0x000002b1888fd800 ConcurrentGCThread "G1 Young RemSet Sampling" [stack: 0x000000c979000000,0x000000c979100000] [id=11200]

Threads with active compile tasks:
C2 CompilerThread0 180742 17754       4       org.gradle.internal.component.model.ComponentAttributeMatcher::isMatching (147 bytes)
C1 CompilerThread0 180743 17796   !   3       sun.nio.ch.IOUtil::read (129 bytes)
C2 CompilerThread1 180743 17794       4       java.util.ArrayList::remove (76 bytes)
C2 CompilerThread2 180743 17703       4       org.gradle.internal.component.model.ComponentAttributeMatcher::match (259 bytes)

VM state:not at safepoint (normal execution)

VM Mutex/Monitor currently owned by a thread: None

Heap address: 0x0000000080000000, size: 2048 MB, Compressed Oops mode: 32-bit
Narrow klass base: 0x0000000000000000, Narrow klass shift: 3
Compressed class space size: 1073741824 Address: 0x0000000100000000

Heap:
 garbage-first heap   total 227328K, used 186907K [0x0000000080000000, 0x0000000100000000)
  region size 1024K, 37 young (37888K), 5 survivors (5120K)
 Metaspace       used 146662K, capacity 149774K, committed 150144K, reserved 1179648K
  class space    used 18383K, capacity 19544K, committed 19660K, reserved 1048576K
Heap Regions: E=young(eden), S=young(survivor), O=old, HS=humongous(starts), HC=humongous(continues), CS=collection set, F=free, A=archive, TAMS=top-at-mark-start (previous, next)
|   0|0x0000000080000000, 0x0000000080100000, 0x0000000080100000|100%| O|  |TAMS 0x0000000080100000, 0x0000000080000000| Untracked 
|   1|0x0000000080100000, 0x0000000080200000, 0x0000000080200000|100%| O|  |TAMS 0x0000000080200000, 0x0000000080100000| Untracked 
|   2|0x0000000080200000, 0x0000000080300000, 0x0000000080300000|100%| O|  |TAMS 0x0000000080300000, 0x0000000080200000| Untracked 
|   3|0x0000000080300000, 0x0000000080400000, 0x0000000080400000|100%|HS|  |TAMS 0x0000000080400000, 0x0000000080300000| Complete 
|   4|0x0000000080400000, 0x0000000080500000, 0x0000000080500000|100%|HC|  |TAMS 0x0000000080500000, 0x0000000080400000| Complete 
|   5|0x0000000080500000, 0x0000000080600000, 0x0000000080600000|100%|HC|  |TAMS 0x0000000080600000, 0x0000000080500000| Complete 
|   6|0x0000000080600000, 0x0000000080700000, 0x0000000080700000|100%| O|  |TAMS 0x0000000080700000, 0x0000000080600000| Untracked 
|   7|0x0000000080700000, 0x0000000080800000, 0x0000000080800000|100%| O|  |TAMS 0x0000000080800000, 0x0000000080700000| Untracked 
|   8|0x0000000080800000, 0x0000000080900000, 0x0000000080900000|100%| O|  |TAMS 0x0000000080900000, 0x0000000080800000| Untracked 
|   9|0x0000000080900000, 0x0000000080a00000, 0x0000000080a00000|100%| O|  |TAMS 0x0000000080a00000, 0x0000000080900000| Untracked 
|  10|0x0000000080a00000, 0x0000000080b00000, 0x0000000080b00000|100%| O|  |TAMS 0x0000000080b00000, 0x0000000080a00000| Untracked 
|  11|0x0000000080b00000, 0x0000000080c00000, 0x0000000080c00000|100%| O|  |TAMS 0x0000000080c00000, 0x0000000080b00000| Untracked 
|  12|0x0000000080c00000, 0x0000000080d00000, 0x0000000080d00000|100%| O|  |TAMS 0x0000000080d00000, 0x0000000080c00000| Untracked 
|  13|0x0000000080d00000, 0x0000000080e00000, 0x0000000080e00000|100%| O|  |TAMS 0x0000000080e00000, 0x0000000080d00000| Untracked 
|  14|0x0000000080e00000, 0x0000000080f00000, 0x0000000080f00000|100%| O|  |TAMS 0x0000000080f00000, 0x0000000080e00000| Untracked 
|  15|0x0000000080f00000, 0x0000000081000000, 0x0000000081000000|100%| O|  |TAMS 0x0000000081000000, 0x0000000080f00000| Untracked 
|  16|0x0000000081000000, 0x0000000081100000, 0x0000000081100000|100%| O|  |TAMS 0x0000000081100000, 0x0000000081000000| Untracked 
|  17|0x0000000081100000, 0x0000000081200000, 0x0000000081200000|100%|HS|  |TAMS 0x0000000081200000, 0x0000000081100000| Complete 
|  18|0x0000000081200000, 0x0000000081300000, 0x0000000081300000|100%|HC|  |TAMS 0x0000000081300000, 0x0000000081200000| Complete 
|  19|0x0000000081300000, 0x0000000081400000, 0x0000000081400000|100%|HS|  |TAMS 0x0000000081400000, 0x0000000081300000| Complete 
|  20|0x0000000081400000, 0x0000000081500000, 0x0000000081500000|100%|HC|  |TAMS 0x0000000081500000, 0x0000000081400000| Complete 
|  21|0x0000000081500000, 0x0000000081600000, 0x0000000081600000|100%|HC|  |TAMS 0x0000000081600000, 0x0000000081500000| Complete 
|  22|0x0000000081600000, 0x0000000081700000, 0x0000000081700000|100%|HS|  |TAMS 0x0000000081700000, 0x0000000081600000| Complete 
|  23|0x0000000081700000, 0x0000000081800000, 0x0000000081800000|100%|HS|  |TAMS 0x0000000081800000, 0x0000000081700000| Complete 
|  24|0x0000000081800000, 0x0000000081900000, 0x0000000081900000|100%|HC|  |TAMS 0x0000000081900000, 0x0000000081800000| Complete 
|  25|0x0000000081900000, 0x0000000081a00000, 0x0000000081a00000|100%|HC|  |TAMS 0x0000000081a00000, 0x0000000081900000| Complete 
|  26|0x0000000081a00000, 0x0000000081b00000, 0x0000000081b00000|100%|HC|  |TAMS 0x0000000081b00000, 0x0000000081a00000| Complete 
|  27|0x0000000081b00000, 0x0000000081c00000, 0x0000000081c00000|100%| O|  |TAMS 0x0000000081c00000, 0x0000000081b00000| Untracked 
|  28|0x0000000081c00000, 0x0000000081d00000, 0x0000000081d00000|100%| O|  |TAMS 0x0000000081d00000, 0x0000000081c00000| Untracked 
|  29|0x0000000081d00000, 0x0000000081e00000, 0x0000000081e00000|100%| O|  |TAMS 0x0000000081e00000, 0x0000000081d00000| Untracked 
|  30|0x0000000081e00000, 0x0000000081f00000, 0x0000000081f00000|100%| O|  |TAMS 0x0000000081f00000, 0x0000000081e00000| Untracked 
|  31|0x0000000081f00000, 0x0000000082000000, 0x0000000082000000|100%| O|  |TAMS 0x0000000082000000, 0x0000000081f00000| Untracked 
|  32|0x0000000082000000, 0x0000000082100000, 0x0000000082100000|100%| O|  |TAMS 0x0000000082100000, 0x0000000082000000| Untracked 
|  33|0x0000000082100000, 0x0000000082200000, 0x0000000082200000|100%| O|  |TAMS 0x0000000082200000, 0x0000000082100000| Untracked 
|  34|0x0000000082200000, 0x0000000082300000, 0x0000000082300000|100%| O|  |TAMS 0x0000000082300000, 0x0000000082200000| Untracked 
|  35|0x0000000082300000, 0x0000000082400000, 0x0000000082400000|100%|HS|  |TAMS 0x0000000082400000, 0x0000000082300000| Complete 
|  36|0x0000000082400000, 0x0000000082500000, 0x0000000082500000|100%|HC|  |TAMS 0x0000000082500000, 0x0000000082400000| Complete 
|  37|0x0000000082500000, 0x0000000082600000, 0x0000000082600000|100%|HC|  |TAMS 0x0000000082600000, 0x0000000082500000| Complete 
|  38|0x0000000082600000, 0x0000000082700000, 0x0000000082700000|100%|HS|  |TAMS 0x0000000082700000, 0x0000000082600000| Complete 
|  39|0x0000000082700000, 0x0000000082800000, 0x0000000082800000|100%| O|  |TAMS 0x0000000082800000, 0x0000000082700000| Untracked 
|  40|0x0000000082800000, 0x0000000082900000, 0x0000000082900000|100%| O|  |TAMS 0x0000000082900000, 0x0000000082800000| Untracked 
|  41|0x0000000082900000, 0x0000000082a00000, 0x0000000082a00000|100%| O|  |TAMS 0x0000000082a00000, 0x0000000082900000| Untracked 
|  42|0x0000000082a00000, 0x0000000082b00000, 0x0000000082b00000|100%| O|  |TAMS 0x0000000082b00000, 0x0000000082a00000| Untracked 
|  43|0x0000000082b00000, 0x0000000082c00000, 0x0000000082c00000|100%| O|  |TAMS 0x0000000082c00000, 0x0000000082b00000| Untracked 
|  44|0x0000000082c00000, 0x0000000082d00000, 0x0000000082d00000|100%| O|  |TAMS 0x0000000082d00000, 0x0000000082c00000| Untracked 
|  45|0x0000000082d00000, 0x0000000082e00000, 0x0000000082e00000|100%| O|  |TAMS 0x0000000082e00000, 0x0000000082d00000| Untracked 
|  46|0x0000000082e00000, 0x0000000082f00000, 0x0000000082f00000|100%|HS|  |TAMS 0x0000000082f00000, 0x0000000082e00000| Complete 
|  47|0x0000000082f00000, 0x0000000083000000, 0x0000000083000000|100%|HC|  |TAMS 0x0000000083000000, 0x0000000082f00000| Complete 
|  48|0x0000000083000000, 0x0000000083100000, 0x0000000083100000|100%|HC|  |TAMS 0x0000000083100000, 0x0000000083000000| Complete 
|  49|0x0000000083100000, 0x0000000083200000, 0x0000000083200000|100%|HC|  |TAMS 0x0000000083200000, 0x0000000083100000| Complete 
|  50|0x0000000083200000, 0x0000000083300000, 0x0000000083300000|100%| O|  |TAMS 0x0000000083300000, 0x0000000083200000| Untracked 
|  51|0x0000000083300000, 0x0000000083400000, 0x0000000083400000|100%| O|  |TAMS 0x0000000083400000, 0x0000000083300000| Untracked 
|  52|0x0000000083400000, 0x0000000083500000, 0x0000000083500000|100%| O|  |TAMS 0x0000000083500000, 0x0000000083400000| Untracked 
|  53|0x0000000083500000, 0x0000000083600000, 0x0000000083600000|100%| O|  |TAMS 0x0000000083600000, 0x0000000083500000| Untracked 
|  54|0x0000000083600000, 0x0000000083700000, 0x0000000083700000|100%| O|  |TAMS 0x0000000083700000, 0x0000000083600000| Untracked 
|  55|0x0000000083700000, 0x0000000083800000, 0x0000000083800000|100%| O|  |TAMS 0x0000000083800000, 0x0000000083700000| Untracked 
|  56|0x0000000083800000, 0x0000000083900000, 0x0000000083900000|100%| O|  |TAMS 0x0000000083900000, 0x0000000083800000| Untracked 
|  57|0x0000000083900000, 0x0000000083a00000, 0x0000000083a00000|100%| O|  |TAMS 0x0000000083a00000, 0x0000000083900000| Untracked 
|  58|0x0000000083a00000, 0x0000000083b00000, 0x0000000083b00000|100%|HS|  |TAMS 0x0000000083b00000, 0x0000000083a00000| Complete 
|  59|0x0000000083b00000, 0x0000000083c00000, 0x0000000083c00000|100%|HS|  |TAMS 0x0000000083c00000, 0x0000000083b00000| Complete 
|  60|0x0000000083c00000, 0x0000000083d00000, 0x0000000083d00000|100%|HS|  |TAMS 0x0000000083d00000, 0x0000000083c00000| Complete 
|  61|0x0000000083d00000, 0x0000000083e00000, 0x0000000083e00000|100%|HS|  |TAMS 0x0000000083e00000, 0x0000000083d00000| Complete 
|  62|0x0000000083e00000, 0x0000000083f00000, 0x0000000083f00000|100%|HC|  |TAMS 0x0000000083f00000, 0x0000000083e00000| Complete 
|  63|0x0000000083f00000, 0x0000000084000000, 0x0000000084000000|100%|HC|  |TAMS 0x0000000084000000, 0x0000000083f00000| Complete 
|  64|0x0000000084000000, 0x0000000084100000, 0x0000000084100000|100%|HS|  |TAMS 0x0000000084100000, 0x0000000084000000| Complete 
|  65|0x0000000084100000, 0x0000000084200000, 0x0000000084200000|100%|HC|  |TAMS 0x0000000084200000, 0x0000000084100000| Complete 
|  66|0x0000000084200000, 0x0000000084300000, 0x0000000084300000|100%| O|  |TAMS 0x0000000084300000, 0x0000000084200000| Untracked 
|  67|0x0000000084300000, 0x0000000084400000, 0x0000000084400000|100%| O|  |TAMS 0x0000000084400000, 0x0000000084300000| Untracked 
|  68|0x0000000084400000, 0x0000000084500000, 0x0000000084500000|100%| O|  |TAMS 0x0000000084500000, 0x0000000084400000| Untracked 
|  69|0x0000000084500000, 0x0000000084600000, 0x0000000084600000|100%| O|  |TAMS 0x0000000084600000, 0x0000000084500000| Untracked 
|  70|0x0000000084600000, 0x0000000084700000, 0x0000000084700000|100%| O|  |TAMS 0x0000000084700000, 0x0000000084600000| Untracked 
|  71|0x0000000084700000, 0x0000000084800000, 0x0000000084800000|100%| O|  |TAMS 0x0000000084800000, 0x0000000084700000| Untracked 
|  72|0x0000000084800000, 0x0000000084900000, 0x0000000084900000|100%| O|  |TAMS 0x0000000084900000, 0x0000000084800000| Untracked 
|  73|0x0000000084900000, 0x0000000084a00000, 0x0000000084a00000|100%| O|  |TAMS 0x0000000084a00000, 0x0000000084900000| Untracked 
|  74|0x0000000084a00000, 0x0000000084b00000, 0x0000000084b00000|100%| O|  |TAMS 0x0000000084b00000, 0x0000000084a00000| Untracked 
|  75|0x0000000084b00000, 0x0000000084c00000, 0x0000000084c00000|100%| O|  |TAMS 0x0000000084c00000, 0x0000000084b00000| Untracked 
|  76|0x0000000084c00000, 0x0000000084d00000, 0x0000000084d00000|100%| O|  |TAMS 0x0000000084d00000, 0x0000000084c00000| Untracked 
|  77|0x0000000084d00000, 0x0000000084e00000, 0x0000000084e00000|100%| O|  |TAMS 0x0000000084e00000, 0x0000000084d00000| Untracked 
|  78|0x0000000084e00000, 0x0000000084f00000, 0x0000000084f00000|100%| O|  |TAMS 0x0000000084f00000, 0x0000000084e00000| Untracked 
|  79|0x0000000084f00000, 0x0000000085000000, 0x0000000085000000|100%| O|  |TAMS 0x0000000085000000, 0x0000000084f00000| Untracked 
|  80|0x0000000085000000, 0x0000000085100000, 0x0000000085100000|100%| O|  |TAMS 0x0000000085100000, 0x0000000085000000| Untracked 
|  81|0x0000000085100000, 0x0000000085200000, 0x0000000085200000|100%| O|  |TAMS 0x0000000085200000, 0x0000000085100000| Untracked 
|  82|0x0000000085200000, 0x0000000085300000, 0x0000000085300000|100%| O|  |TAMS 0x0000000085300000, 0x0000000085200000| Untracked 
|  83|0x0000000085300000, 0x0000000085400000, 0x0000000085400000|100%| O|  |TAMS 0x0000000085400000, 0x0000000085300000| Untracked 
|  84|0x0000000085400000, 0x0000000085500000, 0x0000000085500000|100%| O|  |TAMS 0x0000000085500000, 0x0000000085400000| Untracked 
|  85|0x0000000085500000, 0x0000000085600000, 0x0000000085600000|100%| O|  |TAMS 0x0000000085600000, 0x0000000085500000| Untracked 
|  86|0x0000000085600000, 0x0000000085700000, 0x0000000085700000|100%| O|  |TAMS 0x0000000085700000, 0x0000000085600000| Untracked 
|  87|0x0000000085700000, 0x0000000085800000, 0x0000000085800000|100%| O|  |TAMS 0x0000000085800000, 0x0000000085700000| Untracked 
|  88|0x0000000085800000, 0x0000000085900000, 0x0000000085900000|100%| O|  |TAMS 0x0000000085900000, 0x0000000085800000| Untracked 
|  89|0x0000000085900000, 0x0000000085a00000, 0x0000000085a00000|100%| O|  |TAMS 0x0000000085a00000, 0x0000000085900000| Untracked 
|  90|0x0000000085a00000, 0x0000000085b00000, 0x0000000085b00000|100%| O|  |TAMS 0x0000000085b00000, 0x0000000085a00000| Untracked 
|  91|0x0000000085b00000, 0x0000000085c00000, 0x0000000085c00000|100%| O|  |TAMS 0x0000000085c00000, 0x0000000085b00000| Untracked 
|  92|0x0000000085c00000, 0x0000000085d00000, 0x0000000085d00000|100%| O|  |TAMS 0x0000000085d00000, 0x0000000085c00000| Untracked 
|  93|0x0000000085d00000, 0x0000000085e00000, 0x0000000085e00000|100%| O|  |TAMS 0x0000000085e00000, 0x0000000085d00000| Untracked 
|  94|0x0000000085e00000, 0x0000000085f00000, 0x0000000085f00000|100%| O|  |TAMS 0x0000000085f00000, 0x0000000085e00000| Untracked 
|  95|0x0000000085f00000, 0x0000000086000000, 0x0000000086000000|100%| O|  |TAMS 0x0000000086000000, 0x0000000085f00000| Untracked 
|  96|0x0000000086000000, 0x0000000086100000, 0x0000000086100000|100%|HS|  |TAMS 0x0000000086100000, 0x0000000086000000| Complete 
|  97|0x0000000086100000, 0x0000000086200000, 0x0000000086200000|100%|HC|  |TAMS 0x0000000086200000, 0x0000000086100000| Complete 
|  98|0x0000000086200000, 0x0000000086300000, 0x0000000086300000|100%|HS|  |TAMS 0x0000000086300000, 0x0000000086200000| Complete 
|  99|0x0000000086300000, 0x0000000086400000, 0x0000000086400000|100%|HC|  |TAMS 0x0000000086400000, 0x0000000086300000| Complete 
| 100|0x0000000086400000, 0x0000000086500000, 0x0000000086500000|100%|HC|  |TAMS 0x0000000086500000, 0x0000000086400000| Complete 
| 101|0x0000000086500000, 0x0000000086600000, 0x0000000086600000|100%|HS|  |TAMS 0x0000000086600000, 0x0000000086500000| Complete 
| 102|0x0000000086600000, 0x0000000086700000, 0x0000000086700000|100%|HS|  |TAMS 0x0000000086700000, 0x0000000086600000| Complete 
| 103|0x0000000086700000, 0x0000000086800000, 0x0000000086800000|100%|HC|  |TAMS 0x0000000086800000, 0x0000000086700000| Complete 
| 104|0x0000000086800000, 0x0000000086900000, 0x0000000086900000|100%|HC|  |TAMS 0x0000000086900000, 0x0000000086800000| Complete 
| 105|0x0000000086900000, 0x0000000086a00000, 0x0000000086a00000|100%|HC|  |TAMS 0x0000000086a00000, 0x0000000086900000| Complete 
| 106|0x0000000086a00000, 0x0000000086b00000, 0x0000000086b00000|100%| O|  |TAMS 0x0000000086b00000, 0x0000000086a00000| Untracked 
| 107|0x0000000086b00000, 0x0000000086c00000, 0x0000000086c00000|100%| O|  |TAMS 0x0000000086b00000, 0x0000000086b00000| Untracked 
| 108|0x0000000086c00000, 0x0000000086d00000, 0x0000000086d00000|100%| O|  |TAMS 0x0000000086c00000, 0x0000000086c00000| Untracked 
| 109|0x0000000086d00000, 0x0000000086e00000, 0x0000000086e00000|100%| O|  |TAMS 0x0000000086e00000, 0x0000000086d00000| Untracked 
| 110|0x0000000086e00000, 0x0000000086f00000, 0x0000000086f00000|100%| O|  |TAMS 0x0000000086f00000, 0x0000000086e00000| Untracked 
| 111|0x0000000086f00000, 0x0000000087000000, 0x0000000087000000|100%| O|  |TAMS 0x0000000087000000, 0x0000000086f00000| Untracked 
| 112|0x0000000087000000, 0x0000000087100000, 0x0000000087100000|100%| O|  |TAMS 0x0000000087100000, 0x0000000087000000| Untracked 
| 113|0x0000000087100000, 0x0000000087200000, 0x0000000087200000|100%| O|  |TAMS 0x0000000087100000, 0x0000000087100000| Untracked 
| 114|0x0000000087200000, 0x0000000087300000, 0x0000000087300000|100%| O|  |TAMS 0x0000000087300000, 0x0000000087200000| Untracked 
| 115|0x0000000087300000, 0x0000000087400000, 0x0000000087400000|100%| O|  |TAMS 0x0000000087400000, 0x0000000087300000| Untracked 
| 116|0x0000000087400000, 0x0000000087500000, 0x0000000087500000|100%| O|  |TAMS 0x0000000087500000, 0x0000000087400000| Untracked 
| 117|0x0000000087500000, 0x0000000087600000, 0x0000000087600000|100%| O|  |TAMS 0x0000000087600000, 0x0000000087500000| Untracked 
| 118|0x0000000087600000, 0x0000000087700000, 0x0000000087700000|100%| O|  |TAMS 0x0000000087600000, 0x0000000087600000| Untracked 
| 119|0x0000000087700000, 0x0000000087800000, 0x0000000087800000|100%| O|  |TAMS 0x0000000087800000, 0x0000000087700000| Untracked 
| 120|0x0000000087800000, 0x0000000087900000, 0x0000000087900000|100%| O|  |TAMS 0x0000000087900000, 0x0000000087800000| Untracked 
| 121|0x0000000087900000, 0x0000000087a00000, 0x0000000087a00000|100%| O|  |TAMS 0x0000000087a00000, 0x0000000087900000| Untracked 
| 122|0x0000000087a00000, 0x0000000087b00000, 0x0000000087b00000|100%| O|  |TAMS 0x0000000087a48800, 0x0000000087a00000| Untracked 
| 123|0x0000000087b00000, 0x0000000087c00000, 0x0000000087c00000|100%| O|  |TAMS 0x0000000087c00000, 0x0000000087b00000| Untracked 
| 124|0x0000000087c00000, 0x0000000087d00000, 0x0000000087d00000|100%| O|  |TAMS 0x0000000087d00000, 0x0000000087c00000| Untracked 
| 125|0x0000000087d00000, 0x0000000087e00000, 0x0000000087e00000|100%| O|  |TAMS 0x0000000087d00000, 0x0000000087d00000| Untracked 
| 126|0x0000000087e00000, 0x0000000087f00000, 0x0000000087f00000|100%| O|  |TAMS 0x0000000087f00000, 0x0000000087e00000| Untracked 
| 127|0x0000000087f00000, 0x0000000088000000, 0x0000000088000000|100%| O|  |TAMS 0x0000000088000000, 0x0000000087f00000| Untracked 
| 128|0x0000000088000000, 0x0000000088100000, 0x0000000088100000|100%| O|  |TAMS 0x0000000088100000, 0x0000000088000000| Untracked 
| 129|0x0000000088100000, 0x0000000088200000, 0x0000000088200000|100%| O|  |TAMS 0x0000000088100000, 0x0000000088100000| Untracked 
| 130|0x0000000088200000, 0x00000000882d6000, 0x0000000088300000| 83%| O|  |TAMS 0x0000000088200000, 0x0000000088200000| Untracked 
| 131|0x0000000088300000, 0x0000000088300000, 0x0000000088400000|  0%| F|  |TAMS 0x0000000088300000, 0x0000000088300000| Untracked 
| 132|0x0000000088400000, 0x0000000088400000, 0x0000000088500000|  0%| F|  |TAMS 0x0000000088400000, 0x0000000088400000| Untracked 
| 133|0x0000000088500000, 0x0000000088600000, 0x0000000088600000|100%| O|  |TAMS 0x0000000088600000, 0x0000000088500000| Untracked 
| 134|0x0000000088600000, 0x0000000088700000, 0x0000000088700000|100%| O|  |TAMS 0x0000000088700000, 0x0000000088600000| Untracked 
| 135|0x0000000088700000, 0x0000000088800000, 0x0000000088800000|100%| O|  |TAMS 0x0000000088800000, 0x0000000088700000| Untracked 
| 136|0x0000000088800000, 0x0000000088900000, 0x0000000088900000|100%| O|  |TAMS 0x0000000088900000, 0x0000000088800000| Untracked 
| 137|0x0000000088900000, 0x0000000088a00000, 0x0000000088a00000|100%| O|  |TAMS 0x0000000088a00000, 0x0000000088900000| Untracked 
| 138|0x0000000088a00000, 0x0000000088a00000, 0x0000000088b00000|  0%| F|  |TAMS 0x0000000088a00000, 0x0000000088a00000| Untracked 
| 139|0x0000000088b00000, 0x0000000088b00000, 0x0000000088c00000|  0%| F|  |TAMS 0x0000000088b00000, 0x0000000088b00000| Untracked 
| 140|0x0000000088c00000, 0x0000000088d00000, 0x0000000088d00000|100%| O|  |TAMS 0x0000000088d00000, 0x0000000088c00000| Untracked 
| 141|0x0000000088d00000, 0x0000000088e00000, 0x0000000088e00000|100%| O|  |TAMS 0x0000000088e00000, 0x0000000088d00000| Untracked 
| 142|0x0000000088e00000, 0x0000000088f00000, 0x0000000088f00000|100%| O|  |TAMS 0x0000000088f00000, 0x0000000088e00000| Untracked 
| 143|0x0000000088f00000, 0x0000000089000000, 0x0000000089000000|100%| O|  |TAMS 0x0000000089000000, 0x0000000088f00000| Untracked 
| 144|0x0000000089000000, 0x0000000089100000, 0x0000000089100000|100%| O|  |TAMS 0x0000000089100000, 0x0000000089000000| Untracked 
| 145|0x0000000089100000, 0x0000000089200000, 0x0000000089200000|100%| O|  |TAMS 0x0000000089200000, 0x0000000089100000| Untracked 
| 146|0x0000000089200000, 0x0000000089300000, 0x0000000089300000|100%| O|  |TAMS 0x0000000089300000, 0x0000000089200000| Untracked 
| 147|0x0000000089300000, 0x0000000089400000, 0x0000000089400000|100%| O|  |TAMS 0x0000000089400000, 0x0000000089300000| Untracked 
| 148|0x0000000089400000, 0x0000000089500000, 0x0000000089500000|100%| O|  |TAMS 0x0000000089500000, 0x0000000089400000| Untracked 
| 149|0x0000000089500000, 0x0000000089600000, 0x0000000089600000|100%| O|  |TAMS 0x0000000089600000, 0x0000000089500000| Untracked 
| 150|0x0000000089600000, 0x0000000089700000, 0x0000000089700000|100%| O|  |TAMS 0x0000000089700000, 0x0000000089600000| Untracked 
| 151|0x0000000089700000, 0x0000000089700000, 0x0000000089800000|  0%| F|  |TAMS 0x0000000089700000, 0x0000000089700000| Untracked 
| 152|0x0000000089800000, 0x0000000089800000, 0x0000000089900000|  0%| F|  |TAMS 0x0000000089800000, 0x0000000089800000| Untracked 
| 153|0x0000000089900000, 0x0000000089900000, 0x0000000089a00000|  0%| F|  |TAMS 0x0000000089900000, 0x0000000089900000| Untracked 
| 154|0x0000000089a00000, 0x0000000089a00000, 0x0000000089b00000|  0%| F|  |TAMS 0x0000000089a00000, 0x0000000089a00000| Untracked 
| 155|0x0000000089b00000, 0x0000000089b00000, 0x0000000089c00000|  0%| F|  |TAMS 0x0000000089b00000, 0x0000000089b00000| Untracked 
| 156|0x0000000089c00000, 0x0000000089c00000, 0x0000000089d00000|  0%| F|  |TAMS 0x0000000089c00000, 0x0000000089c00000| Untracked 
| 157|0x0000000089d00000, 0x0000000089d00000, 0x0000000089e00000|  0%| F|  |TAMS 0x0000000089d00000, 0x0000000089d00000| Untracked 
| 158|0x0000000089e00000, 0x0000000089e00000, 0x0000000089f00000|  0%| F|  |TAMS 0x0000000089e00000, 0x0000000089e00000| Untracked 
| 159|0x0000000089f00000, 0x0000000089f00000, 0x000000008a000000|  0%| F|  |TAMS 0x0000000089f00000, 0x0000000089f00000| Untracked 
| 160|0x000000008a000000, 0x000000008a000000, 0x000000008a100000|  0%| F|  |TAMS 0x000000008a000000, 0x000000008a000000| Untracked 
| 161|0x000000008a100000, 0x000000008a100000, 0x000000008a200000|  0%| F|  |TAMS 0x000000008a100000, 0x000000008a100000| Untracked 
| 162|0x000000008a200000, 0x000000008a200000, 0x000000008a300000|  0%| F|  |TAMS 0x000000008a200000, 0x000000008a200000| Untracked 
| 163|0x000000008a300000, 0x000000008a300000, 0x000000008a400000|  0%| F|  |TAMS 0x000000008a300000, 0x000000008a300000| Untracked 
| 164|0x000000008a400000, 0x000000008a400000, 0x000000008a500000|  0%| F|  |TAMS 0x000000008a400000, 0x000000008a400000| Untracked 
| 165|0x000000008a500000, 0x000000008a500000, 0x000000008a600000|  0%| F|  |TAMS 0x000000008a500000, 0x000000008a500000| Untracked 
| 166|0x000000008a600000, 0x000000008a600000, 0x000000008a700000|  0%| F|  |TAMS 0x000000008a600000, 0x000000008a600000| Untracked 
| 167|0x000000008a700000, 0x000000008a700000, 0x000000008a800000|  0%| F|  |TAMS 0x000000008a700000, 0x000000008a700000| Untracked 
| 168|0x000000008a800000, 0x000000008a800000, 0x000000008a900000|  0%| F|  |TAMS 0x000000008a800000, 0x000000008a800000| Untracked 
| 169|0x000000008a900000, 0x000000008a900000, 0x000000008aa00000|  0%| F|  |TAMS 0x000000008a900000, 0x000000008a900000| Untracked 
| 170|0x000000008aa00000, 0x000000008aa00000, 0x000000008ab00000|  0%| F|  |TAMS 0x000000008aa00000, 0x000000008aa00000| Untracked 
| 171|0x000000008ab00000, 0x000000008ab00000, 0x000000008ac00000|  0%| F|  |TAMS 0x000000008ab00000, 0x000000008ab00000| Untracked 
| 172|0x000000008ac00000, 0x000000008ac00000, 0x000000008ad00000|  0%| F|  |TAMS 0x000000008ac00000, 0x000000008ac00000| Untracked 
| 173|0x000000008ad00000, 0x000000008ad00000, 0x000000008ae00000|  0%| F|  |TAMS 0x000000008ad00000, 0x000000008ad00000| Untracked 
| 174|0x000000008ae00000, 0x000000008ae00000, 0x000000008af00000|  0%| F|  |TAMS 0x000000008ae00000, 0x000000008ae00000| Untracked 
| 175|0x000000008af00000, 0x000000008af00000, 0x000000008b000000|  0%| F|  |TAMS 0x000000008af00000, 0x000000008af00000| Untracked 
| 176|0x000000008b000000, 0x000000008b000000, 0x000000008b100000|  0%| F|  |TAMS 0x000000008b000000, 0x000000008b000000| Untracked 
| 177|0x000000008b100000, 0x000000008b100000, 0x000000008b200000|  0%| F|  |TAMS 0x000000008b100000, 0x000000008b100000| Untracked 
| 178|0x000000008b200000, 0x000000008b200000, 0x000000008b300000|  0%| F|  |TAMS 0x000000008b200000, 0x000000008b200000| Untracked 
| 179|0x000000008b300000, 0x000000008b300000, 0x000000008b400000|  0%| F|  |TAMS 0x000000008b300000, 0x000000008b300000| Untracked 
| 180|0x000000008b400000, 0x000000008b400000, 0x000000008b500000|  0%| F|  |TAMS 0x000000008b400000, 0x000000008b400000| Untracked 
| 181|0x000000008b500000, 0x000000008b500000, 0x000000008b600000|  0%| F|  |TAMS 0x000000008b500000, 0x000000008b500000| Untracked 
| 182|0x000000008b600000, 0x000000008b6b0d18, 0x000000008b700000| 69%| S|CS|TAMS 0x000000008b600000, 0x000000008b600000| Complete 
| 183|0x000000008b700000, 0x000000008b800000, 0x000000008b800000|100%| S|CS|TAMS 0x000000008b700000, 0x000000008b700000| Complete 
| 184|0x000000008b800000, 0x000000008b900000, 0x000000008b900000|100%| S|CS|TAMS 0x000000008b800000, 0x000000008b800000| Complete 
| 185|0x000000008b900000, 0x000000008ba00000, 0x000000008ba00000|100%| S|CS|TAMS 0x000000008b900000, 0x000000008b900000| Complete 
| 186|0x000000008ba00000, 0x000000008bb00000, 0x000000008bb00000|100%| S|CS|TAMS 0x000000008ba00000, 0x000000008ba00000| Complete 
| 187|0x000000008bb00000, 0x000000008bb00000, 0x000000008bc00000|  0%| F|  |TAMS 0x000000008bb00000, 0x000000008bb00000| Untracked 
| 188|0x000000008bc00000, 0x000000008bc00000, 0x000000008bd00000|  0%| F|  |TAMS 0x000000008bc00000, 0x000000008bc00000| Untracked 
| 189|0x000000008bd00000, 0x000000008be00000, 0x000000008be00000|100%| E|CS|TAMS 0x000000008bd00000, 0x000000008bd00000| Complete 
| 190|0x000000008be00000, 0x000000008bf00000, 0x000000008bf00000|100%| E|CS|TAMS 0x000000008be00000, 0x000000008be00000| Complete 
| 191|0x000000008bf00000, 0x000000008c000000, 0x000000008c000000|100%| E|CS|TAMS 0x000000008bf00000, 0x000000008bf00000| Complete 
| 192|0x000000008c000000, 0x000000008c100000, 0x000000008c100000|100%| E|CS|TAMS 0x000000008c000000, 0x000000008c000000| Complete 
| 193|0x000000008c100000, 0x000000008c200000, 0x000000008c200000|100%| E|CS|TAMS 0x000000008c100000, 0x000000008c100000| Complete 
| 194|0x000000008c200000, 0x000000008c300000, 0x000000008c300000|100%| E|CS|TAMS 0x000000008c200000, 0x000000008c200000| Complete 
| 195|0x000000008c300000, 0x000000008c400000, 0x000000008c400000|100%| E|CS|TAMS 0x000000008c300000, 0x000000008c300000| Complete 
| 196|0x000000008c400000, 0x000000008c500000, 0x000000008c500000|100%| E|CS|TAMS 0x000000008c400000, 0x000000008c400000| Complete 
| 197|0x000000008c500000, 0x000000008c600000, 0x000000008c600000|100%| E|CS|TAMS 0x000000008c500000, 0x000000008c500000| Complete 
| 198|0x000000008c600000, 0x000000008c700000, 0x000000008c700000|100%| E|CS|TAMS 0x000000008c600000, 0x000000008c600000| Complete 
| 199|0x000000008c700000, 0x000000008c800000, 0x000000008c800000|100%| E|CS|TAMS 0x000000008c700000, 0x000000008c700000| Complete 
| 200|0x000000008c800000, 0x000000008c900000, 0x000000008c900000|100%| E|CS|TAMS 0x000000008c800000, 0x000000008c800000| Complete 
| 201|0x000000008c900000, 0x000000008ca00000, 0x000000008ca00000|100%| E|CS|TAMS 0x000000008c900000, 0x000000008c900000| Complete 
| 202|0x000000008ca00000, 0x000000008cb00000, 0x000000008cb00000|100%| E|CS|TAMS 0x000000008ca00000, 0x000000008ca00000| Complete 
| 203|0x000000008cb00000, 0x000000008cc00000, 0x000000008cc00000|100%| E|CS|TAMS 0x000000008cb00000, 0x000000008cb00000| Complete 
| 204|0x000000008cc00000, 0x000000008cd00000, 0x000000008cd00000|100%| E|CS|TAMS 0x000000008cc00000, 0x000000008cc00000| Complete 
| 205|0x000000008cd00000, 0x000000008ce00000, 0x000000008ce00000|100%| E|CS|TAMS 0x000000008cd00000, 0x000000008cd00000| Complete 
| 206|0x000000008ce00000, 0x000000008cf00000, 0x000000008cf00000|100%| E|CS|TAMS 0x000000008ce00000, 0x000000008ce00000| Complete 
| 207|0x000000008cf00000, 0x000000008d000000, 0x000000008d000000|100%| E|CS|TAMS 0x000000008cf00000, 0x000000008cf00000| Complete 
| 208|0x000000008d000000, 0x000000008d100000, 0x000000008d100000|100%| E|CS|TAMS 0x000000008d000000, 0x000000008d000000| Complete 
| 209|0x000000008d100000, 0x000000008d200000, 0x000000008d200000|100%| E|CS|TAMS 0x000000008d100000, 0x000000008d100000| Complete 
| 210|0x000000008d200000, 0x000000008d300000, 0x000000008d300000|100%| E|CS|TAMS 0x000000008d200000, 0x000000008d200000| Complete 
| 211|0x000000008d300000, 0x000000008d400000, 0x000000008d400000|100%| E|CS|TAMS 0x000000008d300000, 0x000000008d300000| Complete 
| 212|0x000000008d400000, 0x000000008d500000, 0x000000008d500000|100%| E|CS|TAMS 0x000000008d400000, 0x000000008d400000| Complete 
| 213|0x000000008d500000, 0x000000008d600000, 0x000000008d600000|100%| E|CS|TAMS 0x000000008d500000, 0x000000008d500000| Complete 
| 214|0x000000008d600000, 0x000000008d700000, 0x000000008d700000|100%| E|CS|TAMS 0x000000008d600000, 0x000000008d600000| Complete 
| 215|0x000000008d700000, 0x000000008d800000, 0x000000008d800000|100%| E|CS|TAMS 0x000000008d700000, 0x000000008d700000| Complete 
| 216|0x000000008d800000, 0x000000008d900000, 0x000000008d900000|100%| E|CS|TAMS 0x000000008d800000, 0x000000008d800000| Complete 
| 217|0x000000008d900000, 0x000000008da00000, 0x000000008da00000|100%| E|CS|TAMS 0x000000008d900000, 0x000000008d900000| Complete 
| 218|0x000000008da00000, 0x000000008db00000, 0x000000008db00000|100%| E|CS|TAMS 0x000000008da00000, 0x000000008da00000| Complete 
| 219|0x000000008db00000, 0x000000008dc00000, 0x000000008dc00000|100%| E|CS|TAMS 0x000000008db00000, 0x000000008db00000| Complete 
| 220|0x000000008dc00000, 0x000000008dd00000, 0x000000008dd00000|100%| E|CS|TAMS 0x000000008dc00000, 0x000000008dc00000| Complete 
| 221|0x000000008dd00000, 0x000000008de00000, 0x000000008de00000|100%| E|CS|TAMS 0x000000008dd00000, 0x000000008dd00000| Complete 

Card table byte_map: [0x000002b19ba70000,0x000002b19be70000] _byte_map_base: 0x000002b19b670000

Marking Bits (Prev, Next): (CMBitMap*) 0x000002b1888719d0, (CMBitMap*) 0x000002b188871998
 Prev Bits: [0x000002b19e270000, 0x000002b1a0270000)
 Next Bits: [0x000002b19c270000, 0x000002b19e270000)

Polling page: 0x000002b188000000

Metaspace:

Usage:
  Non-class:    127.18 MB capacity,   125.27 MB ( 99%) used,     1.55 MB (  1%) free+waste,   367.88 KB ( <1%) overhead. 
      Class:     19.09 MB capacity,    17.95 MB ( 94%) used,  1000.70 KB (  5%) free+waste,   159.50 KB ( <1%) overhead. 
       Both:    146.26 MB capacity,   143.23 MB ( 98%) used,     2.52 MB (  2%) free+waste,   527.38 KB ( <1%) overhead. 

Virtual space:
  Non-class space:      128.00 MB reserved,     127.43 MB (>99%) committed 
      Class space:        1.00 GB reserved,      19.20 MB (  2%) committed 
             Both:        1.13 GB reserved,     146.63 MB ( 13%) committed 

Chunk freelists:
   Non-Class:  0 bytes
       Class:  8.00 KB
        Both:  8.00 KB

MaxMetaspaceSize: 17179869184.00 GB
CompressedClassSpaceSize: 1.00 GB
Initial GC threshold: 20.80 MB
Current GC threshold: 221.46 MB
CDS: off

CodeHeap 'non-profiled nmethods': size=120000Kb used=12846Kb max_used=12846Kb free=107153Kb
 bounds [0x000002b193e00000, 0x000002b194a90000, 0x000002b19b330000]
CodeHeap 'profiled nmethods': size=120000Kb used=39062Kb max_used=39062Kb free=80937Kb
 bounds [0x000002b18c8d0000, 0x000002b18ef00000, 0x000002b193e00000]
CodeHeap 'non-nmethods': size=5760Kb used=2466Kb max_used=2537Kb free=3293Kb
 bounds [0x000002b18c330000, 0x000002b18c5c0000, 0x000002b18c8d0000]
 total_blobs=17847 nmethods=16851 adapters=906
 compilation: enabled
              stopped_count=0, restarted_count=0
 full_count=0

Compilation events (20 events):
Event: 180.640 Thread 0x000002b1a2ce8000 17733       4       org.gradle.internal.component.external.model.DefaultConfigurationMetadata::getCapabilities (28 bytes)
Event: 180.640 Thread 0x000002b1a2cea000 17734       3       org.gradle.internal.component.external.model.LazyVariantBackedConfigurationMetadata$RuleAwareVariant::getName (10 bytes)
Event: 180.640 Thread 0x000002b1a2cea000 nmethod 17734 0x000002b18eece890 code [0x000002b18eecea40, 0x000002b18eecec08]
Event: 180.641 Thread 0x000002b1a2cea000 17735       3       java.util.LinkedList::linkBefore (63 bytes)
Event: 180.642 Thread 0x000002b1ac0b8000 nmethod 17726 0x000002b194a86210 code [0x000002b194a863c0, 0x000002b194a865f8]
Event: 180.642 Thread 0x000002b1a2cea000 nmethod 17735 0x000002b18eeced10 code [0x000002b18eecef00, 0x000002b18eecf3b8]
Event: 180.642 Thread 0x000002b1a2cea000 17736       3       org.gradle.internal.component.model.DefaultSelectedByVariantMatchingConfigurationMetadata::getVariants (10 bytes)
Event: 180.642 Thread 0x000002b1a2cea000 nmethod 17736 0x000002b18eecf510 code [0x000002b18eecf6c0, 0x000002b18eecf888]
Event: 180.643 Thread 0x000002b1a2cea000 17737       3       org.gradle.internal.component.external.model.AbstractVariantBackedConfigurationMetadata::getArtifacts (10 bytes)
Event: 180.643 Thread 0x000002b1a2cea000 nmethod 17737 0x000002b18eecf990 code [0x000002b18eecfb40, 0x000002b18eecfd08]
Event: 180.643 Thread 0x000002b1a2cea000 17738       3       org.gradle.internal.component.external.model.MetadataSourcedComponentArtifacts::getArtifactsFor (45 bytes)
Event: 180.643 Thread 0x000002b1a2cea000 nmethod 17738 0x000002b18eecfe10 code [0x000002b18eed0020, 0x000002b18eed0598]
Event: 180.643 Thread 0x000002b1a2ce8000 nmethod 17733 0x000002b194a86710 code [0x000002b194a868a0, 0x000002b194a86a38]
Event: 180.650 Thread 0x000002b1ac0b8000 17739   !   4       org.gradle.api.internal.artifacts.ivyservice.resolveengine.store.DefaultBinaryStore::write (127 bytes)
Event: 180.651 Thread 0x000002b1a2cea000 17740       3       java.util.Collections$2::forEachRemaining (7 bytes)
Event: 180.652 Thread 0x000002b1a2cea000 nmethod 17740 0x000002b18eed0790 code [0x000002b18eed0940, 0x000002b18eed0a88]
Event: 180.656 Thread 0x000002b1a2cea000 17741       3       org.gradle.api.internal.artifacts.ivyservice.resolveengine.result.CachingComponentSelectionDescriptorFactory$$Lambda$797/0x0000000100b44040::get$Lambda (10 bytes)
Event: 180.657 Thread 0x000002b1a2ce8000 17744       4       com.google.common.collect.AbstractMapBasedMultimap::<init> (19 bytes)
Event: 180.657 Thread 0x000002b1a2cea000 nmethod 17741 0x000002b18eed0b10 code [0x000002b18eed0ce0, 0x000002b18eed0f98]
Event: 180.657 Thread 0x000002b1a2cea000 17743   !   3       org.gradle.api.internal.artifacts.ivyservice.resolveengine.result.CachingComponentSelectionDescriptorFactory::getOrCreate (41 bytes)

GC Heap History (20 events):
Event: 176.748 GC heap before
{Heap before GC invocations=106 (full 0):
 garbage-first heap   total 189440K, used 162527K [0x0000000080000000, 0x0000000100000000)
  region size 1024K, 19 young (19456K), 2 survivors (2048K)
 Metaspace       used 130976K, capacity 134008K, committed 134272K, reserved 1167360K
  class space    used 16211K, capacity 17296K, committed 17356K, reserved 1048576K
}
Event: 176.753 GC heap after
{Heap after GC invocations=107 (full 0):
 garbage-first heap   total 189440K, used 145807K [0x0000000080000000, 0x0000000100000000)
  region size 1024K, 3 young (3072K), 3 survivors (3072K)
 Metaspace       used 130976K, capacity 134008K, committed 134272K, reserved 1167360K
  class space    used 16211K, capacity 17296K, committed 17356K, reserved 1048576K
}
Event: 176.906 GC heap before
{Heap before GC invocations=107 (full 0):
 garbage-first heap   total 189440K, used 151951K [0x0000000080000000, 0x0000000100000000)
  region size 1024K, 9 young (9216K), 3 survivors (3072K)
 Metaspace       used 131907K, capacity 134904K, committed 135168K, reserved 1167360K
  class space    used 16336K, capacity 17424K, committed 17484K, reserved 1048576K
}
Event: 176.911 GC heap after
{Heap after GC invocations=108 (full 0):
 garbage-first heap   total 189440K, used 143892K [0x0000000080000000, 0x0000000100000000)
  region size 1024K, 2 young (2048K), 2 survivors (2048K)
 Metaspace       used 131907K, capacity 134904K, committed 135168K, reserved 1167360K
  class space    used 16336K, capacity 17424K, committed 17484K, reserved 1048576K
}
Event: 177.185 GC heap before
{Heap before GC invocations=108 (full 0):
 garbage-first heap   total 189440K, used 162324K [0x0000000080000000, 0x0000000100000000)
  region size 1024K, 20 young (20480K), 2 survivors (2048K)
 Metaspace       used 132482K, capacity 135442K, committed 135808K, reserved 1167360K
  class space    used 16417K, capacity 17494K, committed 17612K, reserved 1048576K
}
Event: 177.193 GC heap after
{Heap after GC invocations=109 (full 0):
 garbage-first heap   total 189440K, used 145609K [0x0000000080000000, 0x0000000100000000)
  region size 1024K, 3 young (3072K), 3 survivors (3072K)
 Metaspace       used 132482K, capacity 135442K, committed 135808K, reserved 1167360K
  class space    used 16417K, capacity 17494K, committed 17612K, reserved 1048576K
}
Event: 177.367 GC heap before
{Heap before GC invocations=109 (full 0):
 garbage-first heap   total 189440K, used 163017K [0x0000000080000000, 0x0000000100000000)
  region size 1024K, 20 young (20480K), 3 survivors (3072K)
 Metaspace       used 132591K, capacity 135604K, committed 135808K, reserved 1167360K
  class space    used 16424K, capacity 17528K, committed 17612K, reserved 1048576K
}
Event: 177.372 GC heap after
{Heap after GC invocations=110 (full 0):
 garbage-first heap   total 189440K, used 147295K [0x0000000080000000, 0x0000000100000000)
  region size 1024K, 2 young (2048K), 2 survivors (2048K)
 Metaspace       used 132591K, capacity 135604K, committed 135808K, reserved 1167360K
  class space    used 16424K, capacity 17528K, committed 17612K, reserved 1048576K
}
Event: 177.739 GC heap before
{Heap before GC invocations=111 (full 0):
 garbage-first heap   total 189440K, used 163679K [0x0000000080000000, 0x0000000100000000)
  region size 1024K, 18 young (18432K), 2 survivors (2048K)
 Metaspace       used 135076K, capacity 138079K, committed 138240K, reserved 1169408K
  class space    used 16775K, capacity 17883K, committed 17996K, reserved 1048576K
}
Event: 177.744 GC heap after
{Heap after GC invocations=112 (full 0):
 garbage-first heap   total 189440K, used 148068K [0x0000000080000000, 0x0000000100000000)
  region size 1024K, 3 young (3072K), 3 survivors (3072K)
 Metaspace       used 135076K, capacity 138079K, committed 138240K, reserved 1169408K
  class space    used 16775K, capacity 17883K, committed 17996K, reserved 1048576K
}
Event: 178.157 GC heap before
{Heap before GC invocations=112 (full 0):
 garbage-first heap   total 189440K, used 163428K [0x0000000080000000, 0x0000000100000000)
  region size 1024K, 18 young (18432K), 3 survivors (3072K)
 Metaspace       used 137647K, capacity 140766K, committed 141056K, reserved 1171456K
  class space    used 17244K, capacity 18375K, committed 18508K, reserved 1048576K
}
Event: 178.161 GC heap after
{Heap after GC invocations=113 (full 0):
 garbage-first heap   total 189440K, used 149049K [0x0000000080000000, 0x0000000100000000)
  region size 1024K, 3 young (3072K), 3 survivors (3072K)
 Metaspace       used 137647K, capacity 140766K, committed 141056K, reserved 1171456K
  class space    used 17244K, capacity 18375K, committed 18508K, reserved 1048576K
}
Event: 178.501 GC heap before
{Heap before GC invocations=113 (full 0):
 garbage-first heap   total 189440K, used 164409K [0x0000000080000000, 0x0000000100000000)
  region size 1024K, 18 young (18432K), 3 survivors (3072K)
 Metaspace       used 139064K, capacity 142114K, committed 142208K, reserved 1173504K
  class space    used 17430K, capacity 18546K, committed 18636K, reserved 1048576K
}
Event: 178.507 GC heap after
{Heap after GC invocations=114 (full 0):
 garbage-first heap   total 189440K, used 150439K [0x0000000080000000, 0x0000000100000000)
  region size 1024K, 3 young (3072K), 3 survivors (3072K)
 Metaspace       used 139064K, capacity 142114K, committed 142208K, reserved 1173504K
  class space    used 17430K, capacity 18546K, committed 18636K, reserved 1048576K
}
Event: 178.918 GC heap before
{Heap before GC invocations=114 (full 0):
 garbage-first heap   total 189440K, used 164775K [0x0000000080000000, 0x0000000100000000)
  region size 1024K, 17 young (17408K), 3 survivors (3072K)
 Metaspace       used 140385K, capacity 143417K, committed 143616K, reserved 1173504K
  class space    used 17626K, capacity 18744K, committed 18764K, reserved 1048576K
}
Event: 178.923 GC heap after
{Heap after GC invocations=115 (full 0):
 garbage-first heap   total 189440K, used 151217K [0x0000000080000000, 0x0000000100000000)
  region size 1024K, 3 young (3072K), 3 survivors (3072K)
 Metaspace       used 140385K, capacity 143417K, committed 143616K, reserved 1173504K
  class space    used 17626K, capacity 18744K, committed 18764K, reserved 1048576K
}
Event: 179.303 GC heap before
{Heap before GC invocations=115 (full 0):
 garbage-first heap   total 189440K, used 165553K [0x0000000080000000, 0x0000000100000000)
  region size 1024K, 17 young (17408K), 3 survivors (3072K)
 Metaspace       used 142140K, capacity 145259K, committed 145536K, reserved 1175552K
  class space    used 17908K, capacity 19048K, committed 19148K, reserved 1048576K
}
Event: 179.309 GC heap after
{Heap after GC invocations=116 (full 0):
 garbage-first heap   total 227328K, used 152068K [0x0000000080000000, 0x0000000100000000)
  region size 1024K, 2 young (2048K), 2 survivors (2048K)
 Metaspace       used 142140K, capacity 145259K, committed 145536K, reserved 1175552K
  class space    used 17908K, capacity 19048K, committed 19148K, reserved 1048576K
}
Event: 180.030 GC heap before
{Heap before GC invocations=116 (full 0):
 garbage-first heap   total 227328K, used 186884K [0x0000000080000000, 0x0000000100000000)
  region size 1024K, 37 young (37888K), 2 survivors (2048K)
 Metaspace       used 144810K, capacity 147954K, committed 148096K, reserved 1177600K
  class space    used 18205K, capacity 19320K, committed 19404K, reserved 1048576K
}
Event: 180.039 GC heap after
{Heap after GC invocations=117 (full 0):
 garbage-first heap   total 227328K, used 155163K [0x0000000080000000, 0x0000000100000000)
  region size 1024K, 5 young (5120K), 5 survivors (5120K)
 Metaspace       used 144810K, capacity 147954K, committed 148096K, reserved 1177600K
  class space    used 18205K, capacity 19320K, committed 19404K, reserved 1048576K
}

Deoptimization events (20 events):
Event: 180.452 Thread 0x000002b1aa1a7800 Uncommon trap: trap_request=0xffffffde fr.pc=0x000002b1947a3a44 relative=0x0000000000001764
Event: 180.452 Thread 0x000002b1aa1a7800 Uncommon trap: reason=class_check action=maybe_recompile pc=0x000002b1947a3a44 method=org.gradle.internal.snapshot.AbstractListChildMap.store(Lorg/gradle/internal/snapshot/VfsRelativePath;Lorg/gradle/internal/snapshot/CaseSensitivity;Lorg/gradle/internal/
Event: 180.452 Thread 0x000002b1aa1a7800 DEOPT PACKING pc=0x000002b1947a3a44 sp=0x000000c9003fabd0
Event: 180.452 Thread 0x000002b1aa1a7800 DEOPT UNPACKING pc=0x000002b18c37a1af sp=0x000000c9003fabd0 mode 2
Event: 180.452 Thread 0x000002b1aa1a7800 Uncommon trap: trap_request=0xffffffc6 fr.pc=0x000002b19479c70c relative=0x0000000000000dcc
Event: 180.452 Thread 0x000002b1aa1a7800 Uncommon trap: reason=bimorphic_or_optimized_type_check action=maybe_recompile pc=0x000002b19479c70c method=org.gradle.internal.snapshot.AbstractListChildMap.withReplacedChild(ILjava/lang/String;Ljava/lang/Object;)Lorg/gradle/internal/snapshot/ChildMap; @
Event: 180.452 Thread 0x000002b1aa1a7800 DEOPT PACKING pc=0x000002b19479c70c sp=0x000000c9003facf0
Event: 180.452 Thread 0x000002b1aa1a7800 DEOPT UNPACKING pc=0x000002b18c37a1af sp=0x000000c9003faca8 mode 2
Event: 180.457 Thread 0x000002b1a53d7000 Uncommon trap: trap_request=0xffffff4d fr.pc=0x000002b1949c93e8 relative=0x0000000000000528
Event: 180.457 Thread 0x000002b1a53d7000 Uncommon trap: reason=unstable_if action=reinterpret pc=0x000002b1949c93e8 method=org.gradle.internal.file.FileHierarchySet$Node.isChildOfOrThis(Ljava/lang/String;I)Z @ 35 c2
Event: 180.457 Thread 0x000002b1a53d7000 DEOPT PACKING pc=0x000002b1949c93e8 sp=0x000000c97b5feaa0
Event: 180.457 Thread 0x000002b1a53d7000 DEOPT UNPACKING pc=0x000002b18c37a1af sp=0x000000c97b5fea20 mode 2
Event: 180.458 Thread 0x000002b1aa1a7800 Uncommon trap: trap_request=0xffffffc6 fr.pc=0x000002b1947885c8 relative=0x0000000000002268
Event: 180.458 Thread 0x000002b1aa1a7800 Uncommon trap: reason=bimorphic_or_optimized_type_check action=maybe_recompile pc=0x000002b1947885c8 method=org.gradle.internal.snapshot.RootTrackingFileSystemSnapshotHierarchyVisitor.visitEntry(Lorg/gradle/internal/snapshot/FileSystemLocationSnapshot;)Lo
Event: 180.458 Thread 0x000002b1aa1a7800 DEOPT PACKING pc=0x000002b1947885c8 sp=0x000000c9003f9750
Event: 180.458 Thread 0x000002b1aa1a7800 DEOPT UNPACKING pc=0x000002b18c37a1af sp=0x000000c9003f9740 mode 2
Event: 180.459 Thread 0x000002b1a53d7000 Uncommon trap: trap_request=0xffffff4d fr.pc=0x000002b19479c648 relative=0x0000000000000d08
Event: 180.459 Thread 0x000002b1a53d7000 Uncommon trap: reason=unstable_if action=reinterpret pc=0x000002b19479c648 method=org.gradle.internal.snapshot.AbstractListChildMap.withReplacedChild(ILjava/lang/String;Ljava/lang/Object;)Lorg/gradle/internal/snapshot/ChildMap; @ 36 c2
Event: 180.459 Thread 0x000002b1a53d7000 DEOPT PACKING pc=0x000002b19479c648 sp=0x000000c97b5fdf60
Event: 180.459 Thread 0x000002b1a53d7000 DEOPT UNPACKING pc=0x000002b18c37a1af sp=0x000000c97b5fdf20 mode 2

Classes redefined (0 events):
No events

Internal exceptions (20 events):
Event: 178.796 Thread 0x000002b1aa1a7800 Exception <a 'sun/nio/fs/WindowsException'{0x000000008b0f0f08}> (0x000000008b0f0f08) thrown at [./src/hotspot/share/prims/jni.cpp, line 615]
Event: 178.970 Thread 0x000002b1aa1a7800 Exception <a 'java/lang/NullPointerException'{0x000000008b63e4d0}> (0x000000008b63e4d0) thrown at [./src/hotspot/share/interpreter/linkResolver.cpp, line 1440]
Event: 179.352 Thread 0x000002b1aa1a7800 Exception <a 'sun/nio/fs/WindowsException'{0x000000008dcbce58}> (0x000000008dcbce58) thrown at [./src/hotspot/share/prims/jni.cpp, line 615]
Event: 179.352 Thread 0x000002b1aa1a7800 Exception <a 'sun/nio/fs/WindowsException'{0x000000008dcbe1d0}> (0x000000008dcbe1d0) thrown at [./src/hotspot/share/prims/jni.cpp, line 615]
Event: 179.352 Thread 0x000002b1aa1a7800 Exception <a 'sun/nio/fs/WindowsException'{0x000000008dcbf598}> (0x000000008dcbf598) thrown at [./src/hotspot/share/prims/jni.cpp, line 615]
Event: 179.352 Thread 0x000002b1aa1a7800 Exception <a 'sun/nio/fs/WindowsException'{0x000000008dcc0960}> (0x000000008dcc0960) thrown at [./src/hotspot/share/prims/jni.cpp, line 615]
Event: 179.383 Thread 0x000002b1aa1a7800 Implicit null exception at 0x000002b194a0cbee to 0x000002b194a0d358
Event: 179.504 Thread 0x000002b1aa1a7800 Implicit null exception at 0x000002b194a28ec3 to 0x000002b194a2981c
Event: 179.759 Thread 0x000002b1aa1a7800 Exception <a 'java/lang/NoSuchMethodError'{0x000000008c61c178}: 'java.lang.Object java.lang.invoke.Invokers$Holder.linkToTargetMethod(java.lang.Object, int, int, java.lang.Object)'> (0x000000008c61c178) thrown at [./src/hotspot/share/interpreter/linkResolver.cpp, line 773]
Event: 180.183 Thread 0x000002b1aa1a7800 Exception <a 'java/lang/NoSuchMethodError'{0x000000008d736c68}: <clinit>> (0x000000008d736c68) thrown at [./src/hotspot/share/prims/jni.cpp, line 1365]
Event: 180.193 Thread 0x000002b1aa1a7800 Exception <a 'java/lang/NoSuchMethodError'{0x000000008d75f930}: <clinit>> (0x000000008d75f930) thrown at [./src/hotspot/share/prims/jni.cpp, line 1365]
Event: 180.234 Thread 0x000002b1aa1a7800 Exception <a 'sun/nio/fs/WindowsException'{0x000000008d57f7c0}> (0x000000008d57f7c0) thrown at [./src/hotspot/share/prims/jni.cpp, line 615]
Event: 180.252 Thread 0x000002b1ac0ba800 Exception <a 'java/lang/NoSuchMethodError'{0x000000008d360068}: <clinit>> (0x000000008d360068) thrown at [./src/hotspot/share/prims/jni.cpp, line 1365]
Event: 180.256 Thread 0x000002b1ac0ba800 Exception <a 'java/lang/NoSuchMethodError'{0x000000008d3ac360}: <clinit>> (0x000000008d3ac360) thrown at [./src/hotspot/share/prims/jni.cpp, line 1365]
Event: 180.260 Thread 0x000002b1ac0ba800 Exception <a 'java/lang/NoSuchMethodError'{0x000000008d3cab08}: <clinit>> (0x000000008d3cab08) thrown at [./src/hotspot/share/prims/jni.cpp, line 1365]
Event: 180.314 Thread 0x000002b1aa1a7800 Exception <a 'java/lang/NoSuchMethodError'{0x000000008d16be98}: 'java.lang.Object java.lang.invoke.DirectMethodHandle$Holder.invokeInterface(java.lang.Object, java.lang.Object, int)'> (0x000000008d16be98) thrown at [./src/hotspot/share/interpreter/linkResolver.cpp, line 773]
Event: 180.315 Thread 0x000002b1aa1ac000 Exception <a 'java/lang/NoSuchMethodError'{0x000000008d1b66f8}: <clinit>> (0x000000008d1b66f8) thrown at [./src/hotspot/share/prims/jni.cpp, line 1365]
Event: 180.317 Thread 0x000002b1aa1a7800 Exception <a 'java/lang/NoSuchMethodError'{0x000000008d181368}: 'void java.lang.invoke.DirectMethodHandle$Holder.invokeStatic(java.lang.Object, java.lang.Object, java.lang.Object, int)'> (0x000000008d181368) thrown at [./src/hotspot/share/interpreter/linkResolver.cpp, line 773]
Event: 180.436 Thread 0x000002b1aa1a7800 Implicit null exception at 0x000002b19411cef7 to 0x000002b19411d090
Event: 180.455 Thread 0x000002b1aa1ac000 Exception <a 'java/lang/NoSuchMethodError'{0x000000008ce92420}: <clinit>> (0x000000008ce92420) thrown at [./src/hotspot/share/prims/jni.cpp, line 1365]

Events (20 events):
Event: 180.456 loading class org/gradle/internal/watch/registry/impl/DefaultFileWatcherRegistry$3
Event: 180.456 loading class org/gradle/internal/watch/registry/impl/DefaultFileWatcherRegistry$3 done
Event: 180.456 loading class org/gradle/internal/watch/registry/FileWatcherRegistry$Type
Event: 180.456 loading class org/gradle/internal/watch/registry/FileWatcherRegistry$Type done
Event: 180.457 loading class org/gradle/internal/watch/registry/FileWatcherRegistry$Type
Event: 180.457 loading class org/gradle/internal/watch/registry/FileWatcherRegistry$Type done
Event: 180.457 loading class org/gradle/internal/snapshot/SnapshotHierarchy
Event: 180.457 loading class org/gradle/internal/snapshot/SnapshotHierarchy done
Event: 180.457 loading class org/gradle/internal/watch/vfs/impl/WatchingVirtualFileSystem$3
Event: 180.457 loading class org/gradle/internal/watch/vfs/impl/WatchingVirtualFileSystem$3 done
Event: 180.458 loading class org/gradle/internal/snapshot/FileSystemNode
Event: 180.458 loading class org/gradle/internal/snapshot/FileSystemNode done
Event: 180.458 loading class org/gradle/internal/snapshot/SnapshotHierarchy$NodeDiffListener
Event: 180.458 loading class org/gradle/internal/snapshot/SnapshotHierarchy$NodeDiffListener done
Event: 180.458 loading class org/gradle/internal/snapshot/SnapshotHierarchy
Event: 180.458 loading class org/gradle/internal/snapshot/SnapshotHierarchy done
Event: 180.458 loading class org/gradle/internal/snapshot/SnapshotHierarchy
Event: 180.458 loading class org/gradle/internal/snapshot/SnapshotHierarchy done
Event: 180.459 loading class org/gradle/internal/watch/vfs/impl/WatchingVirtualFileSystem$VfsChangeLoggingNodeDiffListener
Event: 180.459 loading class org/gradle/internal/watch/vfs/impl/WatchingVirtualFileSystem$VfsChangeLoggingNodeDiffListener done


Dynamic libraries:
0x00007ff73f4b0000 - 0x00007ff73f4ba000 	C:\Program Files\Android\Android Studio1\jre\bin\java.exe
0x00007ff8ce610000 - 0x00007ff8ce824000 	C:\WINDOWS\SYSTEM32\ntdll.dll
0x00007ff8ccc40000 - 0x00007ff8ccd03000 	C:\WINDOWS\System32\KERNEL32.DLL
0x00007ff8cbf40000 - 0x00007ff8cc2dd000 	C:\WINDOWS\System32\KERNELBASE.dll
0x00007ff8cbd70000 - 0x00007ff8cbe81000 	C:\WINDOWS\System32\ucrtbase.dll
0x00007ff8b6440000 - 0x00007ff8b6457000 	C:\Program Files\Android\Android Studio1\jre\bin\VCRUNTIME140.dll
0x00007ff8b63f0000 - 0x00007ff8b6409000 	C:\Program Files\Android\Android Studio1\jre\bin\jli.dll
0x00007ff8cd650000 - 0x00007ff8cd7fd000 	C:\WINDOWS\System32\USER32.dll
0x00007ff8af370000 - 0x00007ff8af5fe000 	C:\WINDOWS\WinSxS\amd64_microsoft.windows.common-controls_6595b64144ccf1df_6.0.22621.608_none_a9444ca7c10bb01d\COMCTL32.dll
0x00007ff8cbf10000 - 0x00007ff8cbf36000 	C:\WINDOWS\System32\win32u.dll
0x00007ff8ce4f0000 - 0x00007ff8ce597000 	C:\WINDOWS\System32\msvcrt.dll
0x00007ff8cd800000 - 0x00007ff8cd829000 	C:\WINDOWS\System32\GDI32.dll
0x00007ff8cc2e0000 - 0x00007ff8cc3f2000 	C:\WINDOWS\System32\gdi32full.dll
0x00007ff8cbba0000 - 0x00007ff8cbc3a000 	C:\WINDOWS\System32\msvcp_win.dll
0x00007ff8ccd10000 - 0x00007ff8ccd42000 	C:\WINDOWS\System32\IMM32.DLL
0x00007ff8b56b0000 - 0x00007ff8b574d000 	C:\Program Files\Android\Android Studio1\jre\bin\msvcp140.dll
0x00007ff84fde0000 - 0x00007ff8508c5000 	C:\Program Files\Android\Android Studio1\jre\bin\server\jvm.dll
0x00007ff8cce80000 - 0x00007ff8ccf2e000 	C:\WINDOWS\System32\ADVAPI32.dll
0x00007ff8ccdd0000 - 0x00007ff8cce74000 	C:\WINDOWS\System32\sechost.dll
0x00007ff8cd410000 - 0x00007ff8cd525000 	C:\WINDOWS\System32\RPCRT4.dll
0x00007ff8ce210000 - 0x00007ff8ce218000 	C:\WINDOWS\System32\PSAPI.DLL
0x00007ff8934c0000 - 0x00007ff8934c9000 	C:\WINDOWS\SYSTEM32\WSOCK32.dll
0x00007ff8c42a0000 - 0x00007ff8c42d4000 	C:\WINDOWS\SYSTEM32\WINMM.dll
0x00007ff8c43b0000 - 0x00007ff8c43ba000 	C:\WINDOWS\SYSTEM32\VERSION.dll
0x00007ff8ccd50000 - 0x00007ff8ccdc1000 	C:\WINDOWS\System32\WS2_32.dll
0x00007ff8cab70000 - 0x00007ff8cab88000 	C:\WINDOWS\SYSTEM32\kernel.appcore.dll
0x00007ff891240000 - 0x00007ff891251000 	C:\Program Files\Android\Android Studio1\jre\bin\verify.dll
0x00007ff8c9480000 - 0x00007ff8c96ae000 	C:\WINDOWS\SYSTEM32\DBGHELP.DLL
0x00007ff8cdac0000 - 0x00007ff8cde4a000 	C:\WINDOWS\System32\combase.dll
0x00007ff8ce130000 - 0x00007ff8ce207000 	C:\WINDOWS\System32\OLEAUT32.dll
0x00007ff8b67e0000 - 0x00007ff8b6812000 	C:\WINDOWS\SYSTEM32\dbgcore.DLL
0x00007ff8cbe90000 - 0x00007ff8cbf0b000 	C:\WINDOWS\System32\bcryptPrimitives.dll
0x00007ff891210000 - 0x00007ff891239000 	C:\Program Files\Android\Android Studio1\jre\bin\java.dll
0x00007ff893280000 - 0x00007ff89328b000 	C:\Program Files\Android\Android Studio1\jre\bin\jimage.dll
0x00007ff891020000 - 0x00007ff891038000 	C:\Program Files\Android\Android Studio1\jre\bin\zip.dll
0x00007ff8cc400000 - 0x00007ff8ccbef000 	C:\WINDOWS\System32\SHELL32.dll
0x00007ff8c9a50000 - 0x00007ff8ca318000 	C:\WINDOWS\SYSTEM32\windows.storage.dll
0x00007ff8c9910000 - 0x00007ff8c9a4e000 	C:\WINDOWS\SYSTEM32\wintypes.dll
0x00007ff8ce3e0000 - 0x00007ff8ce4d1000 	C:\WINDOWS\System32\SHCORE.dll
0x00007ff8ccf30000 - 0x00007ff8ccf8e000 	C:\WINDOWS\System32\shlwapi.dll
0x00007ff8cb960000 - 0x00007ff8cb981000 	C:\WINDOWS\SYSTEM32\profapi.dll
0x00007ff891000000 - 0x00007ff89101a000 	C:\Program Files\Android\Android Studio1\jre\bin\net.dll
0x00007ff8c40b0000 - 0x00007ff8c41df000 	C:\WINDOWS\SYSTEM32\WINHTTP.dll
0x00007ff8cafe0000 - 0x00007ff8cb049000 	C:\WINDOWS\system32\mswsock.dll
0x00007ff890fe0000 - 0x00007ff890ff4000 	C:\Program Files\Android\Android Studio1\jre\bin\nio.dll
0x00007ff845b60000 - 0x00007ff845b87000 	C:\Users\ASUS\.gradle\native\e1d6ef7f7dcc3fd88c89a11ec53ec762bb8ba0a96d01ffa2cd45eb1d1d8dd5c5\windows-amd64\native-platform.dll
0x00007ff8b5560000 - 0x00007ff8b56a4000 	C:\Users\ASUS\.gradle\native\5664cfc778a61ccfe75a443a1ab52a65af34e5dc3c78e0209fed803814484fcb\windows-amd64\native-platform-file-events.dll
0x00007ff890fd0000 - 0x00007ff890fda000 	C:\Program Files\Android\Android Studio1\jre\bin\management.dll
0x00007ff868390000 - 0x00007ff86839d000 	C:\Program Files\Android\Android Studio1\jre\bin\management_ext.dll
0x00007ff8cb240000 - 0x00007ff8cb25b000 	C:\WINDOWS\SYSTEM32\CRYPTSP.dll
0x00007ff8caae0000 - 0x00007ff8cab15000 	C:\WINDOWS\system32\rsaenh.dll
0x00007ff8cb0d0000 - 0x00007ff8cb0f8000 	C:\WINDOWS\SYSTEM32\USERENV.dll
0x00007ff8cb3f0000 - 0x00007ff8cb418000 	C:\WINDOWS\SYSTEM32\bcrypt.dll
0x00007ff8cb230000 - 0x00007ff8cb23c000 	C:\WINDOWS\SYSTEM32\CRYPTBASE.dll
0x00007ff8ca5e0000 - 0x00007ff8ca60d000 	C:\WINDOWS\SYSTEM32\IPHLPAPI.DLL
0x00007ff8cda30000 - 0x00007ff8cda39000 	C:\WINDOWS\System32\NSI.dll
0x00007ff8c43c0000 - 0x00007ff8c43d9000 	C:\WINDOWS\SYSTEM32\dhcpcsvc6.DLL
0x00007ff8c4030000 - 0x00007ff8c404f000 	C:\WINDOWS\SYSTEM32\dhcpcsvc.DLL
0x00007ff8ca650000 - 0x00007ff8ca742000 	C:\WINDOWS\SYSTEM32\DNSAPI.dll
0x00007ff8b2e30000 - 0x00007ff8b2e57000 	C:\Program Files\Android\Android Studio1\jre\bin\sunec.dll
0x00007ff8c1860000 - 0x00007ff8c186a000 	C:\Windows\System32\rasadhlp.dll
0x00007ff8c3870000 - 0x00007ff8c38f3000 	C:\WINDOWS\System32\fwpuclnt.dll

dbghelp: loaded successfully - version: 4.0.5 - missing functions: none
symbol engine: initialized successfully - sym options: 0x614 - pdb path: .;C:\Program Files\Android\Android Studio1\jre\bin;C:\WINDOWS\SYSTEM32;C:\WINDOWS\WinSxS\amd64_microsoft.windows.common-controls_6595b64144ccf1df_6.0.22621.608_none_a9444ca7c10bb01d;C:\Program Files\Android\Android Studio1\jre\bin\server;C:\Users\ASUS\.gradle\native\e1d6ef7f7dcc3fd88c89a11ec53ec762bb8ba0a96d01ffa2cd45eb1d1d8dd5c5\windows-amd64;C:\Users\ASUS\.gradle\native\5664cfc778a61ccfe75a443a1ab52a65af34e5dc3c78e0209fed803814484fcb\windows-amd64

VM Arguments:
jvm_args: --add-opens=java.base/java.util=ALL-UNNAMED --add-opens=java.base/java.lang=ALL-UNNAMED --add-opens=java.base/java.lang.invoke=ALL-UNNAMED --add-opens=java.base/java.util=ALL-UNNAMED --add-opens=java.prefs/java.util.prefs=ALL-UNNAMED --add-opens=java.prefs/java.util.prefs=ALL-UNNAMED --add-opens=java.base/java.nio.charset=ALL-UNNAMED --add-opens=java.base/java.net=ALL-UNNAMED --add-opens=java.base/java.util.concurrent.atomic=ALL-UNNAMED -Xmx2048m -Dfile.encoding=UTF-8 -Duser.country=IN -Duser.language=en -Duser.variant 
java_command: org.gradle.launcher.daemon.bootstrap.GradleDaemon 7.3.3
java_class_path (initial): C:\Users\ASUS\.gradle\wrapper\dists\gradle-7.3.3-bin\6a41zxkdtcxs8rphpq6y0069z\gradle-7.3.3\lib\gradle-launcher-7.3.3.jar
Launcher Type: SUN_STANDARD

[Global flags]
     intx CICompilerCount                          = 4                                         {product} {ergonomic}
     uint ConcGCThreads                            = 2                                         {product} {ergonomic}
     uint G1ConcRefinementThreads                  = 8                                         {product} {ergonomic}
   size_t G1HeapRegionSize                         = 1048576                                   {product} {ergonomic}
    uintx GCDrainStackTargetSize                   = 64                                        {product} {ergonomic}
   size_t InitialHeapSize                          = 134217728                                 {product} {ergonomic}
   size_t MarkStackSize                            = 4194304                                   {product} {ergonomic}
   size_t MaxHeapSize                              = 2147483648                                {product} {command line}
   size_t MaxNewSize                               = 1287651328                                {product} {ergonomic}
   size_t MinHeapDeltaBytes                        = 1048576                                   {product} {ergonomic}
    uintx NonNMethodCodeHeapSize                   = 5836300                                {pd product} {ergonomic}
    uintx NonProfiledCodeHeapSize                  = 122910970                              {pd product} {ergonomic}
    uintx ProfiledCodeHeapSize                     = 122910970                              {pd product} {ergonomic}
    uintx ReservedCodeCacheSize                    = 251658240                              {pd product} {ergonomic}
     bool SegmentedCodeCache                       = true                                      {product} {ergonomic}
     bool UseCompressedClassPointers               = true                                 {lp64_product} {ergonomic}
     bool UseCompressedOops                        = true                                 {lp64_product} {ergonomic}
     bool UseG1GC                                  = true                                      {product} {ergonomic}
     bool UseLargePagesIndividualAllocation        = false                                  {pd product} {ergonomic}

Logging:
Log output configuration:
 #0: stdout all=warning uptime,level,tags
 #1: stderr all=off uptime,level,tags

Environment Variables:
JAVA_HOME=C:\Program Files\Java\jdk-15.0.1
PATH=C:\Program Files (x86)\VMware\VMware Player\bin\;C:\Python39\Scripts\;C:\Python39\;C:\Program Files\Common Files\Oracle\Java\javapath;C:\oraclexe\app\oracle\product\10.2.0\server\bin;C:\WINDOWS\system32;C:\WINDOWS;C:\WINDOWS\System32\Wbem;C:\WINDOWS\System32\WindowsPowerShell\v1.0\;C:\WINDOWS\System32\OpenSSH\;C:\Program Files\dotnet\;C:\ProgramData\chocolatey\bin;C:\Program Files\Java\jdk-19\bin;C:\Program Files\Git\cmd;C:\MinGW\bin;C:\Program Files\nodejs\;C:\Program Files\MySQL\MySQL Shell 8.0\bin\;C:\Users\ASUS\AppData\Local\Microsoft\WindowsApps;C:\Program Files\Java\jdk-11.0.4\bin;C:\Users\ASUS\AppData\Local\Programs\Microsoft VS Code\bin;C:\Users\ASUS\AppData\Local\GitHubDesktop\bin;C:\Program Files\JetBrains\IntelliJ IDEA Community Edition 2021.2\bin;C:\Users\ASUS\Documents\Ravi\My_Notes\docs\PHP\php;C:\Users\ASUS\AppData\Local\atom\bin;C:\Program Files\heroku\bin;C:\Users\ASUS\AppData\Roaming\npm;%USERPROFILE%\AppData\Local\Microsoft\WindowsApps;
USERNAME=ASUS
OS=Windows_NT
PROCESSOR_IDENTIFIER=Intel64 Family 6 Model 142 Stepping 10, GenuineIntel



---------------  S Y S T E M  ---------------

OS: Windows 10 , 64 bit Build 22621 (10.0.22621.1105)
OS uptime: 0 days 0:06 hours

CPU:total 8 (initial active 8) (4 cores per cpu, 2 threads per core) family 6 model 142 stepping 10 microcode 0xe0, cmov, cx8, fxsr, mmx, sse, sse2, sse3, ssse3, sse4.1, sse4.2, popcnt, avx, avx2, aes, clmul, erms, 3dnowpref, lzcnt, ht, tsc, tscinvbit, bmi1, bmi2, adx, fma

Memory: 4k page, system-wide physical 8074M (1395M free)
TotalPageFile size 8074M (AvailPageFile size 2M)
current process WorkingSet (physical memory assigned to process): 613M, peak: 613M
current process commit charge ("private bytes"): 656M, peak: 657M

vm_info: OpenJDK 64-Bit Server VM (11.0.12+7-b1504.28-7817840) for windows-amd64 JRE (11.0.12+7-b1504.28-7817840), built on Oct 13 2021 22:12:33 by "builder" with MS VC++ 14.0 (VS2015)

END.
