#
# There is insufficient memory for the Java Runtime Environment to continue.
# Native memory allocation (malloc) failed to allocate 1098816 bytes for Chunk::new
# Possible reasons:
#   The system is out of physical RAM or swap space
#   The process is running with CompressedOops enabled, and the Java Heap may be blocking the growth of the native heap
# Possible solutions:
#   Reduce memory load on the system
#   Increase physical memory or swap space
#   Check if swap backing store is full
#   Decrease Java heap size (-Xmx/-Xms)
#   Decrease number of Java threads
#   Decrease Java thread stack sizes (-Xss)
#   Set larger code cache with -XX:ReservedCodeCacheSize=
#   JVM is running with Unscaled Compressed Oops mode in which the Java heap is
#     placed in the first 4GB address space. The Java Heap base address is the
#     maximum limit for the native heap growth. Please use -XX:HeapBaseMinAddress
#     to set the Java Heap base and to place the Java Heap above 4GB virtual address.
# This output file may be truncated or incomplete.
#
#  Out of Memory Error (./src/hotspot/share/memory/arena.cpp:197), pid=13888, tid=2996
#
# JRE version: OpenJDK Runtime Environment (11.0.12+7) (build 11.0.12+7-b1504.28-7817840)
# Java VM: OpenJDK 64-Bit Server VM (11.0.12+7-b1504.28-7817840, mixed mode, tiered, compressed oops, g1 gc, windows-amd64)
# No core dump will be written. Minidumps are not enabled by default on client versions of Windows
#

---------------  S U M M A R Y ------------

Command Line: --add-opens=java.base/java.util=ALL-UNNAMED --add-opens=java.base/java.lang=ALL-UNNAMED --add-opens=java.base/java.lang.invoke=ALL-UNNAMED --add-opens=java.base/java.util=ALL-UNNAMED --add-opens=java.prefs/java.util.prefs=ALL-UNNAMED --add-opens=java.prefs/java.util.prefs=ALL-UNNAMED --add-opens=java.base/java.nio.charset=ALL-UNNAMED --add-opens=java.base/java.net=ALL-UNNAMED --add-opens=java.base/java.util.concurrent.atomic=ALL-UNNAMED -Xmx2048m -Dfile.encoding=UTF-8 -Duser.country=IN -Duser.language=en -Duser.variant org.gradle.launcher.daemon.bootstrap.GradleDaemon 7.3.3

Host: Intel(R) Core(TM) i5-8250U CPU @ 1.60GHz, 8 cores, 7G,  Windows 10 , 64 bit Build 22621 (10.0.22621.1105)
Time: Wed Jan 25 12:49:50 2023 India Standard Time elapsed time: 3.327572 seconds (0d 0h 0m 3s)

---------------  T H R E A D  ---------------

Current thread (0x000001d2fa391000):  JavaThread "C2 CompilerThread0" daemon [_thread_in_native, id=2996, stack(0x0000004076c00000,0x0000004076d00000)]


Current CompileTask:
C2:   3327 1975       4       java.net.URLClassLoader$1::run (5 bytes)

Stack: [0x0000004076c00000,0x0000004076d00000]
Native frames: (J=compiled Java code, j=interpreted, Vv=VM code, C=native code)
V  [jvm.dll+0x5fbcea]
V  [jvm.dll+0x731905]
V  [jvm.dll+0x732f1d]
V  [jvm.dll+0x7335d3]
V  [jvm.dll+0x247bf8]
V  [jvm.dll+0xc018c]
V  [jvm.dll+0xc06cc]
V  [jvm.dll+0x2bcc04]
V  [jvm.dll+0x5113a8]
V  [jvm.dll+0x208303]
V  [jvm.dll+0x201fe0]
V  [jvm.dll+0x1ff71f]
V  [jvm.dll+0x18868c]
V  [jvm.dll+0x20e0d7]
V  [jvm.dll+0x20c901]
V  [jvm.dll+0x6f9b7f]
V  [jvm.dll+0x6f26a5]
V  [jvm.dll+0x5fabf6]
C  [ucrtbase.dll+0x29363]
C  [KERNEL32.DLL+0x126bd]
C  [ntdll.dll+0x5dfb8]


---------------  P R O C E S S  ---------------

Threads class SMR info:
_java_thread_list=0x000001d2fcc86250, length=24, elements={
0x000001d2df57e800, 0x000001d2f9a14000, 0x000001d2f9a1f000, 0x000001d2fa382800,
0x000001d2fa383800, 0x000001d2fa388000, 0x000001d2fa391000, 0x000001d2f9a2f000,
0x000001d2f9a30000, 0x000001d2fa4e8000, 0x000001d2fc395800, 0x000001d2fc4c0800,
0x000001d2fbc7b000, 0x000001d2fc505800, 0x000001d2fa73e800, 0x000001d2fbdd3000,
0x000001d2fce89800, 0x000001d2fb865800, 0x000001d2fc30b000, 0x000001d2fb642000,
0x000001d2fc2e0800, 0x000001d2fc2e3800, 0x000001d2fc2e4800, 0x000001d2fc2e1800
}

Java Threads: ( => current thread )
  0x000001d2df57e800 JavaThread "main" [_thread_blocked, id=2600, stack(0x0000004076000000,0x0000004076100000)]
  0x000001d2f9a14000 JavaThread "Reference Handler" daemon [_thread_blocked, id=12412, stack(0x0000004076700000,0x0000004076800000)]
  0x000001d2f9a1f000 JavaThread "Finalizer" daemon [_thread_blocked, id=8824, stack(0x0000004076800000,0x0000004076900000)]
  0x000001d2fa382800 JavaThread "Signal Dispatcher" daemon [_thread_blocked, id=7880, stack(0x0000004076900000,0x0000004076a00000)]
  0x000001d2fa383800 JavaThread "Attach Listener" daemon [_thread_blocked, id=14788, stack(0x0000004076a00000,0x0000004076b00000)]
  0x000001d2fa388000 JavaThread "Service Thread" daemon [_thread_blocked, id=2572, stack(0x0000004076b00000,0x0000004076c00000)]
=>0x000001d2fa391000 JavaThread "C2 CompilerThread0" daemon [_thread_in_native, id=2996, stack(0x0000004076c00000,0x0000004076d00000)]
  0x000001d2f9a2f000 JavaThread "C1 CompilerThread0" daemon [_thread_blocked, id=2568, stack(0x0000004076d00000,0x0000004076e00000)]
  0x000001d2f9a30000 JavaThread "Sweeper thread" daemon [_thread_blocked, id=14804, stack(0x0000004076e00000,0x0000004076f00000)]
  0x000001d2fa4e8000 JavaThread "Common-Cleaner" daemon [_thread_blocked, id=1556, stack(0x0000004076f00000,0x0000004077000000)]
  0x000001d2fc395800 JavaThread "Daemon health stats" [_thread_blocked, id=11916, stack(0x0000004077500000,0x0000004077600000)]
  0x000001d2fc4c0800 JavaThread "Incoming local TCP Connector on port 50185" [_thread_in_native, id=7504, stack(0x0000004077100000,0x0000004077200000)]
  0x000001d2fbc7b000 JavaThread "Daemon periodic checks" [_thread_blocked, id=14640, stack(0x0000004077200000,0x0000004077300000)]
  0x000001d2fc505800 JavaThread "Daemon" [_thread_blocked, id=8264, stack(0x0000004077700000,0x0000004077800000)]
  0x000001d2fa73e800 JavaThread "Handler for socket connection from /127.0.0.1:50185 to /127.0.0.1:50188" [_thread_in_native, id=14636, stack(0x0000004077800000,0x0000004077900000)]
  0x000001d2fbdd3000 JavaThread "Cancel handler" [_thread_blocked, id=12432, stack(0x0000004077900000,0x0000004077a00000)]
  0x000001d2fce89800 JavaThread "Daemon worker" [_thread_in_vm, id=13476, stack(0x0000004077a00000,0x0000004077b00000)]
  0x000001d2fb865800 JavaThread "C2 CompilerThread1" daemon [_thread_blocked, id=7988, stack(0x0000004077b00000,0x0000004077c00000)]
  0x000001d2fc30b000 JavaThread "Asynchronous log dispatcher for DefaultDaemonConnection: socket connection from /127.0.0.1:50185 to /127.0.0.1:50188" [_thread_blocked, id=14564, stack(0x0000004077c00000,0x0000004077d00000)]
  0x000001d2fb642000 JavaThread "Stdin handler" [_thread_blocked, id=14404, stack(0x0000004077d00000,0x0000004077e00000)]
  0x000001d2fc2e0800 JavaThread "Daemon client event forwarder" [_thread_in_Java, id=14372, stack(0x0000004077e00000,0x0000004077f00000)]
  0x000001d2fc2e3800 JavaThread "Cache worker for journal cache (C:\Users\ASUS\.gradle\caches\journal-1)" [_thread_blocked, id=14588, stack(0x0000004077f00000,0x0000004078000000)]
  0x000001d2fc2e4800 JavaThread "File lock request listener" [_thread_in_native, id=13284, stack(0x0000004078000000,0x0000004078100000)]
  0x000001d2fc2e1800 JavaThread "Cache worker for file hash cache (C:\Users\ASUS\.gradle\caches\7.3.3\fileHashes)" [_thread_blocked, id=14800, stack(0x0000004078100000,0x0000004078200000)]

Other Threads:
  0x000001d2f9a0e000 VMThread "VM Thread" [stack: 0x0000004076600000,0x0000004076700000] [id=6440]
  0x000001d2fa502000 WatcherThread [stack: 0x0000004077000000,0x0000004077100000] [id=7872]
  0x000001d2df597000 GCTaskThread "GC Thread#0" [stack: 0x0000004076100000,0x0000004076200000] [id=2364]
  0x000001d2fb55d800 GCTaskThread "GC Thread#1" [stack: 0x0000004077300000,0x0000004077400000] [id=11928]
  0x000001d2fb4ea800 GCTaskThread "GC Thread#2" [stack: 0x0000004077400000,0x0000004077500000] [id=13572]
  0x000001d2fd301000 GCTaskThread "GC Thread#3" [stack: 0x0000004077600000,0x0000004077700000] [id=13724]
  0x000001d2fcbce800 GCTaskThread "GC Thread#4" [stack: 0x0000004078200000,0x0000004078300000] [id=14796]
  0x000001d2fb5a9000 GCTaskThread "GC Thread#5" [stack: 0x0000004078300000,0x0000004078400000] [id=10728]
  0x000001d2fbeb9000 GCTaskThread "GC Thread#6" [stack: 0x0000004078400000,0x0000004078500000] [id=15044]
  0x000001d2fcbaa800 GCTaskThread "GC Thread#7" [stack: 0x0000004078500000,0x0000004078600000] [id=14480]
  0x000001d2df5c9000 ConcurrentGCThread "G1 Main Marker" [stack: 0x0000004076200000,0x0000004076300000] [id=12692]
  0x000001d2df5cb000 ConcurrentGCThread "G1 Conc#0" [stack: 0x0000004076300000,0x0000004076400000] [id=976]
  0x000001d2fcf43800 ConcurrentGCThread "G1 Conc#1" [stack: 0x0000004078600000,0x0000004078700000] [id=13600]
  0x000001d2df64d800 ConcurrentGCThread "G1 Refine#0" [stack: 0x0000004076400000,0x0000004076500000] [id=3824]
  0x000001d2df64e800 ConcurrentGCThread "G1 Young RemSet Sampling" [stack: 0x0000004076500000,0x0000004076600000] [id=920]

Threads with active compile tasks:
C2 CompilerThread0   3353 1975       4       java.net.URLClassLoader$1::run (5 bytes)

VM state:not at safepoint (normal execution)

VM Mutex/Monitor currently owned by a thread: None

Heap address: 0x0000000080000000, size: 2048 MB, Compressed Oops mode: 32-bit
Narrow klass base: 0x0000000000000000, Narrow klass shift: 3
Compressed class space size: 1073741824 Address: 0x0000000100000000

Heap:
 garbage-first heap   total 131072K, used 48003K [0x0000000080000000, 0x0000000100000000)
  region size 1024K, 33 young (33792K), 2 survivors (2048K)
 Metaspace       used 24000K, capacity 24531K, committed 24832K, reserved 1071104K
  class space    used 3045K, capacity 3250K, committed 3328K, reserved 1048576K
Heap Regions: E=young(eden), S=young(survivor), O=old, HS=humongous(starts), HC=humongous(continues), CS=collection set, F=free, A=archive, TAMS=top-at-mark-start (previous, next)
|   0|0x0000000080000000, 0x0000000080100000, 0x0000000080100000|100%| O|  |TAMS 0x0000000080100000, 0x0000000080000000| Untracked 
|   1|0x0000000080100000, 0x0000000080200000, 0x0000000080200000|100%| O|  |TAMS 0x0000000080200000, 0x0000000080100000| Untracked 
|   2|0x0000000080200000, 0x0000000080300000, 0x0000000080300000|100%| O|  |TAMS 0x0000000080300000, 0x0000000080200000| Untracked 
|   3|0x0000000080300000, 0x0000000080400000, 0x0000000080400000|100%|HS|  |TAMS 0x0000000080400000, 0x0000000080300000| Complete 
|   4|0x0000000080400000, 0x0000000080500000, 0x0000000080500000|100%|HC|  |TAMS 0x0000000080500000, 0x0000000080400000| Complete 
|   5|0x0000000080500000, 0x0000000080600000, 0x0000000080600000|100%|HC|  |TAMS 0x0000000080600000, 0x0000000080500000| Complete 
|   6|0x0000000080600000, 0x0000000080700000, 0x0000000080700000|100%| O|  |TAMS 0x0000000080700000, 0x0000000080600000| Untracked 
|   7|0x0000000080700000, 0x0000000080800000, 0x0000000080800000|100%| O|  |TAMS 0x0000000080800000, 0x0000000080700000| Untracked 
|   8|0x0000000080800000, 0x0000000080900000, 0x0000000080900000|100%| O|  |TAMS 0x0000000080900000, 0x0000000080800000| Untracked 
|   9|0x0000000080900000, 0x0000000080a00000, 0x0000000080a00000|100%| O|  |TAMS 0x0000000080a00000, 0x0000000080900000| Untracked 
|  10|0x0000000080a00000, 0x0000000080b00000, 0x0000000080b00000|100%| O|  |TAMS 0x0000000080b00000, 0x0000000080a00000| Untracked 
|  11|0x0000000080b00000, 0x0000000080c00000, 0x0000000080c00000|100%| O|  |TAMS 0x0000000080c00000, 0x0000000080b00000| Untracked 
|  12|0x0000000080c00000, 0x0000000080d00000, 0x0000000080d00000|100%| O|  |TAMS 0x0000000080d00000, 0x0000000080c00000| Untracked 
|  13|0x0000000080d00000, 0x0000000080e00000, 0x0000000080e00000|100%| O|  |TAMS 0x0000000080e00000, 0x0000000080d00000| Untracked 
|  14|0x0000000080e00000, 0x0000000080ee2400, 0x0000000080f00000| 88%| O|  |TAMS 0x0000000080ee2400, 0x0000000080e00000| Untracked 
|  15|0x0000000080f00000, 0x0000000080f00000, 0x0000000081000000|  0%| F|  |TAMS 0x0000000080f00000, 0x0000000080f00000| Untracked 
|  16|0x0000000081000000, 0x0000000081000000, 0x0000000081100000|  0%| F|  |TAMS 0x0000000081000000, 0x0000000081000000| Untracked 
|  17|0x0000000081100000, 0x0000000081100000, 0x0000000081200000|  0%| F|  |TAMS 0x0000000081100000, 0x0000000081100000| Untracked 
|  18|0x0000000081200000, 0x0000000081200000, 0x0000000081300000|  0%| F|  |TAMS 0x0000000081200000, 0x0000000081200000| Untracked 
|  19|0x0000000081300000, 0x0000000081300000, 0x0000000081400000|  0%| F|  |TAMS 0x0000000081300000, 0x0000000081300000| Untracked 
|  20|0x0000000081400000, 0x0000000081400000, 0x0000000081500000|  0%| F|  |TAMS 0x0000000081400000, 0x0000000081400000| Untracked 
|  21|0x0000000081500000, 0x0000000081500000, 0x0000000081600000|  0%| F|  |TAMS 0x0000000081500000, 0x0000000081500000| Untracked 
|  22|0x0000000081600000, 0x0000000081600000, 0x0000000081700000|  0%| F|  |TAMS 0x0000000081600000, 0x0000000081600000| Untracked 
|  23|0x0000000081700000, 0x0000000081700000, 0x0000000081800000|  0%| F|  |TAMS 0x0000000081700000, 0x0000000081700000| Untracked 
|  24|0x0000000081800000, 0x0000000081800000, 0x0000000081900000|  0%| F|  |TAMS 0x0000000081800000, 0x0000000081800000| Untracked 
|  25|0x0000000081900000, 0x0000000081900000, 0x0000000081a00000|  0%| F|  |TAMS 0x0000000081900000, 0x0000000081900000| Untracked 
|  26|0x0000000081a00000, 0x0000000081a00000, 0x0000000081b00000|  0%| F|  |TAMS 0x0000000081a00000, 0x0000000081a00000| Untracked 
|  27|0x0000000081b00000, 0x0000000081b00000, 0x0000000081c00000|  0%| F|  |TAMS 0x0000000081b00000, 0x0000000081b00000| Untracked 
|  28|0x0000000081c00000, 0x0000000081c00000, 0x0000000081d00000|  0%| F|  |TAMS 0x0000000081c00000, 0x0000000081c00000| Untracked 
|  29|0x0000000081d00000, 0x0000000081d00000, 0x0000000081e00000|  0%| F|  |TAMS 0x0000000081d00000, 0x0000000081d00000| Untracked 
|  30|0x0000000081e00000, 0x0000000081e00000, 0x0000000081f00000|  0%| F|  |TAMS 0x0000000081e00000, 0x0000000081e00000| Untracked 
|  31|0x0000000081f00000, 0x0000000081f00000, 0x0000000082000000|  0%| F|  |TAMS 0x0000000081f00000, 0x0000000081f00000| Untracked 
|  32|0x0000000082000000, 0x0000000082000000, 0x0000000082100000|  0%| F|  |TAMS 0x0000000082000000, 0x0000000082000000| Untracked 
|  33|0x0000000082100000, 0x0000000082100000, 0x0000000082200000|  0%| F|  |TAMS 0x0000000082100000, 0x0000000082100000| Untracked 
|  34|0x0000000082200000, 0x0000000082200000, 0x0000000082300000|  0%| F|  |TAMS 0x0000000082200000, 0x0000000082200000| Untracked 
|  35|0x0000000082300000, 0x0000000082300000, 0x0000000082400000|  0%| F|  |TAMS 0x0000000082300000, 0x0000000082300000| Untracked 
|  36|0x0000000082400000, 0x0000000082400000, 0x0000000082500000|  0%| F|  |TAMS 0x0000000082400000, 0x0000000082400000| Untracked 
|  37|0x0000000082500000, 0x0000000082500000, 0x0000000082600000|  0%| F|  |TAMS 0x0000000082500000, 0x0000000082500000| Untracked 
|  38|0x0000000082600000, 0x0000000082600000, 0x0000000082700000|  0%| F|  |TAMS 0x0000000082600000, 0x0000000082600000| Untracked 
|  39|0x0000000082700000, 0x0000000082700000, 0x0000000082800000|  0%| F|  |TAMS 0x0000000082700000, 0x0000000082700000| Untracked 
|  40|0x0000000082800000, 0x0000000082800000, 0x0000000082900000|  0%| F|  |TAMS 0x0000000082800000, 0x0000000082800000| Untracked 
|  41|0x0000000082900000, 0x0000000082900000, 0x0000000082a00000|  0%| F|  |TAMS 0x0000000082900000, 0x0000000082900000| Untracked 
|  42|0x0000000082a00000, 0x0000000082a00000, 0x0000000082b00000|  0%| F|  |TAMS 0x0000000082a00000, 0x0000000082a00000| Untracked 
|  43|0x0000000082b00000, 0x0000000082b00000, 0x0000000082c00000|  0%| F|  |TAMS 0x0000000082b00000, 0x0000000082b00000| Untracked 
|  44|0x0000000082c00000, 0x0000000082c00000, 0x0000000082d00000|  0%| F|  |TAMS 0x0000000082c00000, 0x0000000082c00000| Untracked 
|  45|0x0000000082d00000, 0x0000000082d00000, 0x0000000082e00000|  0%| F|  |TAMS 0x0000000082d00000, 0x0000000082d00000| Untracked 
|  46|0x0000000082e00000, 0x0000000082e00000, 0x0000000082f00000|  0%| F|  |TAMS 0x0000000082e00000, 0x0000000082e00000| Untracked 
|  47|0x0000000082f00000, 0x0000000082f00000, 0x0000000083000000|  0%| F|  |TAMS 0x0000000082f00000, 0x0000000082f00000| Untracked 
|  48|0x0000000083000000, 0x0000000083000000, 0x0000000083100000|  0%| F|  |TAMS 0x0000000083000000, 0x0000000083000000| Untracked 
|  49|0x0000000083100000, 0x0000000083100000, 0x0000000083200000|  0%| F|  |TAMS 0x0000000083100000, 0x0000000083100000| Untracked 
|  50|0x0000000083200000, 0x0000000083200000, 0x0000000083300000|  0%| F|  |TAMS 0x0000000083200000, 0x0000000083200000| Untracked 
|  51|0x0000000083300000, 0x0000000083300000, 0x0000000083400000|  0%| F|  |TAMS 0x0000000083300000, 0x0000000083300000| Untracked 
|  52|0x0000000083400000, 0x0000000083400000, 0x0000000083500000|  0%| F|  |TAMS 0x0000000083400000, 0x0000000083400000| Untracked 
|  53|0x0000000083500000, 0x0000000083500000, 0x0000000083600000|  0%| F|  |TAMS 0x0000000083500000, 0x0000000083500000| Untracked 
|  54|0x0000000083600000, 0x0000000083600000, 0x0000000083700000|  0%| F|  |TAMS 0x0000000083600000, 0x0000000083600000| Untracked 
|  55|0x0000000083700000, 0x0000000083700000, 0x0000000083800000|  0%| F|  |TAMS 0x0000000083700000, 0x0000000083700000| Untracked 
|  56|0x0000000083800000, 0x0000000083800000, 0x0000000083900000|  0%| F|  |TAMS 0x0000000083800000, 0x0000000083800000| Untracked 
|  57|0x0000000083900000, 0x0000000083900000, 0x0000000083a00000|  0%| F|  |TAMS 0x0000000083900000, 0x0000000083900000| Untracked 
|  58|0x0000000083a00000, 0x0000000083a00000, 0x0000000083b00000|  0%| F|  |TAMS 0x0000000083a00000, 0x0000000083a00000| Untracked 
|  59|0x0000000083b00000, 0x0000000083b00000, 0x0000000083c00000|  0%| F|  |TAMS 0x0000000083b00000, 0x0000000083b00000| Untracked 
|  60|0x0000000083c00000, 0x0000000083c00000, 0x0000000083d00000|  0%| F|  |TAMS 0x0000000083c00000, 0x0000000083c00000| Untracked 
|  61|0x0000000083d00000, 0x0000000083d00000, 0x0000000083e00000|  0%| F|  |TAMS 0x0000000083d00000, 0x0000000083d00000| Untracked 
|  62|0x0000000083e00000, 0x0000000083e00000, 0x0000000083f00000|  0%| F|  |TAMS 0x0000000083e00000, 0x0000000083e00000| Untracked 
|  63|0x0000000083f00000, 0x0000000083f00000, 0x0000000084000000|  0%| F|  |TAMS 0x0000000083f00000, 0x0000000083f00000| Untracked 
|  64|0x0000000084000000, 0x0000000084000000, 0x0000000084100000|  0%| F|  |TAMS 0x0000000084000000, 0x0000000084000000| Untracked 
|  65|0x0000000084100000, 0x0000000084100000, 0x0000000084200000|  0%| F|  |TAMS 0x0000000084100000, 0x0000000084100000| Untracked 
|  66|0x0000000084200000, 0x0000000084200000, 0x0000000084300000|  0%| F|  |TAMS 0x0000000084200000, 0x0000000084200000| Untracked 
|  67|0x0000000084300000, 0x0000000084300000, 0x0000000084400000|  0%| F|  |TAMS 0x0000000084300000, 0x0000000084300000| Untracked 
|  68|0x0000000084400000, 0x0000000084400000, 0x0000000084500000|  0%| F|  |TAMS 0x0000000084400000, 0x0000000084400000| Untracked 
|  69|0x0000000084500000, 0x0000000084500000, 0x0000000084600000|  0%| F|  |TAMS 0x0000000084500000, 0x0000000084500000| Untracked 
|  70|0x0000000084600000, 0x0000000084600000, 0x0000000084700000|  0%| F|  |TAMS 0x0000000084600000, 0x0000000084600000| Untracked 
|  71|0x0000000084700000, 0x0000000084700000, 0x0000000084800000|  0%| F|  |TAMS 0x0000000084700000, 0x0000000084700000| Untracked 
|  72|0x0000000084800000, 0x0000000084800000, 0x0000000084900000|  0%| F|  |TAMS 0x0000000084800000, 0x0000000084800000| Untracked 
|  73|0x0000000084900000, 0x0000000084900000, 0x0000000084a00000|  0%| F|  |TAMS 0x0000000084900000, 0x0000000084900000| Untracked 
|  74|0x0000000084a00000, 0x0000000084a00000, 0x0000000084b00000|  0%| F|  |TAMS 0x0000000084a00000, 0x0000000084a00000| Untracked 
|  75|0x0000000084b00000, 0x0000000084b00000, 0x0000000084c00000|  0%| F|  |TAMS 0x0000000084b00000, 0x0000000084b00000| Untracked 
|  76|0x0000000084c00000, 0x0000000084cfe890, 0x0000000084d00000| 99%| S|CS|TAMS 0x0000000084c00000, 0x0000000084c00000| Complete 
|  77|0x0000000084d00000, 0x0000000084d00000, 0x0000000084e00000|  0%| F|  |TAMS 0x0000000084d00000, 0x0000000084d00000| Untracked 
|  78|0x0000000084e00000, 0x0000000084e00000, 0x0000000084f00000|  0%| F|  |TAMS 0x0000000084e00000, 0x0000000084e00000| Untracked 
|  79|0x0000000084f00000, 0x0000000084f00000, 0x0000000085000000|  0%| F|  |TAMS 0x0000000084f00000, 0x0000000084f00000| Untracked 
|  80|0x0000000085000000, 0x0000000085000000, 0x0000000085100000|  0%| F|  |TAMS 0x0000000085000000, 0x0000000085000000| Untracked 
|  81|0x0000000085100000, 0x0000000085100000, 0x0000000085200000|  0%| F|  |TAMS 0x0000000085100000, 0x0000000085100000| Untracked 
|  82|0x0000000085200000, 0x0000000085200000, 0x0000000085300000|  0%| F|  |TAMS 0x0000000085200000, 0x0000000085200000| Untracked 
|  83|0x0000000085300000, 0x0000000085400000, 0x0000000085400000|100%| S|CS|TAMS 0x0000000085300000, 0x0000000085300000| Complete 
|  84|0x0000000085400000, 0x0000000085400000, 0x0000000085500000|  0%| F|  |TAMS 0x0000000085400000, 0x0000000085400000| Untracked 
|  85|0x0000000085500000, 0x0000000085500000, 0x0000000085600000|  0%| F|  |TAMS 0x0000000085500000, 0x0000000085500000| Untracked 
|  86|0x0000000085600000, 0x0000000085600000, 0x0000000085700000|  0%| F|  |TAMS 0x0000000085600000, 0x0000000085600000| Untracked 
|  87|0x0000000085700000, 0x0000000085700000, 0x0000000085800000|  0%| F|  |TAMS 0x0000000085700000, 0x0000000085700000| Untracked 
|  88|0x0000000085800000, 0x0000000085800000, 0x0000000085900000|  0%| F|  |TAMS 0x0000000085800000, 0x0000000085800000| Untracked 
|  89|0x0000000085900000, 0x0000000085900000, 0x0000000085a00000|  0%| F|  |TAMS 0x0000000085900000, 0x0000000085900000| Untracked 
|  90|0x0000000085a00000, 0x0000000085a00000, 0x0000000085b00000|  0%| F|  |TAMS 0x0000000085a00000, 0x0000000085a00000| Untracked 
|  91|0x0000000085b00000, 0x0000000085b00000, 0x0000000085c00000|  0%| F|  |TAMS 0x0000000085b00000, 0x0000000085b00000| Untracked 
|  92|0x0000000085c00000, 0x0000000085c00000, 0x0000000085d00000|  0%| F|  |TAMS 0x0000000085c00000, 0x0000000085c00000| Untracked 
|  93|0x0000000085d00000, 0x0000000085d00000, 0x0000000085e00000|  0%| F|  |TAMS 0x0000000085d00000, 0x0000000085d00000| Untracked 
|  94|0x0000000085e00000, 0x0000000085e00000, 0x0000000085f00000|  0%| F|  |TAMS 0x0000000085e00000, 0x0000000085e00000| Untracked 
|  95|0x0000000085f00000, 0x0000000085f00000, 0x0000000086000000|  0%| F|  |TAMS 0x0000000085f00000, 0x0000000085f00000| Untracked 
|  96|0x0000000086000000, 0x0000000086000000, 0x0000000086100000|  0%| F|  |TAMS 0x0000000086000000, 0x0000000086000000| Untracked 
|  97|0x0000000086100000, 0x0000000086200000, 0x0000000086200000|100%| E|  |TAMS 0x0000000086100000, 0x0000000086100000| Complete 
|  98|0x0000000086200000, 0x0000000086300000, 0x0000000086300000|100%| E|CS|TAMS 0x0000000086200000, 0x0000000086200000| Complete 
|  99|0x0000000086300000, 0x0000000086400000, 0x0000000086400000|100%| E|CS|TAMS 0x0000000086300000, 0x0000000086300000| Complete 
| 100|0x0000000086400000, 0x0000000086500000, 0x0000000086500000|100%| E|CS|TAMS 0x0000000086400000, 0x0000000086400000| Complete 
| 101|0x0000000086500000, 0x0000000086600000, 0x0000000086600000|100%| E|CS|TAMS 0x0000000086500000, 0x0000000086500000| Complete 
| 102|0x0000000086600000, 0x0000000086700000, 0x0000000086700000|100%| E|CS|TAMS 0x0000000086600000, 0x0000000086600000| Complete 
| 103|0x0000000086700000, 0x0000000086800000, 0x0000000086800000|100%| E|CS|TAMS 0x0000000086700000, 0x0000000086700000| Complete 
| 104|0x0000000086800000, 0x0000000086900000, 0x0000000086900000|100%| E|CS|TAMS 0x0000000086800000, 0x0000000086800000| Complete 
| 105|0x0000000086900000, 0x0000000086a00000, 0x0000000086a00000|100%| E|CS|TAMS 0x0000000086900000, 0x0000000086900000| Complete 
| 106|0x0000000086a00000, 0x0000000086b00000, 0x0000000086b00000|100%| E|CS|TAMS 0x0000000086a00000, 0x0000000086a00000| Complete 
| 107|0x0000000086b00000, 0x0000000086c00000, 0x0000000086c00000|100%| E|CS|TAMS 0x0000000086b00000, 0x0000000086b00000| Complete 
| 108|0x0000000086c00000, 0x0000000086d00000, 0x0000000086d00000|100%| E|CS|TAMS 0x0000000086c00000, 0x0000000086c00000| Complete 
| 109|0x0000000086d00000, 0x0000000086e00000, 0x0000000086e00000|100%| E|CS|TAMS 0x0000000086d00000, 0x0000000086d00000| Complete 
| 110|0x0000000086e00000, 0x0000000086f00000, 0x0000000086f00000|100%| E|CS|TAMS 0x0000000086e00000, 0x0000000086e00000| Complete 
| 111|0x0000000086f00000, 0x0000000087000000, 0x0000000087000000|100%| E|CS|TAMS 0x0000000086f00000, 0x0000000086f00000| Complete 
| 112|0x0000000087000000, 0x0000000087100000, 0x0000000087100000|100%| E|CS|TAMS 0x0000000087000000, 0x0000000087000000| Complete 
| 113|0x0000000087100000, 0x0000000087200000, 0x0000000087200000|100%| E|CS|TAMS 0x0000000087100000, 0x0000000087100000| Complete 
| 114|0x0000000087200000, 0x0000000087300000, 0x0000000087300000|100%| E|CS|TAMS 0x0000000087200000, 0x0000000087200000| Complete 
| 115|0x0000000087300000, 0x0000000087400000, 0x0000000087400000|100%| E|CS|TAMS 0x0000000087300000, 0x0000000087300000| Complete 
| 116|0x0000000087400000, 0x0000000087500000, 0x0000000087500000|100%| E|CS|TAMS 0x0000000087400000, 0x0000000087400000| Complete 
| 117|0x0000000087500000, 0x0000000087600000, 0x0000000087600000|100%| E|CS|TAMS 0x0000000087500000, 0x0000000087500000| Complete 
| 118|0x0000000087600000, 0x0000000087700000, 0x0000000087700000|100%| E|CS|TAMS 0x0000000087600000, 0x0000000087600000| Complete 
| 119|0x0000000087700000, 0x0000000087800000, 0x0000000087800000|100%| E|CS|TAMS 0x0000000087700000, 0x0000000087700000| Complete 
| 120|0x0000000087800000, 0x0000000087900000, 0x0000000087900000|100%| E|CS|TAMS 0x0000000087800000, 0x0000000087800000| Complete 
| 121|0x0000000087900000, 0x0000000087a00000, 0x0000000087a00000|100%| E|CS|TAMS 0x0000000087900000, 0x0000000087900000| Complete 
| 122|0x0000000087a00000, 0x0000000087b00000, 0x0000000087b00000|100%| E|CS|TAMS 0x0000000087a00000, 0x0000000087a00000| Complete 
| 123|0x0000000087b00000, 0x0000000087c00000, 0x0000000087c00000|100%| E|CS|TAMS 0x0000000087b00000, 0x0000000087b00000| Complete 
| 124|0x0000000087c00000, 0x0000000087d00000, 0x0000000087d00000|100%| E|CS|TAMS 0x0000000087c00000, 0x0000000087c00000| Complete 
| 125|0x0000000087d00000, 0x0000000087e00000, 0x0000000087e00000|100%| E|CS|TAMS 0x0000000087d00000, 0x0000000087d00000| Complete 
| 126|0x0000000087e00000, 0x0000000087f00000, 0x0000000087f00000|100%| E|CS|TAMS 0x0000000087e00000, 0x0000000087e00000| Complete 
| 127|0x0000000087f00000, 0x0000000088000000, 0x0000000088000000|100%| E|CS|TAMS 0x0000000087f00000, 0x0000000087f00000| Complete 

Card table byte_map: [0x000001d2f27b0000,0x000001d2f2bb0000] _byte_map_base: 0x000001d2f23b0000

Marking Bits (Prev, Next): (CMBitMap*) 0x000001d2df5c0540, (CMBitMap*) 0x000001d2df5c0508
 Prev Bits: [0x000001d2f4fb0000, 0x000001d2f6fb0000)
 Next Bits: [0x000001d2f2fb0000, 0x000001d2f4fb0000)

Polling page: 0x000001d2ded50000

Metaspace:

Usage:
  Non-class:     20.91 MB capacity,    20.56 MB ( 98%) used,   319.69 KB (  1%) free+waste,    42.38 KB ( <1%) overhead. 
      Class:      3.17 MB capacity,     2.99 MB ( 94%) used,   172.41 KB (  5%) free+waste,    20.94 KB ( <1%) overhead. 
       Both:     24.08 MB capacity,    23.54 MB ( 98%) used,   492.09 KB (  2%) free+waste,    63.31 KB ( <1%) overhead. 

Virtual space:
  Non-class space:       22.00 MB reserved,      21.00 MB ( 95%) committed 
      Class space:        1.00 GB reserved,       3.25 MB ( <1%) committed 
             Both:        1.02 GB reserved,      24.25 MB (  2%) committed 

Chunk freelists:
   Non-Class:  29.00 KB
       Class:  13.00 KB
        Both:  42.00 KB

MaxMetaspaceSize: 17179869184.00 GB
CompressedClassSpaceSize: 1.00 GB
Initial GC threshold: 20.80 MB
Current GC threshold: 35.00 MB
CDS: off

CodeHeap 'non-profiled nmethods': size=120000Kb used=1118Kb max_used=1118Kb free=118881Kb
 bounds [0x000001d2eab50000, 0x000001d2eadc0000, 0x000001d2f2080000]
CodeHeap 'profiled nmethods': size=120000Kb used=4332Kb max_used=4332Kb free=115667Kb
 bounds [0x000001d2e3620000, 0x000001d2e3a60000, 0x000001d2eab50000]
CodeHeap 'non-nmethods': size=5760Kb used=1225Kb max_used=1256Kb free=4534Kb
 bounds [0x000001d2e3080000, 0x000001d2e32f0000, 0x000001d2e3620000]
 total_blobs=2574 nmethods=2079 adapters=407
 compilation: enabled
              stopped_count=0, restarted_count=0
 full_count=0

Compilation events (20 events):
Event: 3.292 Thread 0x000001d2f9a2f000 2039       3       java.lang.WeakPairMap$Pair$Lookup::equals (31 bytes)
Event: 3.292 Thread 0x000001d2f9a2f000 nmethod 2039 0x000001d2e3a41790 code [0x000001d2e3a41980, 0x000001d2e3a42018]
Event: 3.292 Thread 0x000001d2f9a2f000 2046       3       java.lang.reflect.Executable::getAnnotation (23 bytes)
Event: 3.293 Thread 0x000001d2f9a2f000 nmethod 2046 0x000001d2e3a42190 code [0x000001d2e3a423c0, 0x000001d2e3a42a28]
Event: 3.293 Thread 0x000001d2f9a2f000 2047       3       java.lang.reflect.Method::getAnnotation (6 bytes)
Event: 3.293 Thread 0x000001d2f9a2f000 nmethod 2047 0x000001d2e3a42c90 code [0x000001d2e3a42ec0, 0x000001d2e3a43588]
Event: 3.293 Thread 0x000001d2f9a2f000 2049       1       org.gradle.internal.instantiation.generator.AbstractClassGenerator$PropertyMetadata::getName (5 bytes)
Event: 3.293 Thread 0x000001d2f9a2f000 nmethod 2049 0x000001d2eac62a90 code [0x000001d2eac62c40, 0x000001d2eac62cf8]
Event: 3.293 Thread 0x000001d2f9a2f000 2045       1       java.lang.reflect.Method::getAnnotationBytes (5 bytes)
Event: 3.293 Thread 0x000001d2f9a2f000 nmethod 2045 0x000001d2eac62d90 code [0x000001d2eac62f40, 0x000001d2eac62ff8]
Event: 3.293 Thread 0x000001d2f9a2f000 2048       3       java.util.Collections$UnmodifiableCollection::<init> (22 bytes)
Event: 3.293 Thread 0x000001d2f9a2f000 nmethod 2048 0x000001d2e3a43810 code [0x000001d2e3a439e0, 0x000001d2e3a43c88]
Event: 3.294 Thread 0x000001d2f9a2f000 2050       3       org.gradle.internal.reflect.MethodSet$MethodKey::hashCode (29 bytes)
Event: 3.295 Thread 0x000001d2f9a2f000 nmethod 2050 0x000001d2e3a43d90 code [0x000001d2e3a43fa0, 0x000001d2e3a44768]
Event: 3.299 Thread 0x000001d2f9a2f000 2051       3       com.google.common.collect.Hashing::smear (19 bytes)
Event: 3.299 Thread 0x000001d2f9a2f000 nmethod 2051 0x000001d2e3a44a10 code [0x000001d2e3a44bc0, 0x000001d2e3a44d38]
Event: 3.299 Thread 0x000001d2f9a2f000 2052       3       java.lang.Integer::rotateLeft (9 bytes)
Event: 3.299 Thread 0x000001d2f9a2f000 nmethod 2052 0x000001d2e3a44e10 code [0x000001d2e3a44fc0, 0x000001d2e3a450b8]
Event: 3.301 Thread 0x000001d2f9a2f000 2053       3       java.util.concurrent.ConcurrentHashMap::get (162 bytes)
Event: 3.302 Thread 0x000001d2f9a2f000 nmethod 2053 0x000001d2e3a45190 code [0x000001d2e3a45400, 0x000001d2e3a460b8]

GC Heap History (8 events):
Event: 0.730 GC heap before
{Heap before GC invocations=0 (full 0):
 garbage-first heap   total 131072K, used 30720K [0x0000000080000000, 0x0000000100000000)
  region size 1024K, 24 young (24576K), 0 survivors (0K)
 Metaspace       used 10231K, capacity 10495K, committed 10624K, reserved 1058816K
  class space    used 1072K, capacity 1141K, committed 1152K, reserved 1048576K
}
Event: 0.736 GC heap after
{Heap after GC invocations=1 (full 0):
 garbage-first heap   total 131072K, used 9332K [0x0000000080000000, 0x0000000100000000)
  region size 1024K, 3 young (3072K), 3 survivors (3072K)
 Metaspace       used 10231K, capacity 10495K, committed 10624K, reserved 1058816K
  class space    used 1072K, capacity 1141K, committed 1152K, reserved 1048576K
}
Event: 1.005 GC heap before
{Heap before GC invocations=1 (full 0):
 garbage-first heap   total 131072K, used 23668K [0x0000000080000000, 0x0000000100000000)
  region size 1024K, 17 young (17408K), 3 survivors (3072K)
 Metaspace       used 11148K, capacity 11386K, committed 11520K, reserved 1058816K
  class space    used 1174K, capacity 1246K, committed 1280K, reserved 1048576K
}
Event: 1.009 GC heap after
{Heap after GC invocations=2 (full 0):
 garbage-first heap   total 131072K, used 9919K [0x0000000080000000, 0x0000000100000000)
  region size 1024K, 1 young (1024K), 1 survivors (1024K)
 Metaspace       used 11148K, capacity 11386K, committed 11520K, reserved 1058816K
  class space    used 1174K, capacity 1246K, committed 1280K, reserved 1048576K
}
Event: 1.691 GC heap before
{Heap before GC invocations=2 (full 0):
 garbage-first heap   total 131072K, used 54975K [0x0000000080000000, 0x0000000100000000)
  region size 1024K, 45 young (46080K), 1 survivors (1024K)
 Metaspace       used 14480K, capacity 14844K, committed 15104K, reserved 1062912K
  class space    used 1660K, capacity 1761K, committed 1792K, reserved 1048576K
}
Event: 1.697 GC heap after
{Heap after GC invocations=3 (full 0):
 garbage-first heap   total 131072K, used 15433K [0x0000000080000000, 0x0000000100000000)
  region size 1024K, 6 young (6144K), 6 survivors (6144K)
 Metaspace       used 14480K, capacity 14844K, committed 15104K, reserved 1062912K
  class space    used 1660K, capacity 1761K, committed 1792K, reserved 1048576K
}
Event: 2.906 GC heap before
{Heap before GC invocations=3 (full 0):
 garbage-first heap   total 131072K, used 59465K [0x0000000080000000, 0x0000000100000000)
  region size 1024K, 50 young (51200K), 6 survivors (6144K)
 Metaspace       used 20724K, capacity 21144K, committed 21248K, reserved 1067008K
  class space    used 2556K, capacity 2713K, committed 2816K, reserved 1048576K
}
Event: 2.915 GC heap after
{Heap after GC invocations=4 (full 0):
 garbage-first heap   total 131072K, used 17283K [0x0000000080000000, 0x0000000100000000)
  region size 1024K, 2 young (2048K), 2 survivors (2048K)
 Metaspace       used 20724K, capacity 21144K, committed 21248K, reserved 1067008K
  class space    used 2556K, capacity 2713K, committed 2816K, reserved 1048576K
}

Deoptimization events (20 events):
Event: 2.890 Thread 0x000001d2fce89800 Uncommon trap: trap_request=0xffffffc6 fr.pc=0x000001d2eabcd854 relative=0x0000000000000114
Event: 2.890 Thread 0x000001d2fce89800 Uncommon trap: reason=bimorphic_or_optimized_type_check action=maybe_recompile pc=0x000001d2eabcd854 method=java.util.AbstractList$Itr.next()Ljava/lang/Object; @ 14 c2
Event: 2.890 Thread 0x000001d2fce89800 DEOPT PACKING pc=0x000001d2eabcd854 sp=0x0000004077afac10
Event: 2.890 Thread 0x000001d2fce89800 DEOPT UNPACKING pc=0x000001d2e30ca1af sp=0x0000004077afaba8 mode 2
Event: 2.891 Thread 0x000001d2fce89800 Uncommon trap: trap_request=0xffffff4d fr.pc=0x000001d2eabc7f78 relative=0x00000000000005b8
Event: 2.891 Thread 0x000001d2fce89800 Uncommon trap: reason=unstable_if action=reinterpret pc=0x000001d2eabc7f78 method=java.io.File.getName()Ljava/lang/String; @ 16 c2
Event: 2.891 Thread 0x000001d2fce89800 DEOPT PACKING pc=0x000001d2eabc7f78 sp=0x0000004077afb5e0
Event: 2.891 Thread 0x000001d2fce89800 DEOPT UNPACKING pc=0x000001d2e30ca1af sp=0x0000004077afb5b0 mode 2
Event: 2.891 Thread 0x000001d2fce89800 Uncommon trap: trap_request=0xffffff4d fr.pc=0x000001d2eabc7290 relative=0x0000000000000450
Event: 2.891 Thread 0x000001d2fce89800 Uncommon trap: reason=unstable_if action=reinterpret pc=0x000001d2eabc7290 method=java.lang.String.substring(I)Ljava/lang/String; @ 34 c2
Event: 2.891 Thread 0x000001d2fce89800 DEOPT PACKING pc=0x000001d2eabc7290 sp=0x0000004077afb560
Event: 2.891 Thread 0x000001d2fce89800 DEOPT UNPACKING pc=0x000001d2e30ca1af sp=0x0000004077afb538 mode 2
Event: 3.013 Thread 0x000001d2fce89800 Uncommon trap: trap_request=0xffffff4d fr.pc=0x000001d2eac3ca18 relative=0x0000000000000398
Event: 3.013 Thread 0x000001d2fce89800 Uncommon trap: reason=unstable_if action=reinterpret pc=0x000001d2eac3ca18 method=jdk.internal.org.objectweb.asm.Type.getArgumentsAndReturnSizes(Ljava/lang/String;)I @ 88 c2
Event: 3.013 Thread 0x000001d2fce89800 DEOPT PACKING pc=0x000001d2eac3ca18 sp=0x0000004077af9b50
Event: 3.013 Thread 0x000001d2fce89800 DEOPT UNPACKING pc=0x000001d2e30ca1af sp=0x0000004077af9ad8 mode 2
Event: 3.289 Thread 0x000001d2fce89800 Uncommon trap: trap_request=0xffffff4d fr.pc=0x000001d2eaba8540 relative=0x0000000000000280
Event: 3.289 Thread 0x000001d2fce89800 Uncommon trap: reason=unstable_if action=reinterpret pc=0x000001d2eaba8540 method=java.util.concurrent.ConcurrentHashMap.get(Ljava/lang/Object;)Ljava/lang/Object; @ 152 c2
Event: 3.289 Thread 0x000001d2fce89800 DEOPT PACKING pc=0x000001d2eaba8540 sp=0x0000004077af9b80
Event: 3.289 Thread 0x000001d2fce89800 DEOPT UNPACKING pc=0x000001d2e30ca1af sp=0x0000004077af9ae8 mode 2

Classes redefined (0 events):
No events

Internal exceptions (20 events):
Event: 0.495 Thread 0x000001d2df57e800 Exception <a 'java/lang/NoSuchMethodError'{0x0000000086eb7930}: 'java.lang.Object java.lang.invoke.DirectMethodHandle$Holder.invokeVirtual(java.lang.Object, java.lang.Object, java.lang.Object, java.lang.Object, java.lang.Object, java.lang.Object, java.lang.Object)'> (0x0000000086eb7930) thrown at [./src/hotspot/share/interpreter/linkResolver.cpp, line 773]
Event: 0.499 Thread 0x000001d2df57e800 Exception <a 'java/lang/NoSuchMethodError'{0x0000000086ecc428}: 'java.lang.Object java.lang.invoke.Invokers$Holder.invoker(java.lang.Object, java.lang.Object, java.lang.Object)'> (0x0000000086ecc428) thrown at [./src/hotspot/share/interpreter/linkResolver.cpp, line 773]
Event: 0.503 Thread 0x000001d2df57e800 Exception <a 'java/lang/NoSuchMethodError'{0x0000000086edd4a0}: 'void java.lang.invoke.DelegatingMethodHandle$Holder.delegate(java.lang.Object, java.lang.Object, int, java.lang.Object)'> (0x0000000086edd4a0) thrown at [./src/hotspot/share/interpreter/linkResolver.cpp, line 773]
Event: 1.248 Thread 0x000001d2df57e800 Exception <a 'java/security/PrivilegedActionException'{0x00000000869106a0}> (0x00000000869106a0) thrown at [./src/hotspot/share/prims/jvm.cpp, line 1306]
Event: 1.249 Thread 0x000001d2df57e800 Exception <a 'java/security/PrivilegedActionException'{0x0000000086910c18}> (0x0000000086910c18) thrown at [./src/hotspot/share/prims/jvm.cpp, line 1306]
Event: 1.535 Thread 0x000001d2df57e800 Exception <a 'java/lang/NoSuchMethodError'{0x0000000085820a08}: 'java.lang.Object java.lang.invoke.DirectMethodHandle$Holder.invokeStaticInit(java.lang.Object, java.lang.Object, java.lang.Object)'> (0x0000000085820a08) thrown at [./src/hotspot/share/interpreter/linkResolver.cpp, line 773]
Event: 1.719 Thread 0x000001d2df57e800 Exception <a 'java/lang/NoSuchMethodError'{0x0000000087f777f0}: 'java.lang.Object java.lang.invoke.DirectMethodHandle$Holder.invokeStaticInit(java.lang.Object, int, int, int, int)'> (0x0000000087f777f0) thrown at [./src/hotspot/share/interpreter/linkResolver.cpp, line 773]
Event: 2.052 Thread 0x000001d2df57e800 Exception <a 'java/lang/NoSuchMethodError'{0x0000000087fbab48}: 'java.lang.Object java.lang.invoke.DirectMethodHandle$Holder.invokeStaticInit(java.lang.Object, java.lang.Object, int, int, int, int)'> (0x0000000087fbab48) thrown at [./src/hotspot/share/interpreter/linkResolver.cpp, line 773]
Event: 2.492 Thread 0x000001d2df57e800 Exception <a 'java/io/IOException'{0x0000000087c142f0}> (0x0000000087c142f0) thrown at [./src/hotspot/share/prims/jni.cpp, line 615]
Event: 2.612 Thread 0x000001d2fce89800 Exception <a 'java/lang/NoSuchMethodError'{0x00000000876ed450}: 'long java.lang.invoke.DirectMethodHandle$Holder.invokeInterface(java.lang.Object, java.lang.Object)'> (0x00000000876ed450) thrown at [./src/hotspot/share/interpreter/linkResolver.cpp, line 773]
Event: 2.613 Thread 0x000001d2fce89800 Exception <a 'java/lang/NoSuchMethodError'{0x00000000876fa4f0}: 'void java.lang.invoke.DelegatingMethodHandle$Holder.reinvoke_L(java.lang.Object, java.lang.Object, java.lang.Object, java.lang.Object, java.lang.Object, java.lang.Object, java.lang.Object)'> (0x00000000876fa4f0) thrown at [./src/hotspot/share/interpreter/linkResolver.cpp, line 773]
Event: 2.827 Thread 0x000001d2fce89800 Exception <a 'java/lang/NoSuchMethodError'{0x0000000085a4a0e8}: 'void java.lang.invoke.DirectMethodHandle$Holder.invokeStaticInit(java.lang.Object)'> (0x0000000085a4a0e8) thrown at [./src/hotspot/share/interpreter/linkResolver.cpp, line 773]
Event: 2.839 Thread 0x000001d2fce89800 Exception <a 'java/lang/NoSuchMethodError'{0x0000000085af6540}: 'java.lang.Object java.lang.invoke.DirectMethodHandle$Holder.invokeStatic(java.lang.Object, java.lang.Object, java.lang.Object, int)'> (0x0000000085af6540) thrown at [./src/hotspot/share/interpreter/linkResolver.cpp, line 773]
Event: 2.840 Thread 0x000001d2fce89800 Exception <a 'java/lang/NoSuchMethodError'{0x0000000085afac58}: 'java.lang.Object java.lang.invoke.DirectMethodHandle$Holder.invokeSpecial(java.lang.Object, java.lang.Object, java.lang.Object, java.lang.Object, int)'> (0x0000000085afac58) thrown at [./src/hotspot/share/interpreter/linkResolver.cpp, line 773]
Event: 2.840 Thread 0x000001d2fce89800 Exception <a 'java/lang/NoSuchMethodError'{0x0000000085afeb90}: 'java.lang.Object java.lang.invoke.Invokers$Holder.linkToTargetMethod(java.lang.Object, java.lang.Object, int, java.lang.Object)'> (0x0000000085afeb90) thrown at [./src/hotspot/share/interpreter/linkResolver.cpp, line 773]
Event: 2.940 Thread 0x000001d2fce89800 Exception <a 'java/lang/NoSuchMethodError'{0x0000000087ec7a48}: 'int java.lang.invoke.DirectMethodHandle$Holder.invokeSpecialIFC(java.lang.Object, java.lang.Object, java.lang.Object, java.lang.Object)'> (0x0000000087ec7a48) thrown at [./src/hotspot/share/interpreter/linkResolver.cpp, line 773]
Event: 2.941 Thread 0x000001d2fce89800 Exception <a 'java/lang/NoSuchMethodError'{0x0000000087ed5a00}: 'java.lang.Object java.lang.invoke.DirectMethodHandle$Holder.invokeInterface(java.lang.Object, java.lang.Object, java.lang.Object)'> (0x0000000087ed5a00) thrown at [./src/hotspot/share/interpreter/linkResolver.cpp, line 773]
Event: 2.941 Thread 0x000001d2fce89800 Exception <a 'java/lang/IncompatibleClassChangeError'{0x0000000087ed8ed8}: Found class java.lang.Object, but interface was expected> (0x0000000087ed8ed8) thrown at [./src/hotspot/share/interpreter/linkResolver.cpp, line 839]
Event: 3.118 Thread 0x000001d2fce89800 Exception <a 'java/lang/NoSuchMethodError'{0x0000000087251f38}: 'java.lang.Object java.lang.invoke.DirectMethodHandle$Holder.invokeSpecial(java.lang.Object, java.lang.Object, java.lang.Object, java.lang.Object, java.lang.Object, java.lang.Object, java.lang.Object, java.lang.Object, java.lang.Object)'> (0x0000000087251f38) thrown at [./src/hotspot/share/interpreter/linkResolver.cpp, line 773]
Event: 3.211 Thread 0x000001d2fce89800 Exception <a 'java/lang/NoSuchMethodError'{0x00000000869eea48}: 'java.lang.Object java.lang.invoke.DirectMethodHandle$Holder.invokeVirtual(java.lang.Object, java.lang.Object, java.lang.Object, java.lang.Object)'> (0x00000000869eea48) thrown at [./src/hotspot/share/interpreter/linkResolver.cpp, line 773]

Events (20 events):
Event: 3.312 loading class org/objectweb/asm/MethodWriter
Event: 3.312 loading class org/objectweb/asm/MethodWriter done
Event: 3.314 loading class org/objectweb/asm/ClassTooLargeException
Event: 3.314 loading class org/objectweb/asm/ClassTooLargeException done
Event: 3.315 loading class org/objectweb/asm/SymbolTable
Event: 3.315 loading class org/objectweb/asm/SymbolTable done
Event: 3.316 loading class org/objectweb/asm/Symbol
Event: 3.316 loading class org/objectweb/asm/Symbol done
Event: 3.316 loading class org/objectweb/asm/SymbolTable$Entry
Event: 3.316 loading class org/objectweb/asm/SymbolTable$Entry done
Event: 3.318 loading class org/objectweb/asm/ByteVector
Event: 3.318 loading class org/objectweb/asm/ByteVector done
Event: 3.320 loading class org/objectweb/asm/MethodTooLargeException
Event: 3.320 loading class org/objectweb/asm/MethodTooLargeException done
Event: 3.324 loading class org/objectweb/asm/Frame
Event: 3.324 loading class org/objectweb/asm/Frame done
Event: 3.325 loading class org/objectweb/asm/CurrentFrame
Event: 3.325 loading class org/objectweb/asm/CurrentFrame done
Event: 3.326 loading class org/objectweb/asm/Label
Event: 3.326 loading class org/objectweb/asm/Label done


Dynamic libraries:
0x00007ff73f4b0000 - 0x00007ff73f4ba000 	C:\Program Files\Android\Android Studio1\jre\bin\java.exe
0x00007ff8ce610000 - 0x00007ff8ce824000 	C:\WINDOWS\SYSTEM32\ntdll.dll
0x00007ff8ccc40000 - 0x00007ff8ccd03000 	C:\WINDOWS\System32\KERNEL32.DLL
0x00007ff8cbf40000 - 0x00007ff8cc2dd000 	C:\WINDOWS\System32\KERNELBASE.dll
0x00007ff8cbd70000 - 0x00007ff8cbe81000 	C:\WINDOWS\System32\ucrtbase.dll
0x00007ff88c030000 - 0x00007ff88c049000 	C:\Program Files\Android\Android Studio1\jre\bin\jli.dll
0x00007ff8cd650000 - 0x00007ff8cd7fd000 	C:\WINDOWS\System32\USER32.dll
0x00007ff8cbf10000 - 0x00007ff8cbf36000 	C:\WINDOWS\System32\win32u.dll
0x00007ff8cd800000 - 0x00007ff8cd829000 	C:\WINDOWS\System32\GDI32.dll
0x00007ff8cc2e0000 - 0x00007ff8cc3f2000 	C:\WINDOWS\System32\gdi32full.dll
0x00007ff8cbba0000 - 0x00007ff8cbc3a000 	C:\WINDOWS\System32\msvcp_win.dll
0x00007ff8af370000 - 0x00007ff8af5fe000 	C:\WINDOWS\WinSxS\amd64_microsoft.windows.common-controls_6595b64144ccf1df_6.0.22621.608_none_a9444ca7c10bb01d\COMCTL32.dll
0x00007ff8ce4f0000 - 0x00007ff8ce597000 	C:\WINDOWS\System32\msvcrt.dll
0x00007ff88b510000 - 0x00007ff88b527000 	C:\Program Files\Android\Android Studio1\jre\bin\VCRUNTIME140.dll
0x00007ff8ccd10000 - 0x00007ff8ccd42000 	C:\WINDOWS\System32\IMM32.DLL
0x00007ff88b3f0000 - 0x00007ff88b48d000 	C:\Program Files\Android\Android Studio1\jre\bin\msvcp140.dll
0x00007ff84fde0000 - 0x00007ff8508c5000 	C:\Program Files\Android\Android Studio1\jre\bin\server\jvm.dll
0x00007ff8cce80000 - 0x00007ff8ccf2e000 	C:\WINDOWS\System32\ADVAPI32.dll
0x00007ff8ccdd0000 - 0x00007ff8cce74000 	C:\WINDOWS\System32\sechost.dll
0x00007ff8cd410000 - 0x00007ff8cd525000 	C:\WINDOWS\System32\RPCRT4.dll
0x00007ff8ce210000 - 0x00007ff8ce218000 	C:\WINDOWS\System32\PSAPI.DLL
0x00007ff8934c0000 - 0x00007ff8934c9000 	C:\WINDOWS\SYSTEM32\WSOCK32.dll
0x00007ff8c42a0000 - 0x00007ff8c42d4000 	C:\WINDOWS\SYSTEM32\WINMM.dll
0x00007ff8c43b0000 - 0x00007ff8c43ba000 	C:\WINDOWS\SYSTEM32\VERSION.dll
0x00007ff8ccd50000 - 0x00007ff8ccdc1000 	C:\WINDOWS\System32\WS2_32.dll
0x00007ff8cab70000 - 0x00007ff8cab88000 	C:\WINDOWS\SYSTEM32\kernel.appcore.dll
0x00007ff891240000 - 0x00007ff891251000 	C:\Program Files\Android\Android Studio1\jre\bin\verify.dll
0x00007ff8c9480000 - 0x00007ff8c96ae000 	C:\WINDOWS\SYSTEM32\DBGHELP.DLL
0x00007ff8cdac0000 - 0x00007ff8cde4a000 	C:\WINDOWS\System32\combase.dll
0x00007ff8ce130000 - 0x00007ff8ce207000 	C:\WINDOWS\System32\OLEAUT32.dll
0x00007ff8b67e0000 - 0x00007ff8b6812000 	C:\WINDOWS\SYSTEM32\dbgcore.DLL
0x00007ff8cbe90000 - 0x00007ff8cbf0b000 	C:\WINDOWS\System32\bcryptPrimitives.dll
0x00007ff891210000 - 0x00007ff891239000 	C:\Program Files\Android\Android Studio1\jre\bin\java.dll
0x00007ff893280000 - 0x00007ff89328b000 	C:\Program Files\Android\Android Studio1\jre\bin\jimage.dll
0x00007ff891020000 - 0x00007ff891038000 	C:\Program Files\Android\Android Studio1\jre\bin\zip.dll
0x00007ff8cc400000 - 0x00007ff8ccbef000 	C:\WINDOWS\System32\SHELL32.dll
0x00007ff8c9a50000 - 0x00007ff8ca318000 	C:\WINDOWS\SYSTEM32\windows.storage.dll
0x00007ff8c9910000 - 0x00007ff8c9a4e000 	C:\WINDOWS\SYSTEM32\wintypes.dll
0x00007ff8ce3e0000 - 0x00007ff8ce4d1000 	C:\WINDOWS\System32\SHCORE.dll
0x00007ff8ccf30000 - 0x00007ff8ccf8e000 	C:\WINDOWS\System32\shlwapi.dll
0x00007ff8cb960000 - 0x00007ff8cb981000 	C:\WINDOWS\SYSTEM32\profapi.dll
0x00007ff891000000 - 0x00007ff89101a000 	C:\Program Files\Android\Android Studio1\jre\bin\net.dll
0x00007ff8c40b0000 - 0x00007ff8c41df000 	C:\WINDOWS\SYSTEM32\WINHTTP.dll
0x00007ff8cafe0000 - 0x00007ff8cb049000 	C:\WINDOWS\system32\mswsock.dll
0x00007ff890fe0000 - 0x00007ff890ff4000 	C:\Program Files\Android\Android Studio1\jre\bin\nio.dll
0x00007ff845b60000 - 0x00007ff845b87000 	C:\Users\ASUS\.gradle\native\e1d6ef7f7dcc3fd88c89a11ec53ec762bb8ba0a96d01ffa2cd45eb1d1d8dd5c5\windows-amd64\native-platform.dll
0x00007ff844d70000 - 0x00007ff844eb4000 	C:\Users\ASUS\.gradle\native\5664cfc778a61ccfe75a443a1ab52a65af34e5dc3c78e0209fed803814484fcb\windows-amd64\native-platform-file-events.dll
0x00007ff890fd0000 - 0x00007ff890fda000 	C:\Program Files\Android\Android Studio1\jre\bin\management.dll
0x00007ff868390000 - 0x00007ff86839d000 	C:\Program Files\Android\Android Studio1\jre\bin\management_ext.dll
0x00007ff8cb240000 - 0x00007ff8cb25b000 	C:\WINDOWS\SYSTEM32\CRYPTSP.dll
0x00007ff8caae0000 - 0x00007ff8cab15000 	C:\WINDOWS\system32\rsaenh.dll
0x00007ff8cb0d0000 - 0x00007ff8cb0f8000 	C:\WINDOWS\SYSTEM32\USERENV.dll
0x00007ff8cb3f0000 - 0x00007ff8cb418000 	C:\WINDOWS\SYSTEM32\bcrypt.dll
0x00007ff8cb230000 - 0x00007ff8cb23c000 	C:\WINDOWS\SYSTEM32\CRYPTBASE.dll
0x00007ff8ca5e0000 - 0x00007ff8ca60d000 	C:\WINDOWS\SYSTEM32\IPHLPAPI.DLL
0x00007ff8cda30000 - 0x00007ff8cda39000 	C:\WINDOWS\System32\NSI.dll
0x00007ff8c43c0000 - 0x00007ff8c43d9000 	C:\WINDOWS\SYSTEM32\dhcpcsvc6.DLL
0x00007ff8c4030000 - 0x00007ff8c404f000 	C:\WINDOWS\SYSTEM32\dhcpcsvc.DLL
0x00007ff8ca650000 - 0x00007ff8ca742000 	C:\WINDOWS\SYSTEM32\DNSAPI.dll

dbghelp: loaded successfully - version: 4.0.5 - missing functions: none
symbol engine: initialized successfully - sym options: 0x614 - pdb path: .;C:\Program Files\Android\Android Studio1\jre\bin;C:\WINDOWS\SYSTEM32;C:\WINDOWS\WinSxS\amd64_microsoft.windows.common-controls_6595b64144ccf1df_6.0.22621.608_none_a9444ca7c10bb01d;C:\Program Files\Android\Android Studio1\jre\bin\server;C:\Users\ASUS\.gradle\native\e1d6ef7f7dcc3fd88c89a11ec53ec762bb8ba0a96d01ffa2cd45eb1d1d8dd5c5\windows-amd64;C:\Users\ASUS\.gradle\native\5664cfc778a61ccfe75a443a1ab52a65af34e5dc3c78e0209fed803814484fcb\windows-amd64

VM Arguments:
jvm_args: --add-opens=java.base/java.util=ALL-UNNAMED --add-opens=java.base/java.lang=ALL-UNNAMED --add-opens=java.base/java.lang.invoke=ALL-UNNAMED --add-opens=java.base/java.util=ALL-UNNAMED --add-opens=java.prefs/java.util.prefs=ALL-UNNAMED --add-opens=java.prefs/java.util.prefs=ALL-UNNAMED --add-opens=java.base/java.nio.charset=ALL-UNNAMED --add-opens=java.base/java.net=ALL-UNNAMED --add-opens=java.base/java.util.concurrent.atomic=ALL-UNNAMED -Xmx2048m -Dfile.encoding=UTF-8 -Duser.country=IN -Duser.language=en -Duser.variant 
java_command: org.gradle.launcher.daemon.bootstrap.GradleDaemon 7.3.3
java_class_path (initial): C:\Users\ASUS\.gradle\wrapper\dists\gradle-7.3.3-bin\6a41zxkdtcxs8rphpq6y0069z\gradle-7.3.3\lib\gradle-launcher-7.3.3.jar
Launcher Type: SUN_STANDARD

[Global flags]
     intx CICompilerCount                          = 4                                         {product} {ergonomic}
     uint ConcGCThreads                            = 2                                         {product} {ergonomic}
     uint G1ConcRefinementThreads                  = 8                                         {product} {ergonomic}
   size_t G1HeapRegionSize                         = 1048576                                   {product} {ergonomic}
    uintx GCDrainStackTargetSize                   = 64                                        {product} {ergonomic}
   size_t InitialHeapSize                          = 134217728                                 {product} {ergonomic}
   size_t MarkStackSize                            = 4194304                                   {product} {ergonomic}
   size_t MaxHeapSize                              = 2147483648                                {product} {command line}
   size_t MaxNewSize                               = 1287651328                                {product} {ergonomic}
   size_t MinHeapDeltaBytes                        = 1048576                                   {product} {ergonomic}
    uintx NonNMethodCodeHeapSize                   = 5836300                                {pd product} {ergonomic}
    uintx NonProfiledCodeHeapSize                  = 122910970                              {pd product} {ergonomic}
    uintx ProfiledCodeHeapSize                     = 122910970                              {pd product} {ergonomic}
    uintx ReservedCodeCacheSize                    = 251658240                              {pd product} {ergonomic}
     bool SegmentedCodeCache                       = true                                      {product} {ergonomic}
     bool UseCompressedClassPointers               = true                                 {lp64_product} {ergonomic}
     bool UseCompressedOops                        = true                                 {lp64_product} {ergonomic}
     bool UseG1GC                                  = true                                      {product} {ergonomic}
     bool UseLargePagesIndividualAllocation        = false                                  {pd product} {ergonomic}

Logging:
Log output configuration:
 #0: stdout all=warning uptime,level,tags
 #1: stderr all=off uptime,level,tags

Environment Variables:
JAVA_HOME=C:\Program Files\Java\jdk-15.0.1
PATH=C:\Program Files (x86)\VMware\VMware Player\bin\;C:\Python39\Scripts\;C:\Python39\;C:\Program Files\Common Files\Oracle\Java\javapath;C:\oraclexe\app\oracle\product\10.2.0\server\bin;C:\WINDOWS\system32;C:\WINDOWS;C:\WINDOWS\System32\Wbem;C:\WINDOWS\System32\WindowsPowerShell\v1.0\;C:\WINDOWS\System32\OpenSSH\;C:\Program Files\dotnet\;C:\ProgramData\chocolatey\bin;C:\Program Files\Java\jdk-19\bin;C:\Program Files\Git\cmd;C:\MinGW\bin;C:\Program Files\nodejs\;C:\Program Files\MySQL\MySQL Shell 8.0\bin\;C:\Users\ASUS\AppData\Local\Microsoft\WindowsApps;C:\Program Files\Java\jdk-11.0.4\bin;C:\Users\ASUS\AppData\Local\Programs\Microsoft VS Code\bin;C:\Users\ASUS\AppData\Local\GitHubDesktop\bin;C:\Program Files\JetBrains\IntelliJ IDEA Community Edition 2021.2\bin;C:\Users\ASUS\Documents\Ravi\My_Notes\docs\PHP\php;C:\Users\ASUS\AppData\Local\atom\bin;C:\Program Files\heroku\bin;C:\Users\ASUS\AppData\Roaming\npm;%USERPROFILE%\AppData\Local\Microsoft\WindowsApps;
USERNAME=ASUS
OS=Windows_NT
PROCESSOR_IDENTIFIER=Intel64 Family 6 Model 142 Stepping 10, GenuineIntel



---------------  S Y S T E M  ---------------

OS: Windows 10 , 64 bit Build 22621 (10.0.22621.1105)
OS uptime: 0 days 0:08 hours

CPU:total 8 (initial active 8) (4 cores per cpu, 2 threads per core) family 6 model 142 stepping 10 microcode 0xe0, cmov, cx8, fxsr, mmx, sse, sse2, sse3, ssse3, sse4.1, sse4.2, popcnt, avx, avx2, aes, clmul, erms, 3dnowpref, lzcnt, ht, tsc, tscinvbit, bmi1, bmi2, adx, fma

Memory: 4k page, system-wide physical 8074M (1618M free)
TotalPageFile size 8074M (AvailPageFile size 5M)
current process WorkingSet (physical memory assigned to process): 181M, peak: 181M
current process commit charge ("private bytes"): 279M, peak: 279M

vm_info: OpenJDK 64-Bit Server VM (11.0.12+7-b1504.28-7817840) for windows-amd64 JRE (11.0.12+7-b1504.28-7817840), built on Oct 13 2021 22:12:33 by "builder" with MS VC++ 14.0 (VS2015)

END.
