#
# There is insufficient memory for the Java Runtime Environment to continue.
# Native memory allocation (malloc) failed to allocate 232016 bytes for Chunk::new
# Possible reasons:
#   The system is out of physical RAM or swap space
#   The process is running with CompressedOops enabled, and the Java Heap may be blocking the growth of the native heap
# Possible solutions:
#   Reduce memory load on the system
#   Increase physical memory or swap space
#   Check if swap backing store is full
#   Decrease Java heap size (-Xmx/-Xms)
#   Decrease number of Java threads
#   Decrease Java thread stack sizes (-Xss)
#   Set larger code cache with -XX:ReservedCodeCacheSize=
#   JVM is running with Unscaled Compressed Oops mode in which the Java heap is
#     placed in the first 4GB address space. The Java Heap base address is the
#     maximum limit for the native heap growth. Please use -XX:HeapBaseMinAddress
#     to set the Java Heap base and to place the Java Heap above 4GB virtual address.
# This output file may be truncated or incomplete.
#
#  Out of Memory Error (./src/hotspot/share/memory/arena.cpp:197), pid=17436, tid=5736
#
# JRE version: OpenJDK Runtime Environment (11.0.12+7) (build 11.0.12+7-b1504.28-7817840)
# Java VM: OpenJDK 64-Bit Server VM (11.0.12+7-b1504.28-7817840, mixed mode, tiered, compressed oops, g1 gc, windows-amd64)
# No core dump will be written. Minidumps are not enabled by default on client versions of Windows
#

---------------  S U M M A R Y ------------

Command Line: --add-opens=java.base/java.util=ALL-UNNAMED --add-opens=java.base/java.lang=ALL-UNNAMED --add-opens=java.base/java.lang.invoke=ALL-UNNAMED --add-opens=java.base/java.util=ALL-UNNAMED --add-opens=java.prefs/java.util.prefs=ALL-UNNAMED --add-opens=java.prefs/java.util.prefs=ALL-UNNAMED --add-opens=java.base/java.nio.charset=ALL-UNNAMED --add-opens=java.base/java.net=ALL-UNNAMED --add-opens=java.base/java.util.concurrent.atomic=ALL-UNNAMED -Xmx2048m -Dfile.encoding=UTF-8 -Duser.country=IN -Duser.language=en -Duser.variant org.gradle.launcher.daemon.bootstrap.GradleDaemon 7.3.3

Host: Intel(R) Core(TM) i5-8250U CPU @ 1.60GHz, 8 cores, 7G,  Windows 10 , 64 bit Build 22621 (10.0.22621.1105)
Time: Wed Jan 25 12:55:08 2023 India Standard Time elapsed time: 17.232121 seconds (0d 0h 0m 17s)

---------------  T H R E A D  ---------------

Current thread (0x000001d93d00a800):  JavaThread "C2 CompilerThread2" daemon [_thread_in_native, id=5736, stack(0x0000002148300000,0x0000002148400000)]


Current CompileTask:
C2:  17232 13744       4       org.gradle.internal.snapshot.impl.DefaultValueSnapshotter::processValue (675 bytes)

Stack: [0x0000002148300000,0x0000002148400000]
Native frames: (J=compiled Java code, j=interpreted, Vv=VM code, C=native code)
V  [jvm.dll+0x5fbcea]
V  [jvm.dll+0x731905]
V  [jvm.dll+0x732f1d]
V  [jvm.dll+0x7335d3]
V  [jvm.dll+0x247bf8]
V  [jvm.dll+0xc018c]
V  [jvm.dll+0xc06cc]
V  [jvm.dll+0x4f525d]
V  [jvm.dll+0x19d0d1]
V  [jvm.dll+0x20070e]
V  [jvm.dll+0x1ff794]
V  [jvm.dll+0x18868c]
V  [jvm.dll+0x20e0d7]
V  [jvm.dll+0x20c901]
V  [jvm.dll+0x6f9b7f]
V  [jvm.dll+0x6f26a5]
V  [jvm.dll+0x5fabf6]
C  [ucrtbase.dll+0x29363]
C  [KERNEL32.DLL+0x126bd]
C  [ntdll.dll+0x5dfb8]


---------------  P R O C E S S  ---------------

Threads class SMR info:
_java_thread_list=0x000001d9442a7c00, length=144, elements={
0x000001d91c61c000, 0x000001d938a50000, 0x000001d938a5b000, 0x000001d938a6c000,
0x000001d938a6d800, 0x000001d938a71800, 0x000001d938a75800, 0x000001d938a77000,
0x000001d938a79800, 0x000001d93953c000, 0x000001d93b7d6800, 0x000001d93a337800,
0x000001d939a59800, 0x000001d93a4d8800, 0x000001d93a9ed000, 0x000001d93c45a800,
0x000001d939c40000, 0x000001d93bded000, 0x000001d93bdee000, 0x000001d93af3e800,
0x000001d93af41800, 0x000001d93af40000, 0x000001d93af3f800, 0x000001d93c9ba800,
0x000001d93af3d800, 0x000001d93d00a800, 0x000001d93af42800, 0x000001d93af3d000,
0x000001d93af43800, 0x000001d93af41000, 0x000001d93cf8f800, 0x000001d93cf92000,
0x000001d93cf93000, 0x000001d93cf94000, 0x000001d93cf94800, 0x000001d93cf95800,
0x000001d93cf96000, 0x000001d93cf97000, 0x000001d93cf91800, 0x000001d93cf9b000,
0x000001d93cf99800, 0x000001d93cf98000, 0x000001d93cf9c000, 0x000001d93cf9d000,
0x000001d93cf9d800, 0x000001d93cf98800, 0x000001d93cf9a800, 0x000001d940313800,
0x000001d940311000, 0x000001d940314800, 0x000001d940312000, 0x000001d940312800,
0x000001d940315000, 0x000001d940316000, 0x000001d940310800, 0x000001d940317800,
0x000001d940318800, 0x000001d940319800, 0x000001d94031c800, 0x000001d940317000,
0x000001d94031a000, 0x000001d94031d800, 0x000001d94031b800, 0x000001d94031b000,
0x000001d94031e000, 0x000001d94031f000, 0x000001d93d222000, 0x000001d93d222800,
0x000001d93d223800, 0x000001d93d225000, 0x000001d93d21f800, 0x000001d93d224800,
0x000001d93d226000, 0x000001d93d221000, 0x000001d93d220000, 0x000001d93d226800,
0x000001d93d22b800, 0x000001d93d227800, 0x000001d93d22b000, 0x000001d93d22c800,
0x000001d93d229000, 0x000001d93d22a000, 0x000001d93d22d000, 0x000001d93d22e000,
0x000001d93d228800, 0x000001d93d0bb800, 0x000001d93d0bc800, 0x000001d93d0bb000,
0x000001d93d0bd800, 0x000001d93d0b8800, 0x000001d93d0be000, 0x000001d93d0bf000,
0x000001d93d0b9000, 0x000001d93d0bf800, 0x000001d93d0ba000, 0x000001d93d0c4000,
0x000001d93d0c5800, 0x000001d93d0c4800, 0x000001d93d0c0800, 0x000001d93d0c6800,
0x000001d93d0c7000, 0x000001d93d0c1800, 0x000001d93d0c2000, 0x000001d93d0c3000,
0x000001d93c602800, 0x000001d93c601800, 0x000001d93c5fd800, 0x000001d93c5fc800,
0x000001d93c604000, 0x000001d93c5fe000, 0x000001d93c604800, 0x000001d93c603000,
0x000001d93c5ff000, 0x000001d93c605800, 0x000001d93c600000, 0x000001d93c606800,
0x000001d93c600800, 0x000001d93c607000, 0x000001d93c609000, 0x000001d93c609800,
0x000001d93c608000, 0x000001d93c60b800, 0x000001d93c60a800, 0x000001d940892800,
0x000001d940891000, 0x000001d940893000, 0x000001d940894000, 0x000001d940897800,
0x000001d940895000, 0x000001d940896800, 0x000001d940891800, 0x000001d9444ac800,
0x000001d9444ae000, 0x000001d9444ae800, 0x000001d9444ab800, 0x000001d9444ad000,
0x000001d9444af800, 0x000001d9444aa000, 0x000001d9444b0800, 0x000001d9444aa800,
0x000001d9444b3800, 0x000001d9444b5000, 0x000001d9444b2000, 0x000001d9444b6000
}

Java Threads: ( => current thread )
  0x000001d91c61c000 JavaThread "main" [_thread_blocked, id=16276, stack(0x0000002145b00000,0x0000002145c00000)]
  0x000001d938a50000 JavaThread "Reference Handler" daemon [_thread_blocked, id=17548, stack(0x0000002146200000,0x0000002146300000)]
  0x000001d938a5b000 JavaThread "Finalizer" daemon [_thread_blocked, id=18092, stack(0x0000002146300000,0x0000002146400000)]
  0x000001d938a6c000 JavaThread "Signal Dispatcher" daemon [_thread_blocked, id=15872, stack(0x0000002146400000,0x0000002146500000)]
  0x000001d938a6d800 JavaThread "Attach Listener" daemon [_thread_blocked, id=15252, stack(0x0000002146500000,0x0000002146600000)]
  0x000001d938a71800 JavaThread "Service Thread" daemon [_thread_blocked, id=15720, stack(0x0000002146600000,0x0000002146700000)]
  0x000001d938a75800 JavaThread "C2 CompilerThread0" daemon [_thread_in_native, id=16784, stack(0x0000002146700000,0x0000002146800000)]
  0x000001d938a77000 JavaThread "C1 CompilerThread0" daemon [_thread_blocked, id=14504, stack(0x0000002146800000,0x0000002146900000)]
  0x000001d938a79800 JavaThread "Sweeper thread" daemon [_thread_blocked, id=18088, stack(0x0000002146900000,0x0000002146a00000)]
  0x000001d93953c000 JavaThread "Common-Cleaner" daemon [_thread_blocked, id=9312, stack(0x0000002146a00000,0x0000002146b00000)]
  0x000001d93b7d6800 JavaThread "Daemon health stats" [_thread_blocked, id=1820, stack(0x0000002147000000,0x0000002147100000)]
  0x000001d93a337800 JavaThread "Incoming local TCP Connector on port 50351" [_thread_in_native, id=17628, stack(0x0000002146c00000,0x0000002146d00000)]
  0x000001d939a59800 JavaThread "Daemon periodic checks" [_thread_blocked, id=3564, stack(0x0000002146d00000,0x0000002146e00000)]
  0x000001d93a4d8800 JavaThread "Daemon" [_thread_blocked, id=4900, stack(0x0000002147100000,0x0000002147200000)]
  0x000001d93a9ed000 JavaThread "Handler for socket connection from /127.0.0.1:50351 to /127.0.0.1:50352" [_thread_in_native, id=16924, stack(0x0000002147200000,0x0000002147300000)]
  0x000001d93c45a800 JavaThread "Cancel handler" [_thread_blocked, id=1956, stack(0x0000002147300000,0x0000002147400000)]
  0x000001d939c40000 JavaThread "Daemon worker" [_thread_blocked, id=17364, stack(0x0000002147400000,0x0000002147500000)]
  0x000001d93bded000 JavaThread "Asynchronous log dispatcher for DefaultDaemonConnection: socket connection from /127.0.0.1:50351 to /127.0.0.1:50352" [_thread_blocked, id=14612, stack(0x0000002147500000,0x0000002147600000)]
  0x000001d93bdee000 JavaThread "Stdin handler" [_thread_blocked, id=1232, stack(0x0000002147600000,0x0000002147700000)]
  0x000001d93af3e800 JavaThread "Daemon client event forwarder" [_thread_blocked, id=14448, stack(0x0000002147700000,0x0000002147800000)]
  0x000001d93af41800 JavaThread "Cache worker for journal cache (C:\Users\ASUS\.gradle\caches\journal-1)" [_thread_blocked, id=15180, stack(0x0000002147d00000,0x0000002147e00000)]
  0x000001d93af40000 JavaThread "File lock request listener" [_thread_in_native, id=11988, stack(0x0000002147e00000,0x0000002147f00000)]
  0x000001d93af3f800 JavaThread "Cache worker for file hash cache (C:\Users\ASUS\.gradle\caches\7.3.3\fileHashes)" [_thread_blocked, id=14832, stack(0x0000002147f00000,0x0000002148000000)]
  0x000001d93c9ba800 JavaThread "C2 CompilerThread1" daemon [_thread_in_native, id=7376, stack(0x0000002148100000,0x0000002148200000)]
  0x000001d93af3d800 JavaThread "Cache worker for file hash cache (C:\Users\ASUS\Documents\Ravi\Projects\ANDROID\BasicProjects\User_Input_Custom_List_View\.gradle\7.3.3\fileHashes)" [_thread_blocked, id=2380, stack(0x0000002148200000,0x0000002148300000)]
=>0x000001d93d00a800 JavaThread "C2 CompilerThread2" daemon [_thread_in_native, id=5736, stack(0x0000002148300000,0x0000002148400000)]
  0x000001d93af42800 JavaThread "File watcher server" daemon [_thread_in_native, id=1260, stack(0x0000002148400000,0x0000002148500000)]
  0x000001d93af3d000 JavaThread "File watcher consumer" daemon [_thread_blocked, id=5048, stack(0x0000002148500000,0x0000002148600000)]
  0x000001d93af43800 JavaThread "Cache worker for checksums cache (C:\Users\ASUS\Documents\Ravi\Projects\ANDROID\BasicProjects\User_Input_Custom_List_View\.gradle\7.3.3\checksums)" [_thread_blocked, id=11984, stack(0x0000002148600000,0x0000002148700000)]
  0x000001d93af41000 JavaThread "Cache worker for cache directory md-supplier (C:\Users\ASUS\.gradle\caches\7.3.3\md-supplier)" [_thread_blocked, id=6716, stack(0x0000002148700000,0x0000002148800000)]
  0x000001d93cf8f800 JavaThread "Cache worker for cache directory md-rule (C:\Users\ASUS\.gradle\caches\7.3.3\md-rule)" [_thread_blocked, id=3428, stack(0x0000002148800000,0x0000002148900000)]
  0x000001d93cf92000 JavaThread "Cache worker for execution history cache (C:\Users\ASUS\.gradle\caches\7.3.3\executionHistory)" [_thread_blocked, id=2076, stack(0x0000002148900000,0x0000002148a00000)]
  0x000001d93cf93000 JavaThread "jar transforms" [_thread_blocked, id=3036, stack(0x0000002148a00000,0x0000002148b00000)]
  0x000001d93cf94000 JavaThread "Cache worker for file content cache (C:\Users\ASUS\.gradle\caches\7.3.3\fileContent)" [_thread_blocked, id=10984, stack(0x0000002148b00000,0x0000002148c00000)]
  0x000001d93cf94800 JavaThread "jar transforms Thread 2" [_thread_blocked, id=11916, stack(0x0000002148c00000,0x0000002148d00000)]
  0x000001d93cf95800 JavaThread "Cache worker for dependencies-accessors (C:\Users\ASUS\Documents\Ravi\Projects\ANDROID\BasicProjects\User_Input_Custom_List_View\.gradle\7.3.3\dependencies-accessors)" [_thread_blocked, id=14812, stack(0x0000002148d00000,0x0000002148e00000)]
  0x000001d93cf96000 JavaThread "jar transforms Thread 3" [_thread_blocked, id=15092, stack(0x0000002148e00000,0x0000002148f00000)]
  0x000001d93cf97000 JavaThread "Cache worker for Build Output Cleanup Cache (C:\Users\ASUS\Documents\Ravi\Projects\ANDROID\BasicProjects\User_Input_Custom_List_View\.gradle\buildOutputCleanup)" [_thread_blocked, id=15340, stack(0x0000002148f00000,0x0000002149000000)]
  0x000001d93cf91800 JavaThread "Unconstrained build operations" [_thread_blocked, id=16132, stack(0x0000002149000000,0x0000002149100000)]
  0x000001d93cf9b000 JavaThread "Unconstrained build operations Thread 2" [_thread_blocked, id=14928, stack(0x0000002149100000,0x0000002149200000)]
  0x000001d93cf99800 JavaThread "Unconstrained build operations Thread 3" [_thread_blocked, id=15708, stack(0x0000002149200000,0x0000002149300000)]
  0x000001d93cf98000 JavaThread "Unconstrained build operations Thread 4" [_thread_blocked, id=3052, stack(0x0000002149300000,0x0000002149400000)]
  0x000001d93cf9c000 JavaThread "Unconstrained build operations Thread 5" [_thread_blocked, id=15556, stack(0x0000002149400000,0x0000002149500000)]
  0x000001d93cf9d000 JavaThread "Unconstrained build operations Thread 6" [_thread_blocked, id=16096, stack(0x0000002149500000,0x0000002149600000)]
  0x000001d93cf9d800 JavaThread "Unconstrained build operations Thread 7" [_thread_blocked, id=15516, stack(0x0000002149600000,0x0000002149700000)]
  0x000001d93cf98800 JavaThread "Unconstrained build operations Thread 8" [_thread_blocked, id=4604, stack(0x0000002149700000,0x0000002149800000)]
  0x000001d93cf9a800 JavaThread "Unconstrained build operations Thread 9" [_thread_blocked, id=11204, stack(0x0000002149800000,0x0000002149900000)]
  0x000001d940313800 JavaThread "Unconstrained build operations Thread 10" [_thread_blocked, id=14924, stack(0x0000002149900000,0x0000002149a00000)]
  0x000001d940311000 JavaThread "Unconstrained build operations Thread 11" [_thread_blocked, id=13276, stack(0x0000002149a00000,0x0000002149b00000)]
  0x000001d940314800 JavaThread "Unconstrained build operations Thread 12" [_thread_blocked, id=9148, stack(0x0000002149b00000,0x0000002149c00000)]
  0x000001d940312000 JavaThread "Unconstrained build operations Thread 13" [_thread_blocked, id=10928, stack(0x0000002149c00000,0x0000002149d00000)]
  0x000001d940312800 JavaThread "Unconstrained build operations Thread 14" [_thread_in_native, id=6444, stack(0x0000002149d00000,0x0000002149e00000)]
  0x000001d940315000 JavaThread "Unconstrained build operations Thread 15" [_thread_blocked, id=10628, stack(0x0000002149e00000,0x0000002149f00000)]
  0x000001d940316000 JavaThread "Unconstrained build operations Thread 16" [_thread_blocked, id=9616, stack(0x0000002149f00000,0x000000214a000000)]
  0x000001d940310800 JavaThread "Unconstrained build operations Thread 17" [_thread_blocked, id=14880, stack(0x000000214a000000,0x000000214a100000)]
  0x000001d940317800 JavaThread "Unconstrained build operations Thread 18" [_thread_blocked, id=13444, stack(0x000000214a100000,0x000000214a200000)]
  0x000001d940318800 JavaThread "Unconstrained build operations Thread 19" [_thread_blocked, id=15564, stack(0x000000214a200000,0x000000214a300000)]
  0x000001d940319800 JavaThread "Unconstrained build operations Thread 20" [_thread_blocked, id=4028, stack(0x000000214a300000,0x000000214a400000)]
  0x000001d94031c800 JavaThread "Unconstrained build operations Thread 21" [_thread_blocked, id=13852, stack(0x000000214a400000,0x000000214a500000)]
  0x000001d940317000 JavaThread "Unconstrained build operations Thread 22" [_thread_blocked, id=12900, stack(0x000000214a500000,0x000000214a600000)]
  0x000001d94031a000 JavaThread "Unconstrained build operations Thread 23" [_thread_blocked, id=13368, stack(0x000000214a600000,0x000000214a700000)]
  0x000001d94031d800 JavaThread "Unconstrained build operations Thread 24" [_thread_blocked, id=15156, stack(0x000000214a700000,0x000000214a800000)]
  0x000001d94031b800 JavaThread "Unconstrained build operations Thread 25" [_thread_blocked, id=13488, stack(0x000000214a800000,0x000000214a900000)]
  0x000001d94031b000 JavaThread "Unconstrained build operations Thread 26" [_thread_blocked, id=5552, stack(0x000000214a900000,0x000000214aa00000)]
  0x000001d94031e000 JavaThread "Unconstrained build operations Thread 27" [_thread_blocked, id=1252, stack(0x000000214aa00000,0x000000214ab00000)]
  0x000001d94031f000 JavaThread "Unconstrained build operations Thread 28" [_thread_blocked, id=14968, stack(0x000000214ab00000,0x000000214ac00000)]
  0x000001d93d222000 JavaThread "Unconstrained build operations Thread 29" [_thread_in_native, id=14796, stack(0x000000214ac00000,0x000000214ad00000)]
  0x000001d93d222800 JavaThread "Unconstrained build operations Thread 30" [_thread_blocked, id=14900, stack(0x000000214ad00000,0x000000214ae00000)]
  0x000001d93d223800 JavaThread "Unconstrained build operations Thread 31" [_thread_blocked, id=13668, stack(0x000000214ae00000,0x000000214af00000)]
  0x000001d93d225000 JavaThread "Unconstrained build operations Thread 32" [_thread_blocked, id=15600, stack(0x000000214af00000,0x000000214b000000)]
  0x000001d93d21f800 JavaThread "Unconstrained build operations Thread 33" [_thread_blocked, id=15532, stack(0x000000214b000000,0x000000214b100000)]
  0x000001d93d224800 JavaThread "Unconstrained build operations Thread 34" [_thread_blocked, id=14944, stack(0x000000214b100000,0x000000214b200000)]
  0x000001d93d226000 JavaThread "Unconstrained build operations Thread 35" [_thread_blocked, id=15692, stack(0x000000214b200000,0x000000214b300000)]
  0x000001d93d221000 JavaThread "Unconstrained build operations Thread 36" [_thread_blocked, id=12692, stack(0x000000214b300000,0x000000214b400000)]
  0x000001d93d220000 JavaThread "Unconstrained build operations Thread 37" [_thread_blocked, id=15808, stack(0x000000214b400000,0x000000214b500000)]
  0x000001d93d226800 JavaThread "Unconstrained build operations Thread 38" [_thread_blocked, id=12056, stack(0x000000214b500000,0x000000214b600000)]
  0x000001d93d22b800 JavaThread "Unconstrained build operations Thread 39" [_thread_blocked, id=6428, stack(0x000000214b600000,0x000000214b700000)]
  0x000001d93d227800 JavaThread "Unconstrained build operations Thread 40" [_thread_blocked, id=14948, stack(0x000000214b700000,0x000000214b800000)]
  0x000001d93d22b000 JavaThread "Unconstrained build operations Thread 41" [_thread_blocked, id=15024, stack(0x000000214b800000,0x000000214b900000)]
  0x000001d93d22c800 JavaThread "Unconstrained build operations Thread 42" [_thread_blocked, id=15116, stack(0x000000214b900000,0x000000214ba00000)]
  0x000001d93d229000 JavaThread "Unconstrained build operations Thread 43" [_thread_blocked, id=6324, stack(0x000000214ba00000,0x000000214bb00000)]
  0x000001d93d22a000 JavaThread "Unconstrained build operations Thread 44" [_thread_in_native, id=7760, stack(0x000000214bb00000,0x000000214bc00000)]
  0x000001d93d22d000 JavaThread "Unconstrained build operations Thread 45" [_thread_blocked, id=15292, stack(0x000000214bc00000,0x000000214bd00000)]
  0x000001d93d22e000 JavaThread "Unconstrained build operations Thread 46" [_thread_blocked, id=16296, stack(0x000000214bd00000,0x000000214be00000)]
  0x000001d93d228800 JavaThread "Unconstrained build operations Thread 47" [_thread_blocked, id=15084, stack(0x000000214be00000,0x000000214bf00000)]
  0x000001d93d0bb800 JavaThread "Unconstrained build operations Thread 48" [_thread_blocked, id=15112, stack(0x000000214bf00000,0x000000214c000000)]
  0x000001d93d0bc800 JavaThread "Unconstrained build operations Thread 49" [_thread_blocked, id=15300, stack(0x000000214c000000,0x000000214c100000)]
  0x000001d93d0bb000 JavaThread "Unconstrained build operations Thread 50" [_thread_in_native, id=15460, stack(0x000000214c100000,0x000000214c200000)]
  0x000001d93d0bd800 JavaThread "Unconstrained build operations Thread 51" [_thread_blocked, id=13760, stack(0x000000214c200000,0x000000214c300000)]
  0x000001d93d0b8800 JavaThread "Unconstrained build operations Thread 52" [_thread_blocked, id=15584, stack(0x000000214c300000,0x000000214c400000)]
  0x000001d93d0be000 JavaThread "Unconstrained build operations Thread 53" [_thread_blocked, id=13700, stack(0x000000214c400000,0x000000214c500000)]
  0x000001d93d0bf000 JavaThread "Unconstrained build operations Thread 54" [_thread_blocked, id=14816, stack(0x000000214c500000,0x000000214c600000)]
  0x000001d93d0b9000 JavaThread "Unconstrained build operations Thread 55" [_thread_blocked, id=13672, stack(0x000000214c600000,0x000000214c700000)]
  0x000001d93d0bf800 JavaThread "Unconstrained build operations Thread 56" [_thread_blocked, id=7820, stack(0x000000214c700000,0x000000214c800000)]
  0x000001d93d0ba000 JavaThread "Unconstrained build operations Thread 57" [_thread_blocked, id=16048, stack(0x000000214c800000,0x000000214c900000)]
  0x000001d93d0c4000 JavaThread "Unconstrained build operations Thread 58" [_thread_blocked, id=15672, stack(0x000000214c900000,0x000000214ca00000)]
  0x000001d93d0c5800 JavaThread "Unconstrained build operations Thread 59" [_thread_blocked, id=15976, stack(0x000000214ca00000,0x000000214cb00000)]
  0x000001d93d0c4800 JavaThread "Unconstrained build operations Thread 60" [_thread_blocked, id=15448, stack(0x000000214cb00000,0x000000214cc00000)]
  0x000001d93d0c0800 JavaThread "Unconstrained build operations Thread 61" [_thread_blocked, id=13744, stack(0x000000214cc00000,0x000000214cd00000)]
  0x000001d93d0c6800 JavaThread "Unconstrained build operations Thread 62" [_thread_blocked, id=1456, stack(0x000000214cd00000,0x000000214ce00000)]
  0x000001d93d0c7000 JavaThread "Unconstrained build operations Thread 63" [_thread_blocked, id=11208, stack(0x000000214ce00000,0x000000214cf00000)]
  0x000001d93d0c1800 JavaThread "Unconstrained build operations Thread 64" [_thread_blocked, id=15924, stack(0x000000214cf00000,0x000000214d000000)]
  0x000001d93d0c2000 JavaThread "Unconstrained build operations Thread 65" [_thread_blocked, id=3752, stack(0x000000214d000000,0x000000214d100000)]
  0x000001d93d0c3000 JavaThread "Unconstrained build operations Thread 66" [_thread_blocked, id=7140, stack(0x000000214d100000,0x000000214d200000)]
  0x000001d93c602800 JavaThread "Unconstrained build operations Thread 67" [_thread_blocked, id=1668, stack(0x000000214d200000,0x000000214d300000)]
  0x000001d93c601800 JavaThread "Unconstrained build operations Thread 68" [_thread_blocked, id=6488, stack(0x000000214d300000,0x000000214d400000)]
  0x000001d93c5fd800 JavaThread "Unconstrained build operations Thread 69" [_thread_blocked, id=13188, stack(0x000000214d400000,0x000000214d500000)]
  0x000001d93c5fc800 JavaThread "Unconstrained build operations Thread 70" [_thread_blocked, id=15856, stack(0x000000214d500000,0x000000214d600000)]
  0x000001d93c604000 JavaThread "Unconstrained build operations Thread 71" [_thread_blocked, id=13664, stack(0x000000214d600000,0x000000214d700000)]
  0x000001d93c5fe000 JavaThread "Unconstrained build operations Thread 72" [_thread_blocked, id=14820, stack(0x000000214d700000,0x000000214d800000)]
  0x000001d93c604800 JavaThread "Unconstrained build operations Thread 73" [_thread_blocked, id=12484, stack(0x000000214d800000,0x000000214d900000)]
  0x000001d93c603000 JavaThread "Unconstrained build operations Thread 74" [_thread_blocked, id=15728, stack(0x000000214d900000,0x000000214da00000)]
  0x000001d93c5ff000 JavaThread "Unconstrained build operations Thread 75" [_thread_blocked, id=7076, stack(0x000000214da00000,0x000000214db00000)]
  0x000001d93c605800 JavaThread "Unconstrained build operations Thread 76" [_thread_blocked, id=4224, stack(0x000000214db00000,0x000000214dc00000)]
  0x000001d93c600000 JavaThread "Unconstrained build operations Thread 77" [_thread_blocked, id=16140, stack(0x000000214dc00000,0x000000214dd00000)]
  0x000001d93c606800 JavaThread "Unconstrained build operations Thread 78" [_thread_blocked, id=15044, stack(0x000000214dd00000,0x000000214de00000)]
  0x000001d93c600800 JavaThread "Unconstrained build operations Thread 79" [_thread_blocked, id=15380, stack(0x000000214de00000,0x000000214df00000)]
  0x000001d93c607000 JavaThread "Unconstrained build operations Thread 80" [_thread_blocked, id=15820, stack(0x000000214df00000,0x000000214e000000)]
  0x000001d93c609000 JavaThread "jar transforms Thread 4" [_thread_blocked, id=15144, stack(0x000000214e000000,0x000000214e100000)]
  0x000001d93c609800 JavaThread "jar transforms Thread 5" [_thread_blocked, id=16216, stack(0x000000214e100000,0x000000214e200000)]
  0x000001d93c608000 JavaThread "jar transforms Thread 6" [_thread_blocked, id=7400, stack(0x000000214e200000,0x000000214e300000)]
  0x000001d93c60b800 JavaThread "jar transforms Thread 7" [_thread_blocked, id=5072, stack(0x000000214e300000,0x000000214e400000)]
  0x000001d93c60a800 JavaThread "jar transforms Thread 8" [_thread_blocked, id=15420, stack(0x000000214e400000,0x000000214e500000)]
  0x000001d940892800 JavaThread "Memory manager" [_thread_blocked, id=15328, stack(0x000000214e500000,0x000000214e600000)]
  0x000001d940891000 JavaThread "build event listener" [_thread_blocked, id=15740, stack(0x000000214e600000,0x000000214e700000)]
  0x000001d940893000 JavaThread "build event listener" [_thread_blocked, id=15760, stack(0x000000214e700000,0x000000214e800000)]
  0x000001d940894000 JavaThread "pool-3-thread-1" [_thread_blocked, id=16360, stack(0x000000214e800000,0x000000214e900000)]
  0x000001d940897800 JavaThread "build event listener" [_thread_blocked, id=8996, stack(0x000000214e900000,0x000000214ea00000)]
  0x000001d940895000 JavaThread "Execution worker for ':'" [_thread_blocked, id=15668, stack(0x000000214ea00000,0x000000214eb00000)]
  0x000001d940896800 JavaThread "Execution worker for ':' Thread 2" [_thread_blocked, id=16256, stack(0x000000214eb00000,0x000000214ec00000)]
  0x000001d940891800 JavaThread "Execution worker for ':' Thread 3" [_thread_blocked, id=2676, stack(0x000000214ec00000,0x000000214ed00000)]
  0x000001d9444ac800 JavaThread "Execution worker for ':' Thread 4" [_thread_blocked, id=16012, stack(0x000000214ed00000,0x000000214ee00000)]
  0x000001d9444ae000 JavaThread "Execution worker for ':' Thread 5" [_thread_blocked, id=16184, stack(0x000000214ee00000,0x000000214ef00000)]
  0x000001d9444ae800 JavaThread "Execution worker for ':' Thread 6" [_thread_blocked, id=7756, stack(0x000000214ef00000,0x000000214f000000)]
  0x000001d9444ab800 JavaThread "Execution worker for ':' Thread 7" [_thread_blocked, id=14488, stack(0x000000214f000000,0x000000214f100000)]
  0x000001d9444ad000 JavaThread "Cache worker for execution history cache (C:\Users\ASUS\Documents\Ravi\Projects\ANDROID\BasicProjects\User_Input_Custom_List_View\.gradle\7.3.3\executionHistory)" [_thread_blocked, id=14032, stack(0x000000214f100000,0x000000214f200000)]
  0x000001d9444af800 JavaThread "WorkerExecutor Queue" [_thread_blocked, id=15444, stack(0x000000214f200000,0x000000214f300000)]
  0x000001d9444aa000 JavaThread "WorkerExecutor Queue Thread 2" [_thread_blocked, id=16056, stack(0x000000214f300000,0x000000214f400000)]
  0x000001d9444b0800 JavaThread "WorkerExecutor Queue Thread 3" [_thread_blocked, id=3704, stack(0x000000214f400000,0x000000214f500000)]
  0x000001d9444aa800 JavaThread "WorkerExecutor Queue Thread 4" [_thread_blocked, id=15392, stack(0x000000214f500000,0x000000214f600000)]
  0x000001d9444b3800 JavaThread "WorkerExecutor Queue Thread 5" [_thread_blocked, id=15948, stack(0x000000214f600000,0x000000214f700000)]
  0x000001d9444b5000 JavaThread "WorkerExecutor Queue Thread 6" [_thread_blocked, id=7712, stack(0x000000214f700000,0x000000214f800000)]
  0x000001d9444b2000 JavaThread "WorkerExecutor Queue Thread 7" [_thread_blocked, id=2084, stack(0x000000214f800000,0x000000214f900000)]
  0x000001d9444b6000 JavaThread "WorkerExecutor Queue Thread 8" [_thread_blocked, id=13876, stack(0x000000214f900000,0x000000214fa00000)]

Other Threads:
  0x000001d938a4c000 VMThread "VM Thread" [stack: 0x0000002146100000,0x0000002146200000] [id=17944]
  0x000001d93954d800 WatcherThread [stack: 0x0000002146b00000,0x0000002146c00000] [id=17596]
  0x000001d91c635000 GCTaskThread "GC Thread#0" [stack: 0x0000002145c00000,0x0000002145d00000] [id=16472]
  0x000001d93a845800 GCTaskThread "GC Thread#1" [stack: 0x0000002146e00000,0x0000002146f00000] [id=1816]
  0x000001d93a1ed800 GCTaskThread "GC Thread#2" [stack: 0x0000002146f00000,0x0000002147000000] [id=16036]
  0x000001d93b93e000 GCTaskThread "GC Thread#3" [stack: 0x0000002147800000,0x0000002147900000] [id=13172]
  0x000001d93b93f000 GCTaskThread "GC Thread#4" [stack: 0x0000002147900000,0x0000002147a00000] [id=11884]
  0x000001d93a3d2800 GCTaskThread "GC Thread#5" [stack: 0x0000002147a00000,0x0000002147b00000] [id=14868]
  0x000001d93a3d3000 GCTaskThread "GC Thread#6" [stack: 0x0000002147b00000,0x0000002147c00000] [id=2996]
  0x000001d93ba88800 GCTaskThread "GC Thread#7" [stack: 0x0000002147c00000,0x0000002147d00000] [id=14672]
  0x000001d91c668800 ConcurrentGCThread "G1 Main Marker" [stack: 0x0000002145d00000,0x0000002145e00000] [id=17848]
  0x000001d91c66a800 ConcurrentGCThread "G1 Conc#0" [stack: 0x0000002145e00000,0x0000002145f00000] [id=17948]
  0x000001d93b2ff000 ConcurrentGCThread "G1 Conc#1" [stack: 0x0000002148000000,0x0000002148100000] [id=13904]
  0x000001d91c6ec800 ConcurrentGCThread "G1 Refine#0" [stack: 0x0000002145f00000,0x0000002146000000] [id=14628]
  0x000001d91c6ed800 ConcurrentGCThread "G1 Young RemSet Sampling" [stack: 0x0000002146000000,0x0000002146100000] [id=15416]

Threads with active compile tasks:
C2 CompilerThread0  17280 13927   !   4       org.gradle.internal.classloader.FilteringClassLoader::loadClass (62 bytes)
C2 CompilerThread1  17280 13925       4       org.gradle.internal.file.FilePathUtil::sizeOfCommonPrefix (142 bytes)
C2 CompilerThread2  17280 13744       4       org.gradle.internal.snapshot.impl.DefaultValueSnapshotter::processValue (675 bytes)

VM state:not at safepoint (normal execution)

VM Mutex/Monitor currently owned by a thread: None

OutOfMemory and StackOverflow Exception counts:
OutOfMemoryError java_heap_errors=1
LinkageErrors=153

Heap address: 0x0000000080000000, size: 2048 MB, Compressed Oops mode: 32-bit
Narrow klass base: 0x0000000000000000, Narrow klass shift: 3
Compressed class space size: 1073741824 Address: 0x0000000100000000

Heap:
 garbage-first heap   total 227328K, used 159608K [0x0000000080000000, 0x0000000100000000)
  region size 1024K, 60 young (61440K), 8 survivors (8192K)
 Metaspace       used 104268K, capacity 106595K, committed 106828K, reserved 1142784K
  class space    used 13016K, capacity 13875K, committed 13952K, reserved 1048576K
Heap Regions: E=young(eden), S=young(survivor), O=old, HS=humongous(starts), HC=humongous(continues), CS=collection set, F=free, A=archive, TAMS=top-at-mark-start (previous, next)
|   0|0x0000000080000000, 0x0000000080100000, 0x0000000080100000|100%| O|  |TAMS 0x0000000080100000, 0x0000000080000000| Untracked 
|   1|0x0000000080100000, 0x0000000080200000, 0x0000000080200000|100%| O|  |TAMS 0x0000000080200000, 0x0000000080100000| Untracked 
|   2|0x0000000080200000, 0x0000000080300000, 0x0000000080300000|100%| O|  |TAMS 0x0000000080300000, 0x0000000080200000| Untracked 
|   3|0x0000000080300000, 0x0000000080400000, 0x0000000080400000|100%|HS|  |TAMS 0x0000000080400000, 0x0000000080300000| Complete 
|   4|0x0000000080400000, 0x0000000080500000, 0x0000000080500000|100%|HC|  |TAMS 0x0000000080500000, 0x0000000080400000| Complete 
|   5|0x0000000080500000, 0x0000000080600000, 0x0000000080600000|100%|HC|  |TAMS 0x0000000080600000, 0x0000000080500000| Complete 
|   6|0x0000000080600000, 0x0000000080700000, 0x0000000080700000|100%| O|  |TAMS 0x0000000080700000, 0x0000000080600000| Untracked 
|   7|0x0000000080700000, 0x0000000080800000, 0x0000000080800000|100%| O|  |TAMS 0x0000000080800000, 0x0000000080700000| Untracked 
|   8|0x0000000080800000, 0x0000000080900000, 0x0000000080900000|100%| O|  |TAMS 0x0000000080900000, 0x0000000080800000| Untracked 
|   9|0x0000000080900000, 0x0000000080a00000, 0x0000000080a00000|100%| O|  |TAMS 0x0000000080a00000, 0x0000000080900000| Untracked 
|  10|0x0000000080a00000, 0x0000000080b00000, 0x0000000080b00000|100%| O|  |TAMS 0x0000000080b00000, 0x0000000080a00000| Untracked 
|  11|0x0000000080b00000, 0x0000000080c00000, 0x0000000080c00000|100%| O|  |TAMS 0x0000000080c00000, 0x0000000080b00000| Untracked 
|  12|0x0000000080c00000, 0x0000000080d00000, 0x0000000080d00000|100%| O|  |TAMS 0x0000000080d00000, 0x0000000080c00000| Untracked 
|  13|0x0000000080d00000, 0x0000000080e00000, 0x0000000080e00000|100%| O|  |TAMS 0x0000000080e00000, 0x0000000080d00000| Untracked 
|  14|0x0000000080e00000, 0x0000000080f00000, 0x0000000080f00000|100%| O|  |TAMS 0x0000000080f00000, 0x0000000080e00000| Untracked 
|  15|0x0000000080f00000, 0x0000000081000000, 0x0000000081000000|100%| O|  |TAMS 0x0000000081000000, 0x0000000080f00000| Untracked 
|  16|0x0000000081000000, 0x0000000081100000, 0x0000000081100000|100%|HS|  |TAMS 0x0000000081100000, 0x0000000081000000| Complete 
|  17|0x0000000081100000, 0x0000000081200000, 0x0000000081200000|100%| O|  |TAMS 0x0000000081200000, 0x0000000081100000| Untracked 
|  18|0x0000000081200000, 0x0000000081300000, 0x0000000081300000|100%| O|  |TAMS 0x0000000081300000, 0x0000000081200000| Untracked 
|  19|0x0000000081300000, 0x0000000081400000, 0x0000000081400000|100%| O|  |TAMS 0x0000000081400000, 0x0000000081300000| Untracked 
|  20|0x0000000081400000, 0x0000000081500000, 0x0000000081500000|100%| O|  |TAMS 0x0000000081500000, 0x0000000081400000| Untracked 
|  21|0x0000000081500000, 0x0000000081600000, 0x0000000081600000|100%| O|  |TAMS 0x0000000081600000, 0x0000000081500000| Untracked 
|  22|0x0000000081600000, 0x0000000081700000, 0x0000000081700000|100%| O|  |TAMS 0x0000000081700000, 0x0000000081600000| Untracked 
|  23|0x0000000081700000, 0x0000000081800000, 0x0000000081800000|100%|HS|  |TAMS 0x0000000081800000, 0x0000000081700000| Complete 
|  24|0x0000000081800000, 0x0000000081900000, 0x0000000081900000|100%|HS|  |TAMS 0x0000000081900000, 0x0000000081800000| Complete 
|  25|0x0000000081900000, 0x0000000081a00000, 0x0000000081a00000|100%|HS|  |TAMS 0x0000000081a00000, 0x0000000081900000| Complete 
|  26|0x0000000081a00000, 0x0000000081b00000, 0x0000000081b00000|100%|HC|  |TAMS 0x0000000081b00000, 0x0000000081a00000| Complete 
|  27|0x0000000081b00000, 0x0000000081c00000, 0x0000000081c00000|100%|HC|  |TAMS 0x0000000081c00000, 0x0000000081b00000| Complete 
|  28|0x0000000081c00000, 0x0000000081d00000, 0x0000000081d00000|100%|HS|  |TAMS 0x0000000081d00000, 0x0000000081c00000| Complete 
|  29|0x0000000081d00000, 0x0000000081e00000, 0x0000000081e00000|100%|HC|  |TAMS 0x0000000081e00000, 0x0000000081d00000| Complete 
|  30|0x0000000081e00000, 0x0000000081f00000, 0x0000000081f00000|100%| O|  |TAMS 0x0000000081f00000, 0x0000000081e00000| Untracked 
|  31|0x0000000081f00000, 0x0000000082000000, 0x0000000082000000|100%| O|  |TAMS 0x0000000082000000, 0x0000000081f00000| Untracked 
|  32|0x0000000082000000, 0x0000000082100000, 0x0000000082100000|100%| O|  |TAMS 0x0000000082100000, 0x0000000082000000| Untracked 
|  33|0x0000000082100000, 0x0000000082200000, 0x0000000082200000|100%| O|  |TAMS 0x0000000082200000, 0x0000000082100000| Untracked 
|  34|0x0000000082200000, 0x0000000082300000, 0x0000000082300000|100%| O|  |TAMS 0x0000000082300000, 0x0000000082200000| Untracked 
|  35|0x0000000082300000, 0x0000000082400000, 0x0000000082400000|100%| O|  |TAMS 0x0000000082400000, 0x0000000082300000| Untracked 
|  36|0x0000000082400000, 0x0000000082500000, 0x0000000082500000|100%| O|  |TAMS 0x0000000082500000, 0x0000000082400000| Untracked 
|  37|0x0000000082500000, 0x0000000082600000, 0x0000000082600000|100%| O|  |TAMS 0x0000000082600000, 0x0000000082500000| Untracked 
|  38|0x0000000082600000, 0x0000000082700000, 0x0000000082700000|100%| O|  |TAMS 0x0000000082700000, 0x0000000082600000| Untracked 
|  39|0x0000000082700000, 0x0000000082800000, 0x0000000082800000|100%| O|  |TAMS 0x0000000082800000, 0x0000000082700000| Untracked 
|  40|0x0000000082800000, 0x0000000082900000, 0x0000000082900000|100%| O|  |TAMS 0x0000000082900000, 0x0000000082800000| Untracked 
|  41|0x0000000082900000, 0x0000000082a00000, 0x0000000082a00000|100%| O|  |TAMS 0x0000000082a00000, 0x0000000082900000| Untracked 
|  42|0x0000000082a00000, 0x0000000082b00000, 0x0000000082b00000|100%| O|  |TAMS 0x0000000082b00000, 0x0000000082a00000| Untracked 
|  43|0x0000000082b00000, 0x0000000082c00000, 0x0000000082c00000|100%| O|  |TAMS 0x0000000082c00000, 0x0000000082b00000| Untracked 
|  44|0x0000000082c00000, 0x0000000082d00000, 0x0000000082d00000|100%| O|  |TAMS 0x0000000082d00000, 0x0000000082c00000| Untracked 
|  45|0x0000000082d00000, 0x0000000082e00000, 0x0000000082e00000|100%| O|  |TAMS 0x0000000082e00000, 0x0000000082d00000| Untracked 
|  46|0x0000000082e00000, 0x0000000082f00000, 0x0000000082f00000|100%| O|  |TAMS 0x0000000082f00000, 0x0000000082e00000| Untracked 
|  47|0x0000000082f00000, 0x0000000083000000, 0x0000000083000000|100%| O|  |TAMS 0x0000000083000000, 0x0000000082f00000| Untracked 
|  48|0x0000000083000000, 0x0000000083100000, 0x0000000083100000|100%| O|  |TAMS 0x0000000083100000, 0x0000000083000000| Untracked 
|  49|0x0000000083100000, 0x0000000083200000, 0x0000000083200000|100%| O|  |TAMS 0x0000000083200000, 0x0000000083100000| Untracked 
|  50|0x0000000083200000, 0x0000000083300000, 0x0000000083300000|100%| O|  |TAMS 0x0000000083300000, 0x0000000083200000| Untracked 
|  51|0x0000000083300000, 0x0000000083400000, 0x0000000083400000|100%| O|  |TAMS 0x0000000083400000, 0x0000000083300000| Untracked 
|  52|0x0000000083400000, 0x0000000083500000, 0x0000000083500000|100%| O|  |TAMS 0x0000000083500000, 0x0000000083400000| Untracked 
|  53|0x0000000083500000, 0x0000000083600000, 0x0000000083600000|100%| O|  |TAMS 0x0000000083600000, 0x0000000083500000| Untracked 
|  54|0x0000000083600000, 0x0000000083700000, 0x0000000083700000|100%| O|  |TAMS 0x0000000083700000, 0x0000000083600000| Untracked 
|  55|0x0000000083700000, 0x0000000083800000, 0x0000000083800000|100%| O|  |TAMS 0x0000000083800000, 0x0000000083700000| Untracked 
|  56|0x0000000083800000, 0x0000000083900000, 0x0000000083900000|100%| O|  |TAMS 0x0000000083900000, 0x0000000083800000| Untracked 
|  57|0x0000000083900000, 0x0000000083a00000, 0x0000000083a00000|100%| O|  |TAMS 0x0000000083a00000, 0x0000000083900000| Untracked 
|  58|0x0000000083a00000, 0x0000000083b00000, 0x0000000083b00000|100%| O|  |TAMS 0x0000000083b00000, 0x0000000083a00000| Untracked 
|  59|0x0000000083b00000, 0x0000000083c00000, 0x0000000083c00000|100%| O|  |TAMS 0x0000000083c00000, 0x0000000083b00000| Untracked 
|  60|0x0000000083c00000, 0x0000000083d00000, 0x0000000083d00000|100%| O|  |TAMS 0x0000000083d00000, 0x0000000083c00000| Untracked 
|  61|0x0000000083d00000, 0x0000000083e00000, 0x0000000083e00000|100%| O|  |TAMS 0x0000000083e00000, 0x0000000083d00000| Untracked 
|  62|0x0000000083e00000, 0x0000000083f00000, 0x0000000083f00000|100%| O|  |TAMS 0x0000000083f00000, 0x0000000083e00000| Untracked 
|  63|0x0000000083f00000, 0x0000000084000000, 0x0000000084000000|100%| O|  |TAMS 0x0000000084000000, 0x0000000083f00000| Untracked 
|  64|0x0000000084000000, 0x0000000084100000, 0x0000000084100000|100%| O|  |TAMS 0x0000000084100000, 0x0000000084000000| Untracked 
|  65|0x0000000084100000, 0x0000000084200000, 0x0000000084200000|100%| O|  |TAMS 0x0000000084200000, 0x0000000084100000| Untracked 
|  66|0x0000000084200000, 0x0000000084300000, 0x0000000084300000|100%| O|  |TAMS 0x0000000084300000, 0x0000000084200000| Untracked 
|  67|0x0000000084300000, 0x0000000084400000, 0x0000000084400000|100%| O|  |TAMS 0x0000000084400000, 0x0000000084300000| Untracked 
|  68|0x0000000084400000, 0x0000000084500000, 0x0000000084500000|100%| O|  |TAMS 0x0000000084500000, 0x0000000084400000| Untracked 
|  69|0x0000000084500000, 0x0000000084600000, 0x0000000084600000|100%| O|  |TAMS 0x0000000084600000, 0x0000000084500000| Untracked 
|  70|0x0000000084600000, 0x0000000084700000, 0x0000000084700000|100%| O|  |TAMS 0x0000000084700000, 0x0000000084600000| Untracked 
|  71|0x0000000084700000, 0x0000000084800000, 0x0000000084800000|100%| O|  |TAMS 0x0000000084800000, 0x0000000084700000| Untracked 
|  72|0x0000000084800000, 0x0000000084900000, 0x0000000084900000|100%| O|  |TAMS 0x0000000084900000, 0x0000000084800000| Untracked 
|  73|0x0000000084900000, 0x0000000084a00000, 0x0000000084a00000|100%| O|  |TAMS 0x0000000084a00000, 0x0000000084900000| Untracked 
|  74|0x0000000084a00000, 0x0000000084b00000, 0x0000000084b00000|100%| O|  |TAMS 0x0000000084b00000, 0x0000000084a00000| Untracked 
|  75|0x0000000084b00000, 0x0000000084c00000, 0x0000000084c00000|100%| O|  |TAMS 0x0000000084c00000, 0x0000000084b00000| Untracked 
|  76|0x0000000084c00000, 0x0000000084d00000, 0x0000000084d00000|100%| O|  |TAMS 0x0000000084d00000, 0x0000000084c00000| Untracked 
|  77|0x0000000084d00000, 0x0000000084e00000, 0x0000000084e00000|100%| O|  |TAMS 0x0000000084e00000, 0x0000000084d00000| Untracked 
|  78|0x0000000084e00000, 0x0000000084f00000, 0x0000000084f00000|100%| O|  |TAMS 0x0000000084f00000, 0x0000000084e00000| Untracked 
|  79|0x0000000084f00000, 0x0000000085000000, 0x0000000085000000|100%| O|  |TAMS 0x0000000084f00000, 0x0000000084f00000| Untracked 
|  80|0x0000000085000000, 0x0000000085100000, 0x0000000085100000|100%| O|  |TAMS 0x0000000085000000, 0x0000000085000000| Untracked 
|  81|0x0000000085100000, 0x0000000085200000, 0x0000000085200000|100%| O|  |TAMS 0x0000000085200000, 0x0000000085100000| Untracked 
|  82|0x0000000085200000, 0x0000000085300000, 0x0000000085300000|100%| O|  |TAMS 0x0000000085300000, 0x0000000085200000| Untracked 
|  83|0x0000000085300000, 0x0000000085400000, 0x0000000085400000|100%| O|  |TAMS 0x0000000085400000, 0x0000000085300000| Untracked 
|  84|0x0000000085400000, 0x0000000085400000, 0x0000000085500000|  0%| F|  |TAMS 0x0000000085400000, 0x0000000085400000| Untracked 
|  85|0x0000000085500000, 0x0000000085500000, 0x0000000085600000|  0%| F|  |TAMS 0x0000000085500000, 0x0000000085500000| Untracked 
|  86|0x0000000085600000, 0x0000000085700000, 0x0000000085700000|100%| O|  |TAMS 0x0000000085600000, 0x0000000085600000| Untracked 
|  87|0x0000000085700000, 0x0000000085700000, 0x0000000085800000|  0%| F|  |TAMS 0x0000000085700000, 0x0000000085700000| Untracked 
|  88|0x0000000085800000, 0x0000000085855400, 0x0000000085900000| 33%| O|  |TAMS 0x0000000085800000, 0x0000000085800000| Untracked 
|  89|0x0000000085900000, 0x0000000085900000, 0x0000000085a00000|  0%| F|  |TAMS 0x0000000085900000, 0x0000000085900000| Untracked 
|  90|0x0000000085a00000, 0x0000000085a00000, 0x0000000085b00000|  0%| F|  |TAMS 0x0000000085a00000, 0x0000000085a00000| Untracked 
|  91|0x0000000085b00000, 0x0000000085c00000, 0x0000000085c00000|100%| O|  |TAMS 0x0000000085c00000, 0x0000000085b00000| Untracked 
|  92|0x0000000085c00000, 0x0000000085d00000, 0x0000000085d00000|100%| O|  |TAMS 0x0000000085d00000, 0x0000000085c00000| Untracked 
|  93|0x0000000085d00000, 0x0000000085e00000, 0x0000000085e00000|100%| O|  |TAMS 0x0000000085e00000, 0x0000000085d00000| Untracked 
|  94|0x0000000085e00000, 0x0000000085e00000, 0x0000000085f00000|  0%| F|  |TAMS 0x0000000085e00000, 0x0000000085e00000| Untracked 
|  95|0x0000000085f00000, 0x0000000085f00000, 0x0000000086000000|  0%| F|  |TAMS 0x0000000085f00000, 0x0000000085f00000| Untracked 
|  96|0x0000000086000000, 0x0000000086100000, 0x0000000086100000|100%| O|  |TAMS 0x0000000086100000, 0x0000000086000000| Untracked 
|  97|0x0000000086100000, 0x0000000086200000, 0x0000000086200000|100%| O|  |TAMS 0x0000000086200000, 0x0000000086100000| Untracked 
|  98|0x0000000086200000, 0x0000000086300000, 0x0000000086300000|100%| O|  |TAMS 0x0000000086300000, 0x0000000086200000| Untracked 
|  99|0x0000000086300000, 0x0000000086400000, 0x0000000086400000|100%| O|  |TAMS 0x0000000086400000, 0x0000000086300000| Untracked 
| 100|0x0000000086400000, 0x0000000086500000, 0x0000000086500000|100%| O|  |TAMS 0x0000000086500000, 0x0000000086400000| Untracked 
| 101|0x0000000086500000, 0x0000000086500000, 0x0000000086600000|  0%| F|  |TAMS 0x0000000086500000, 0x0000000086500000| Untracked 
| 102|0x0000000086600000, 0x0000000086600000, 0x0000000086700000|  0%| F|  |TAMS 0x0000000086600000, 0x0000000086600000| Untracked 
| 103|0x0000000086700000, 0x0000000086700000, 0x0000000086800000|  0%| F|  |TAMS 0x0000000086700000, 0x0000000086700000| Untracked 
| 104|0x0000000086800000, 0x0000000086800000, 0x0000000086900000|  0%| F|  |TAMS 0x0000000086800000, 0x0000000086800000| Untracked 
| 105|0x0000000086900000, 0x0000000086a00000, 0x0000000086a00000|100%| O|  |TAMS 0x0000000086a00000, 0x0000000086900000| Untracked 
| 106|0x0000000086a00000, 0x0000000086b00000, 0x0000000086b00000|100%| O|  |TAMS 0x0000000086b00000, 0x0000000086a00000| Untracked 
| 107|0x0000000086b00000, 0x0000000086c00000, 0x0000000086c00000|100%| O|  |TAMS 0x0000000086c00000, 0x0000000086b00000| Untracked 
| 108|0x0000000086c00000, 0x0000000086c00000, 0x0000000086d00000|  0%| F|  |TAMS 0x0000000086c00000, 0x0000000086c00000| Untracked 
| 109|0x0000000086d00000, 0x0000000086d00000, 0x0000000086e00000|  0%| F|  |TAMS 0x0000000086d00000, 0x0000000086d00000| Untracked 
| 110|0x0000000086e00000, 0x0000000086e00000, 0x0000000086f00000|  0%| F|  |TAMS 0x0000000086e00000, 0x0000000086e00000| Untracked 
| 111|0x0000000086f00000, 0x0000000086f00000, 0x0000000087000000|  0%| F|  |TAMS 0x0000000086f00000, 0x0000000086f00000| Untracked 
| 112|0x0000000087000000, 0x0000000087000000, 0x0000000087100000|  0%| F|  |TAMS 0x0000000087000000, 0x0000000087000000| Untracked 
| 113|0x0000000087100000, 0x0000000087100000, 0x0000000087200000|  0%| F|  |TAMS 0x0000000087100000, 0x0000000087100000| Untracked 
| 114|0x0000000087200000, 0x0000000087200000, 0x0000000087300000|  0%| F|  |TAMS 0x0000000087200000, 0x0000000087200000| Untracked 
| 115|0x0000000087300000, 0x0000000087300000, 0x0000000087400000|  0%| F|  |TAMS 0x0000000087300000, 0x0000000087300000| Untracked 
| 116|0x0000000087400000, 0x0000000087400000, 0x0000000087500000|  0%| F|  |TAMS 0x0000000087400000, 0x0000000087400000| Untracked 
| 117|0x0000000087500000, 0x0000000087500000, 0x0000000087600000|  0%| F|  |TAMS 0x0000000087500000, 0x0000000087500000| Untracked 
| 118|0x0000000087600000, 0x0000000087600000, 0x0000000087700000|  0%| F|  |TAMS 0x0000000087600000, 0x0000000087600000| Untracked 
| 119|0x0000000087700000, 0x0000000087700000, 0x0000000087800000|  0%| F|  |TAMS 0x0000000087700000, 0x0000000087700000| Untracked 
| 120|0x0000000087800000, 0x0000000087800000, 0x0000000087900000|  0%| F|  |TAMS 0x0000000087800000, 0x0000000087800000| Untracked 
| 121|0x0000000087900000, 0x0000000087900000, 0x0000000087a00000|  0%| F|  |TAMS 0x0000000087900000, 0x0000000087900000| Untracked 
| 122|0x0000000087a00000, 0x0000000087a00000, 0x0000000087b00000|  0%| F|  |TAMS 0x0000000087a00000, 0x0000000087a00000| Untracked 
| 123|0x0000000087b00000, 0x0000000087b00000, 0x0000000087c00000|  0%| F|  |TAMS 0x0000000087b00000, 0x0000000087b00000| Untracked 
| 124|0x0000000087c00000, 0x0000000087d00000, 0x0000000087d00000|100%| O|  |TAMS 0x0000000087d00000, 0x0000000087c00000| Untracked 
| 125|0x0000000087d00000, 0x0000000087d00000, 0x0000000087e00000|  0%| F|  |TAMS 0x0000000087d00000, 0x0000000087d00000| Untracked 
| 126|0x0000000087e00000, 0x0000000087f00000, 0x0000000087f00000|100%| O|  |TAMS 0x0000000087f00000, 0x0000000087e00000| Untracked 
| 127|0x0000000087f00000, 0x0000000087f00000, 0x0000000088000000|  0%| F|  |TAMS 0x0000000087f00000, 0x0000000087f00000| Untracked 
| 128|0x0000000088000000, 0x0000000088000000, 0x0000000088100000|  0%| F|  |TAMS 0x0000000088000000, 0x0000000088000000| Untracked 
| 129|0x0000000088100000, 0x0000000088100000, 0x0000000088200000|  0%| F|  |TAMS 0x0000000088100000, 0x0000000088100000| Untracked 
| 130|0x0000000088200000, 0x0000000088200000, 0x0000000088300000|  0%| F|  |TAMS 0x0000000088200000, 0x0000000088200000| Untracked 
| 131|0x0000000088300000, 0x0000000088300000, 0x0000000088400000|  0%| F|  |TAMS 0x0000000088300000, 0x0000000088300000| Untracked 
| 132|0x0000000088400000, 0x0000000088400000, 0x0000000088500000|  0%| F|  |TAMS 0x0000000088400000, 0x0000000088400000| Untracked 
| 133|0x0000000088500000, 0x0000000088500000, 0x0000000088600000|  0%| F|  |TAMS 0x0000000088500000, 0x0000000088500000| Untracked 
| 134|0x0000000088600000, 0x0000000088600000, 0x0000000088700000|  0%| F|  |TAMS 0x0000000088600000, 0x0000000088600000| Untracked 
| 135|0x0000000088700000, 0x0000000088700000, 0x0000000088800000|  0%| F|  |TAMS 0x0000000088700000, 0x0000000088700000| Untracked 
| 136|0x0000000088800000, 0x0000000088800000, 0x0000000088900000|  0%| F|  |TAMS 0x0000000088800000, 0x0000000088800000| Untracked 
| 137|0x0000000088900000, 0x0000000088900000, 0x0000000088a00000|  0%| F|  |TAMS 0x0000000088900000, 0x0000000088900000| Untracked 
| 138|0x0000000088a00000, 0x0000000088a00000, 0x0000000088b00000|  0%| F|  |TAMS 0x0000000088a00000, 0x0000000088a00000| Untracked 
| 139|0x0000000088b00000, 0x0000000088b00000, 0x0000000088c00000|  0%| F|  |TAMS 0x0000000088b00000, 0x0000000088b00000| Untracked 
| 140|0x0000000088c00000, 0x0000000088c00000, 0x0000000088d00000|  0%| F|  |TAMS 0x0000000088c00000, 0x0000000088c00000| Untracked 
| 141|0x0000000088d00000, 0x0000000088d00000, 0x0000000088e00000|  0%| F|  |TAMS 0x0000000088d00000, 0x0000000088d00000| Untracked 
| 142|0x0000000088e00000, 0x0000000088e00000, 0x0000000088f00000|  0%| F|  |TAMS 0x0000000088e00000, 0x0000000088e00000| Untracked 
| 143|0x0000000088f00000, 0x0000000088f00000, 0x0000000089000000|  0%| F|  |TAMS 0x0000000088f00000, 0x0000000088f00000| Untracked 
| 144|0x0000000089000000, 0x0000000089000000, 0x0000000089100000|  0%| F|  |TAMS 0x0000000089000000, 0x0000000089000000| Untracked 
| 145|0x0000000089100000, 0x0000000089100000, 0x0000000089200000|  0%| F|  |TAMS 0x0000000089100000, 0x0000000089100000| Untracked 
| 146|0x0000000089200000, 0x0000000089200000, 0x0000000089300000|  0%| F|  |TAMS 0x0000000089200000, 0x0000000089200000| Untracked 
| 147|0x0000000089300000, 0x0000000089300000, 0x0000000089400000|  0%| F|  |TAMS 0x0000000089300000, 0x0000000089300000| Untracked 
| 148|0x0000000089400000, 0x0000000089488d88, 0x0000000089500000| 53%| S|CS|TAMS 0x0000000089400000, 0x0000000089400000| Complete 
| 149|0x0000000089500000, 0x0000000089600000, 0x0000000089600000|100%| S|CS|TAMS 0x0000000089500000, 0x0000000089500000| Complete 
| 150|0x0000000089600000, 0x0000000089700000, 0x0000000089700000|100%| S|CS|TAMS 0x0000000089600000, 0x0000000089600000| Complete 
| 151|0x0000000089700000, 0x0000000089800000, 0x0000000089800000|100%| S|CS|TAMS 0x0000000089700000, 0x0000000089700000| Complete 
| 152|0x0000000089800000, 0x0000000089900000, 0x0000000089900000|100%| S|CS|TAMS 0x0000000089800000, 0x0000000089800000| Complete 
| 153|0x0000000089900000, 0x0000000089a00000, 0x0000000089a00000|100%| S|CS|TAMS 0x0000000089900000, 0x0000000089900000| Complete 
| 154|0x0000000089a00000, 0x0000000089b00000, 0x0000000089b00000|100%| S|CS|TAMS 0x0000000089a00000, 0x0000000089a00000| Complete 
| 155|0x0000000089b00000, 0x0000000089c00000, 0x0000000089c00000|100%| S|CS|TAMS 0x0000000089b00000, 0x0000000089b00000| Complete 
| 156|0x0000000089c00000, 0x0000000089c00000, 0x0000000089d00000|  0%| F|  |TAMS 0x0000000089c00000, 0x0000000089c00000| Untracked 
| 157|0x0000000089d00000, 0x0000000089d00000, 0x0000000089e00000|  0%| F|  |TAMS 0x0000000089d00000, 0x0000000089d00000| Untracked 
| 158|0x0000000089e00000, 0x0000000089e00000, 0x0000000089f00000|  0%| F|  |TAMS 0x0000000089e00000, 0x0000000089e00000| Untracked 
| 159|0x0000000089f00000, 0x0000000089f00000, 0x000000008a000000|  0%| F|  |TAMS 0x0000000089f00000, 0x0000000089f00000| Untracked 
| 160|0x000000008a000000, 0x000000008a000000, 0x000000008a100000|  0%| F|  |TAMS 0x000000008a000000, 0x000000008a000000| Untracked 
| 161|0x000000008a100000, 0x000000008a100000, 0x000000008a200000|  0%| F|  |TAMS 0x000000008a100000, 0x000000008a100000| Untracked 
| 162|0x000000008a200000, 0x000000008a200000, 0x000000008a300000|  0%| F|  |TAMS 0x000000008a200000, 0x000000008a200000| Untracked 
| 163|0x000000008a300000, 0x000000008a300000, 0x000000008a400000|  0%| F|  |TAMS 0x000000008a300000, 0x000000008a300000| Untracked 
| 164|0x000000008a400000, 0x000000008a400000, 0x000000008a500000|  0%| F|  |TAMS 0x000000008a400000, 0x000000008a400000| Untracked 
| 165|0x000000008a500000, 0x000000008a500000, 0x000000008a600000|  0%| F|  |TAMS 0x000000008a500000, 0x000000008a500000| Untracked 
| 166|0x000000008a600000, 0x000000008a600000, 0x000000008a700000|  0%| F|  |TAMS 0x000000008a600000, 0x000000008a600000| Untracked 
| 167|0x000000008a700000, 0x000000008a700000, 0x000000008a800000|  0%| F|  |TAMS 0x000000008a700000, 0x000000008a700000| Untracked 
| 168|0x000000008a800000, 0x000000008a81a180, 0x000000008a900000| 10%| E|  |TAMS 0x000000008a800000, 0x000000008a800000| Complete 
| 169|0x000000008a900000, 0x000000008aa00000, 0x000000008aa00000|100%| E|CS|TAMS 0x000000008a900000, 0x000000008a900000| Complete 
| 170|0x000000008aa00000, 0x000000008ab00000, 0x000000008ab00000|100%| E|  |TAMS 0x000000008aa00000, 0x000000008aa00000| Complete 
| 171|0x000000008ab00000, 0x000000008ac00000, 0x000000008ac00000|100%| E|CS|TAMS 0x000000008ab00000, 0x000000008ab00000| Complete 
| 172|0x000000008ac00000, 0x000000008ad00000, 0x000000008ad00000|100%| E|CS|TAMS 0x000000008ac00000, 0x000000008ac00000| Complete 
| 173|0x000000008ad00000, 0x000000008ae00000, 0x000000008ae00000|100%| E|CS|TAMS 0x000000008ad00000, 0x000000008ad00000| Complete 
| 174|0x000000008ae00000, 0x000000008af00000, 0x000000008af00000|100%| E|CS|TAMS 0x000000008ae00000, 0x000000008ae00000| Complete 
| 175|0x000000008af00000, 0x000000008b000000, 0x000000008b000000|100%| E|CS|TAMS 0x000000008af00000, 0x000000008af00000| Complete 
| 176|0x000000008b000000, 0x000000008b100000, 0x000000008b100000|100%| E|CS|TAMS 0x000000008b000000, 0x000000008b000000| Complete 
| 177|0x000000008b100000, 0x000000008b200000, 0x000000008b200000|100%| E|CS|TAMS 0x000000008b100000, 0x000000008b100000| Complete 
| 178|0x000000008b200000, 0x000000008b300000, 0x000000008b300000|100%| E|CS|TAMS 0x000000008b200000, 0x000000008b200000| Complete 
| 179|0x000000008b300000, 0x000000008b400000, 0x000000008b400000|100%| E|CS|TAMS 0x000000008b300000, 0x000000008b300000| Complete 
| 180|0x000000008b400000, 0x000000008b500000, 0x000000008b500000|100%| E|CS|TAMS 0x000000008b400000, 0x000000008b400000| Complete 
| 181|0x000000008b500000, 0x000000008b600000, 0x000000008b600000|100%| E|CS|TAMS 0x000000008b500000, 0x000000008b500000| Complete 
| 182|0x000000008b600000, 0x000000008b700000, 0x000000008b700000|100%| E|CS|TAMS 0x000000008b600000, 0x000000008b600000| Complete 
| 183|0x000000008b700000, 0x000000008b800000, 0x000000008b800000|100%| E|CS|TAMS 0x000000008b700000, 0x000000008b700000| Complete 
| 184|0x000000008b800000, 0x000000008b900000, 0x000000008b900000|100%| E|CS|TAMS 0x000000008b800000, 0x000000008b800000| Complete 
| 185|0x000000008b900000, 0x000000008ba00000, 0x000000008ba00000|100%| E|CS|TAMS 0x000000008b900000, 0x000000008b900000| Complete 
| 186|0x000000008ba00000, 0x000000008bb00000, 0x000000008bb00000|100%| E|CS|TAMS 0x000000008ba00000, 0x000000008ba00000| Complete 
| 187|0x000000008bb00000, 0x000000008bc00000, 0x000000008bc00000|100%| E|CS|TAMS 0x000000008bb00000, 0x000000008bb00000| Complete 
| 188|0x000000008bc00000, 0x000000008bd00000, 0x000000008bd00000|100%| E|CS|TAMS 0x000000008bc00000, 0x000000008bc00000| Complete 
| 189|0x000000008bd00000, 0x000000008be00000, 0x000000008be00000|100%| E|CS|TAMS 0x000000008bd00000, 0x000000008bd00000| Complete 
| 190|0x000000008be00000, 0x000000008bf00000, 0x000000008bf00000|100%| E|CS|TAMS 0x000000008be00000, 0x000000008be00000| Complete 
| 191|0x000000008bf00000, 0x000000008c000000, 0x000000008c000000|100%| E|CS|TAMS 0x000000008bf00000, 0x000000008bf00000| Complete 
| 192|0x000000008c000000, 0x000000008c100000, 0x000000008c100000|100%| E|CS|TAMS 0x000000008c000000, 0x000000008c000000| Complete 
| 193|0x000000008c100000, 0x000000008c200000, 0x000000008c200000|100%| E|CS|TAMS 0x000000008c100000, 0x000000008c100000| Complete 
| 194|0x000000008c200000, 0x000000008c300000, 0x000000008c300000|100%| E|CS|TAMS 0x000000008c200000, 0x000000008c200000| Complete 
| 195|0x000000008c300000, 0x000000008c400000, 0x000000008c400000|100%| E|CS|TAMS 0x000000008c300000, 0x000000008c300000| Complete 
| 196|0x000000008c400000, 0x000000008c500000, 0x000000008c500000|100%| E|CS|TAMS 0x000000008c400000, 0x000000008c400000| Complete 
| 197|0x000000008c500000, 0x000000008c600000, 0x000000008c600000|100%| E|CS|TAMS 0x000000008c500000, 0x000000008c500000| Complete 
| 198|0x000000008c600000, 0x000000008c700000, 0x000000008c700000|100%| E|CS|TAMS 0x000000008c600000, 0x000000008c600000| Complete 
| 199|0x000000008c700000, 0x000000008c800000, 0x000000008c800000|100%| E|CS|TAMS 0x000000008c700000, 0x000000008c700000| Complete 
| 200|0x000000008c800000, 0x000000008c900000, 0x000000008c900000|100%| E|CS|TAMS 0x000000008c800000, 0x000000008c800000| Complete 
| 201|0x000000008c900000, 0x000000008ca00000, 0x000000008ca00000|100%| E|CS|TAMS 0x000000008c900000, 0x000000008c900000| Complete 
| 202|0x000000008ca00000, 0x000000008cb00000, 0x000000008cb00000|100%| E|CS|TAMS 0x000000008ca00000, 0x000000008ca00000| Complete 
| 203|0x000000008cb00000, 0x000000008cc00000, 0x000000008cc00000|100%| E|CS|TAMS 0x000000008cb00000, 0x000000008cb00000| Complete 
| 204|0x000000008cc00000, 0x000000008cd00000, 0x000000008cd00000|100%| E|CS|TAMS 0x000000008cc00000, 0x000000008cc00000| Complete 
| 205|0x000000008cd00000, 0x000000008ce00000, 0x000000008ce00000|100%| E|CS|TAMS 0x000000008cd00000, 0x000000008cd00000| Complete 
| 206|0x000000008ce00000, 0x000000008cf00000, 0x000000008cf00000|100%| E|CS|TAMS 0x000000008ce00000, 0x000000008ce00000| Complete 
| 207|0x000000008cf00000, 0x000000008d000000, 0x000000008d000000|100%| E|CS|TAMS 0x000000008cf00000, 0x000000008cf00000| Complete 
| 208|0x000000008d000000, 0x000000008d100000, 0x000000008d100000|100%| E|CS|TAMS 0x000000008d000000, 0x000000008d000000| Complete 
| 209|0x000000008d100000, 0x000000008d200000, 0x000000008d200000|100%| E|CS|TAMS 0x000000008d100000, 0x000000008d100000| Complete 
| 210|0x000000008d200000, 0x000000008d300000, 0x000000008d300000|100%| E|CS|TAMS 0x000000008d200000, 0x000000008d200000| Complete 
| 211|0x000000008d300000, 0x000000008d400000, 0x000000008d400000|100%| E|CS|TAMS 0x000000008d300000, 0x000000008d300000| Complete 
| 212|0x000000008d400000, 0x000000008d500000, 0x000000008d500000|100%| E|CS|TAMS 0x000000008d400000, 0x000000008d400000| Complete 
| 213|0x000000008d500000, 0x000000008d600000, 0x000000008d600000|100%| E|CS|TAMS 0x000000008d500000, 0x000000008d500000| Complete 
| 214|0x000000008d600000, 0x000000008d700000, 0x000000008d700000|100%| E|CS|TAMS 0x000000008d600000, 0x000000008d600000| Complete 
| 215|0x000000008d700000, 0x000000008d800000, 0x000000008d800000|100%| E|CS|TAMS 0x000000008d700000, 0x000000008d700000| Complete 
| 216|0x000000008d800000, 0x000000008d900000, 0x000000008d900000|100%| E|CS|TAMS 0x000000008d800000, 0x000000008d800000| Complete 
| 217|0x000000008d900000, 0x000000008da00000, 0x000000008da00000|100%| E|CS|TAMS 0x000000008d900000, 0x000000008d900000| Complete 
| 218|0x000000008da00000, 0x000000008db00000, 0x000000008db00000|100%| E|CS|TAMS 0x000000008da00000, 0x000000008da00000| Complete 
| 219|0x000000008db00000, 0x000000008dc00000, 0x000000008dc00000|100%| E|CS|TAMS 0x000000008db00000, 0x000000008db00000| Complete 
| 220|0x000000008dc00000, 0x000000008dd00000, 0x000000008dd00000|100%| E|CS|TAMS 0x000000008dc00000, 0x000000008dc00000| Complete 
| 221|0x000000008dd00000, 0x000000008de00000, 0x000000008de00000|100%| E|CS|TAMS 0x000000008dd00000, 0x000000008dd00000| Complete 

Card table byte_map: [0x000001d931770000,0x000001d931b70000] _byte_map_base: 0x000001d931370000

Marking Bits (Prev, Next): (CMBitMap*) 0x000001d91c65fd28, (CMBitMap*) 0x000001d91c65fd60
 Prev Bits: [0x000001d931f70000, 0x000001d933f70000)
 Next Bits: [0x000001d933f70000, 0x000001d935f70000)

Polling page: 0x000001d91c6f0000

Metaspace:

Usage:
  Non-class:     90.61 MB capacity,    89.15 MB ( 98%) used,     1.18 MB (  1%) free+waste,   285.06 KB ( <1%) overhead. 
      Class:     13.58 MB capacity,    12.72 MB ( 94%) used,   759.76 KB (  5%) free+waste,   125.31 KB ( <1%) overhead. 
       Both:    104.19 MB capacity,   101.87 MB ( 98%) used,     1.92 MB (  2%) free+waste,   410.38 KB ( <1%) overhead. 

Virtual space:
  Non-class space:       92.00 MB reserved,      90.70 MB ( 99%) committed 
      Class space:        1.00 GB reserved,      13.63 MB (  1%) committed 
             Both:        1.09 GB reserved,     104.32 MB (  9%) committed 

Chunk freelists:
   Non-Class:  28.00 KB
       Class:  13.00 KB
        Both:  41.00 KB

MaxMetaspaceSize: 17179869184.00 GB
CompressedClassSpaceSize: 1.00 GB
Initial GC threshold: 20.80 MB
Current GC threshold: 160.75 MB
CDS: off

CodeHeap 'non-profiled nmethods': size=120000Kb used=8953Kb max_used=8953Kb free=111046Kb
 bounds [0x000001d9293c0000, 0x000001d929c80000, 0x000001d9308f0000]
CodeHeap 'profiled nmethods': size=120000Kb used=30263Kb max_used=30263Kb free=89736Kb
 bounds [0x000001d921e90000, 0x000001d923c20000, 0x000001d9293c0000]
CodeHeap 'non-nmethods': size=5760Kb used=2407Kb max_used=2456Kb free=3353Kb
 bounds [0x000001d9218f0000, 0x000001d921b70000, 0x000001d921e90000]
 total_blobs=14721 nmethods=13797 adapters=834
 compilation: enabled
              stopped_count=0, restarted_count=0
 full_count=0

Compilation events (20 events):
Event: 17.202 Thread 0x000001d938a77000 13891       3       com.android.tools.r8.ProgramResource::fromBytes (13 bytes)
Event: 17.202 Thread 0x000001d938a77000 nmethod 13891 0x000001d923c05a10 code [0x000001d923c05be0, 0x000001d923c05de8]
Event: 17.202 Thread 0x000001d938a77000 13892       3       com.android.tools.r8.ProgramResource$ByteResource::<init> (10 bytes)
Event: 17.202 Thread 0x000001d938a77000 nmethod 13892 0x000001d923c05f10 code [0x000001d923c060c0, 0x000001d923c061e8]
Event: 17.202 Thread 0x000001d938a77000 13893       3       com.android.tools.r8.utils.j$a::a (15 bytes)
Event: 17.203 Thread 0x000001d938a77000 nmethod 13893 0x000001d923c06290 code [0x000001d923c064a0, 0x000001d923c06a58]
Event: 17.204 Thread 0x000001d938a75800 nmethod 13868 0x000001d929c77410 code [0x000001d929c775c0, 0x000001d929c77878]
Event: 17.204 Thread 0x000001d938a75800 13888       4       jdk.internal.misc.Unsafe::checkOffset (32 bytes)
Event: 17.205 Thread 0x000001d938a75800 nmethod 13888 0x000001d929419c90 code [0x000001d929419e20, 0x000001d929419eb8]
Event: 17.205 Thread 0x000001d938a75800 13878       4       sun.nio.fs.WindowsPath::getFileSystem (5 bytes)
Event: 17.205 Thread 0x000001d938a75800 nmethod 13878 0x000001d929c77b10 code [0x000001d929c77ca0, 0x000001d929c77d18]
Event: 17.222 Thread 0x000001d938a75800 13894       4       kotlin.jvm.internal.Intrinsics::checkNotNull (8 bytes)
Event: 17.222 Thread 0x000001d938a77000 13895       3       java.util.concurrent.locks.AbstractQueuedSynchronizer::transferAfterCancelledWait (34 bytes)
Event: 17.223 Thread 0x000001d938a75800 nmethod 13894 0x000001d929c77e10 code [0x000001d929c77fa0, 0x000001d929c77ff8]
Event: 17.224 Thread 0x000001d938a77000 nmethod 13895 0x000001d923c06c90 code [0x000001d923c06f20, 0x000001d923c07a28]
Event: 17.225 Thread 0x000001d93c9ba800 nmethod 13869 0x000001d929c78110 code [0x000001d929c782e0, 0x000001d929c78dd8]
Event: 17.227 Thread 0x000001d938a77000 13896       3       org.gradle.internal.snapshot.DirectorySnapshot::accept (8 bytes)
Event: 17.227 Thread 0x000001d938a77000 nmethod 13896 0x000001d923c07e10 code [0x000001d923c07fc0, 0x000001d923c08188]
Event: 17.227 Thread 0x000001d938a75800 13897       4       org.gradle.internal.serialize.kryo.KryoBackedEncoder::writeBytes (11 bytes)
Event: 17.227 Thread 0x000001d93c9ba800 13898       4       com.esotericsoftware.kryo.io.Output::writeBytes (90 bytes)

GC Heap History (20 events):
Event: 10.756 GC heap before
{Heap before GC invocations=17 (full 0):
 garbage-first heap   total 189440K, used 146236K [0x0000000080000000, 0x0000000100000000)
  region size 1024K, 84 young (86016K), 9 survivors (9216K)
 Metaspace       used 87772K, capacity 89922K, committed 90060K, reserved 1126400K
  class space    used 11393K, capacity 12189K, committed 12288K, reserved 1048576K
}
Event: 10.771 GC heap after
{Heap after GC invocations=18 (full 0):
 garbage-first heap   total 189440K, used 77610K [0x0000000080000000, 0x0000000100000000)
  region size 1024K, 11 young (11264K), 11 survivors (11264K)
 Metaspace       used 87772K, capacity 89922K, committed 90060K, reserved 1126400K
  class space    used 11393K, capacity 12189K, committed 12288K, reserved 1048576K
}
Event: 11.892 GC heap before
{Heap before GC invocations=18 (full 0):
 garbage-first heap   total 189440K, used 148266K [0x0000000080000000, 0x0000000100000000)
  region size 1024K, 81 young (82944K), 11 survivors (11264K)
 Metaspace       used 89797K, capacity 92038K, committed 92108K, reserved 1128448K
  class space    used 11621K, capacity 12495K, committed 12544K, reserved 1048576K
}
Event: 11.908 GC heap after
{Heap after GC invocations=19 (full 0):
 garbage-first heap   total 189440K, used 86901K [0x0000000080000000, 0x0000000100000000)
  region size 1024K, 9 young (9216K), 9 survivors (9216K)
 Metaspace       used 89797K, capacity 92038K, committed 92108K, reserved 1128448K
  class space    used 11621K, capacity 12495K, committed 12544K, reserved 1048576K
}
Event: 12.633 GC heap before
{Heap before GC invocations=19 (full 0):
 garbage-first heap   total 189440K, used 150389K [0x0000000080000000, 0x0000000100000000)
  region size 1024K, 67 young (68608K), 9 survivors (9216K)
 Metaspace       used 91351K, capacity 93606K, committed 93772K, reserved 1130496K
  class space    used 11769K, capacity 12614K, committed 12672K, reserved 1048576K
}
Event: 12.679 GC heap after
{Heap after GC invocations=20 (full 0):
 garbage-first heap   total 189440K, used 104679K [0x0000000080000000, 0x0000000100000000)
  region size 1024K, 9 young (9216K), 9 survivors (9216K)
 Metaspace       used 91351K, capacity 93606K, committed 93772K, reserved 1130496K
  class space    used 11769K, capacity 12614K, committed 12672K, reserved 1048576K
}
Event: 13.378 GC heap before
{Heap before GC invocations=21 (full 0):
 garbage-first heap   total 189440K, used 143591K [0x0000000080000000, 0x0000000100000000)
  region size 1024K, 44 young (45056K), 9 survivors (9216K)
 Metaspace       used 91253K, capacity 93360K, committed 94028K, reserved 1130496K
  class space    used 11702K, capacity 12484K, committed 12672K, reserved 1048576K
}
Event: 13.406 GC heap after
{Heap after GC invocations=22 (full 0):
 garbage-first heap   total 227328K, used 111925K [0x0000000080000000, 0x0000000100000000)
  region size 1024K, 7 young (7168K), 7 survivors (7168K)
 Metaspace       used 91253K, capacity 93360K, committed 94028K, reserved 1130496K
  class space    used 11702K, capacity 12484K, committed 12672K, reserved 1048576K
}
Event: 14.043 GC heap before
{Heap before GC invocations=23 (full 0):
 garbage-first heap   total 227328K, used 180533K [0x0000000080000000, 0x0000000100000000)
  region size 1024K, 58 young (59392K), 7 survivors (7168K)
 Metaspace       used 94094K, capacity 96240K, committed 96844K, reserved 1132544K
  class space    used 11915K, capacity 12720K, committed 12928K, reserved 1048576K
}
Event: 14.061 GC heap after
{Heap after GC invocations=24 (full 0):
 garbage-first heap   total 227328K, used 120574K [0x0000000080000000, 0x0000000100000000)
  region size 1024K, 8 young (8192K), 8 survivors (8192K)
 Metaspace       used 94094K, capacity 96240K, committed 96844K, reserved 1132544K
  class space    used 11915K, capacity 12720K, committed 12928K, reserved 1048576K
}
Event: 14.440 GC heap before
{Heap before GC invocations=24 (full 0):
 garbage-first heap   total 227328K, used 169726K [0x0000000080000000, 0x0000000100000000)
  region size 1024K, 57 young (58368K), 8 survivors (8192K)
 Metaspace       used 95638K, capacity 97776K, committed 98252K, reserved 1134592K
  class space    used 12028K, capacity 12848K, committed 13056K, reserved 1048576K
}
Event: 14.451 GC heap after
{Heap after GC invocations=25 (full 0):
 garbage-first heap   total 227328K, used 123261K [0x0000000080000000, 0x0000000100000000)
  region size 1024K, 4 young (4096K), 4 survivors (4096K)
 Metaspace       used 95638K, capacity 97776K, committed 98252K, reserved 1134592K
  class space    used 12028K, capacity 12848K, committed 13056K, reserved 1048576K
}
Event: 15.137 GC heap before
{Heap before GC invocations=26 (full 0):
 garbage-first heap   total 227328K, used 161149K [0x0000000080000000, 0x0000000100000000)
  region size 1024K, 53 young (54272K), 4 survivors (4096K)
 Metaspace       used 97596K, capacity 99742K, committed 100172K, reserved 1136640K
  class space    used 12222K, capacity 13048K, committed 13184K, reserved 1048576K
}
Event: 15.144 GC heap after
{Heap after GC invocations=27 (full 0):
 garbage-first heap   total 227328K, used 112007K [0x0000000080000000, 0x0000000100000000)
  region size 1024K, 4 young (4096K), 4 survivors (4096K)
 Metaspace       used 97596K, capacity 99742K, committed 100172K, reserved 1136640K
  class space    used 12222K, capacity 13048K, committed 13184K, reserved 1048576K
}
Event: 15.326 GC heap before
{Heap before GC invocations=27 (full 0):
 garbage-first heap   total 227328K, used 119175K [0x0000000080000000, 0x0000000100000000)
  region size 1024K, 11 young (11264K), 4 survivors (4096K)
 Metaspace       used 97717K, capacity 99886K, committed 100428K, reserved 1136640K
  class space    used 12233K, capacity 13052K, committed 13184K, reserved 1048576K
}
Event: 15.333 GC heap after
{Heap after GC invocations=28 (full 0):
 garbage-first heap   total 227328K, used 101366K [0x0000000080000000, 0x0000000100000000)
  region size 1024K, 1 young (1024K), 1 survivors (1024K)
 Metaspace       used 97717K, capacity 99886K, committed 100428K, reserved 1136640K
  class space    used 12233K, capacity 13052K, committed 13184K, reserved 1048576K
}
Event: 16.291 GC heap before
{Heap before GC invocations=28 (full 0):
 garbage-first heap   total 227328K, used 162806K [0x0000000080000000, 0x0000000100000000)
  region size 1024K, 62 young (63488K), 1 survivors (1024K)
 Metaspace       used 101692K, capacity 103903K, committed 104268K, reserved 1140736K
  class space    used 12725K, capacity 13575K, committed 13696K, reserved 1048576K
}
Event: 16.298 GC heap after
{Heap after GC invocations=29 (full 0):
 garbage-first heap   total 227328K, used 103729K [0x0000000080000000, 0x0000000100000000)
  region size 1024K, 3 young (3072K), 3 survivors (3072K)
 Metaspace       used 101692K, capacity 103903K, committed 104268K, reserved 1140736K
  class space    used 12725K, capacity 13575K, committed 13696K, reserved 1048576K
}
Event: 17.004 GC heap before
{Heap before GC invocations=29 (full 0):
 garbage-first heap   total 227328K, used 167217K [0x0000000080000000, 0x0000000100000000)
  region size 1024K, 66 young (67584K), 3 survivors (3072K)
 Metaspace       used 102829K, capacity 105106K, committed 105420K, reserved 1140736K
  class space    used 12818K, capacity 13657K, committed 13824K, reserved 1048576K
}
Event: 17.013 GC heap after
{Heap after GC invocations=30 (full 0):
 garbage-first heap   total 227328K, used 108408K [0x0000000080000000, 0x0000000100000000)
  region size 1024K, 8 young (8192K), 8 survivors (8192K)
 Metaspace       used 102829K, capacity 105106K, committed 105420K, reserved 1140736K
  class space    used 12818K, capacity 13657K, committed 13824K, reserved 1048576K
}

Deoptimization events (20 events):
Event: 17.220 Thread 0x000001d9444b6000 Uncommon trap: trap_request=0xffffffc6 fr.pc=0x000001d9295472d0 relative=0x00000000000008f0
Event: 17.220 Thread 0x000001d9444b6000 Uncommon trap: reason=bimorphic_or_optimized_type_check action=maybe_recompile pc=0x000001d9295472d0 method=java.lang.Throwable.<init>(Ljava/lang/String;Ljava/lang/Throwable;)V @ 24 c2
Event: 17.220 Thread 0x000001d9444b6000 DEOPT PACKING pc=0x000001d9295472d0 sp=0x000000214f9fd980
Event: 17.220 Thread 0x000001d9444b6000 DEOPT UNPACKING pc=0x000001d92193a1af sp=0x000000214f9fd948 mode 2
Event: 17.222 Thread 0x000001d9444b6000 Uncommon trap: trap_request=0xffffffc6 fr.pc=0x000001d9295472d0 relative=0x00000000000008f0
Event: 17.222 Thread 0x000001d9444b6000 Uncommon trap: reason=bimorphic_or_optimized_type_check action=maybe_recompile pc=0x000001d9295472d0 method=java.lang.Throwable.<init>(Ljava/lang/String;Ljava/lang/Throwable;)V @ 24 c2
Event: 17.222 Thread 0x000001d9444b6000 DEOPT PACKING pc=0x000001d9295472d0 sp=0x000000214f9fd9b0
Event: 17.222 Thread 0x000001d9444b6000 DEOPT UNPACKING pc=0x000001d92193a1af sp=0x000000214f9fd978 mode 2
Event: 17.223 Thread 0x000001d940896800 Uncommon trap: trap_request=0xffffffc6 fr.pc=0x000001d9295472d0 relative=0x00000000000008f0
Event: 17.223 Thread 0x000001d940896800 Uncommon trap: reason=bimorphic_or_optimized_type_check action=maybe_recompile pc=0x000001d9295472d0 method=java.lang.Throwable.<init>(Ljava/lang/String;Ljava/lang/Throwable;)V @ 24 c2
Event: 17.223 Thread 0x000001d940896800 DEOPT PACKING pc=0x000001d9295472d0 sp=0x000000214ebfb4c0
Event: 17.223 Thread 0x000001d940896800 DEOPT UNPACKING pc=0x000001d92193a1af sp=0x000000214ebfb488 mode 2
Event: 17.225 Thread 0x000001d940896800 Uncommon trap: trap_request=0xffffff4d fr.pc=0x000001d92996fd58 relative=0x0000000000000618
Event: 17.225 Thread 0x000001d940896800 Uncommon trap: reason=unstable_if action=reinterpret pc=0x000001d92996fd58 method=com.google.common.collect.MapMakerInternalMap$Segment.drainKeyReferenceQueue(Ljava/lang/ref/ReferenceQueue;)V @ 8 c2
Event: 17.225 Thread 0x000001d940896800 DEOPT PACKING pc=0x000001d92996fd58 sp=0x000000214ebfb0c0
Event: 17.225 Thread 0x000001d940896800 DEOPT UNPACKING pc=0x000001d92193a1af sp=0x000000214ebfad18 mode 2
Event: 17.225 Thread 0x000001d940896800 Uncommon trap: trap_request=0xffffff4d fr.pc=0x000001d92997a150 relative=0x0000000000000630
Event: 17.225 Thread 0x000001d940896800 Uncommon trap: reason=unstable_if action=reinterpret pc=0x000001d92997a150 method=com.google.common.collect.MapMakerInternalMap$Segment.drainKeyReferenceQueue(Ljava/lang/ref/ReferenceQueue;)V @ 8 c2
Event: 17.225 Thread 0x000001d940896800 DEOPT PACKING pc=0x000001d92997a150 sp=0x000000214ebfafd0
Event: 17.225 Thread 0x000001d940896800 DEOPT UNPACKING pc=0x000001d92193a1af sp=0x000000214ebfad08 mode 2

Classes redefined (0 events):
No events

Internal exceptions (20 events):
Event: 16.922 Thread 0x000001d940896800 Exception <a 'sun/nio/fs/WindowsException'{0x000000008a8cf220}> (0x000000008a8cf220) thrown at [./src/hotspot/share/prims/jni.cpp, line 615]
Event: 16.923 Thread 0x000001d940896800 Exception <a 'sun/nio/fs/WindowsException'{0x000000008a8cf6c0}> (0x000000008a8cf6c0) thrown at [./src/hotspot/share/prims/jni.cpp, line 615]
Event: 16.923 Thread 0x000001d940896800 Exception <a 'sun/nio/fs/WindowsException'{0x000000008a8d05b0}> (0x000000008a8d05b0) thrown at [./src/hotspot/share/prims/jni.cpp, line 615]
Event: 16.923 Thread 0x000001d940896800 Exception <a 'sun/nio/fs/WindowsException'{0x000000008a8d0998}> (0x000000008a8d0998) thrown at [./src/hotspot/share/prims/jni.cpp, line 615]
Event: 16.923 Thread 0x000001d940896800 Exception <a 'sun/nio/fs/WindowsException'{0x000000008a8d18a0}> (0x000000008a8d18a0) thrown at [./src/hotspot/share/prims/jni.cpp, line 615]
Event: 16.923 Thread 0x000001d940896800 Exception <a 'sun/nio/fs/WindowsException'{0x000000008a8d1c28}> (0x000000008a8d1c28) thrown at [./src/hotspot/share/prims/jni.cpp, line 615]
Event: 16.923 Thread 0x000001d940896800 Exception <a 'sun/nio/fs/WindowsException'{0x000000008a8d2b00}> (0x000000008a8d2b00) thrown at [./src/hotspot/share/prims/jni.cpp, line 615]
Event: 16.932 Thread 0x000001d940896800 Exception <a 'java/lang/NoSuchMethodError'{0x000000008a7c3800}: <clinit>> (0x000000008a7c3800) thrown at [./src/hotspot/share/prims/jni.cpp, line 1365]
Event: 16.935 Thread 0x000001d940896800 Exception <a 'java/lang/NoSuchMethodError'{0x000000008a7f3c98}: <clinit>> (0x000000008a7f3c98) thrown at [./src/hotspot/share/prims/jni.cpp, line 1365]
Event: 16.935 Thread 0x000001d940896800 Exception <a 'java/lang/NoSuchMethodError'{0x000000008a606960}: <clinit>> (0x000000008a606960) thrown at [./src/hotspot/share/prims/jni.cpp, line 1365]
Event: 17.159 Thread 0x000001d9444b6000 Exception <a 'java/lang/NoSuchMethodError'{0x000000008dc64a10}: 'void java.lang.invoke.DirectMethodHandle$Holder.invokeStatic(java.lang.Object, long)'> (0x000000008dc64a10) thrown at [./src/hotspot/share/interpreter/linkResolver.cpp, line 773]
Event: 17.160 Thread 0x000001d9444b6000 Exception <a 'java/lang/NoSuchMethodError'{0x000000008d4457f8}: 'java.lang.Object java.lang.invoke.DirectMethodHandle$Holder.invokeStatic(java.lang.Object, long)'> (0x000000008d4457f8) thrown at [./src/hotspot/share/interpreter/linkResolver.cpp, line 773]
Event: 17.163 Thread 0x000001d9444b6000 Exception <a 'java/lang/NoSuchMethodError'{0x000000008d4ca2b0}: 'java.lang.Object java.lang.invoke.DirectMethodHandle$Holder.invokeStaticInit(java.lang.Object, java.lang.Object, long, java.lang.Object)'> (0x000000008d4ca2b0) thrown at [./src/hotspot/share/interpreter/linkResolver.cpp, line 773]
Event: 17.163 Thread 0x000001d9444b6000 Exception <a 'java/lang/NoSuchMethodError'{0x000000008d387660}: 'java.lang.Object java.lang.invoke.DirectMethodHandle$Holder.invokeStatic(java.lang.Object, java.lang.Object, long)'> (0x000000008d387660) thrown at [./src/hotspot/share/interpreter/linkResolver.cpp, line 773]
Event: 17.164 Thread 0x000001d9444b6000 Exception <a 'java/lang/NoSuchMethodError'{0x000000008d3d81f8}: 'java.lang.Object java.lang.invoke.Invokers$Holder.linkToTargetMethod(java.lang.Object, long, java.lang.Object)'> (0x000000008d3d81f8) thrown at [./src/hotspot/share/interpreter/linkResolver.cpp, line 773]
Event: 17.196 Thread 0x000001d94031b800 Exception <a 'sun/nio/fs/WindowsException'{0x000000008c7d2e28}> (0x000000008c7d2e28) thrown at [./src/hotspot/share/prims/jni.cpp, line 615]
Event: 17.200 Thread 0x000001d93d222000 Exception <a 'sun/nio/fs/WindowsException'{0x000000008cda3fd8}> (0x000000008cda3fd8) thrown at [./src/hotspot/share/prims/jni.cpp, line 615]
Event: 17.203 Thread 0x000001d93d0bc800 Exception <a 'sun/nio/fs/WindowsException'{0x000000008c4ba8a8}> (0x000000008c4ba8a8) thrown at [./src/hotspot/share/prims/jni.cpp, line 615]
Event: 17.208 Thread 0x000001d940311000 Exception <a 'sun/nio/fs/WindowsException'{0x000000008c00cd80}> (0x000000008c00cd80) thrown at [./src/hotspot/share/prims/jni.cpp, line 615]
Event: 17.222 Thread 0x000001d9444b6000 Exception <a 'java/io/IOException'{0x000000008cf96a90}> (0x000000008cf96a90) thrown at [./src/hotspot/share/prims/jni.cpp, line 615]

Events (20 events):
Event: 17.226 loading class org/gradle/internal/execution/history/PreviousExecutionState
Event: 17.226 loading class org/gradle/internal/execution/history/PreviousExecutionState done
Event: 17.226 loading class org/gradle/internal/execution/history/AfterExecutionState
Event: 17.226 loading class org/gradle/internal/execution/history/AfterExecutionState done
Event: 17.227 loading class com/android/tools/r8/internal/wq
Event: 17.227 loading class com/android/tools/r8/internal/wq done
Event: 17.227 loading class org/gradle/internal/build/event/types/DefaultFailure
Event: 17.227 loading class org/gradle/internal/build/event/types/DefaultFailure done
Event: 17.228 loading class org/gradle/tooling/internal/protocol/InternalFailure
Event: 17.228 loading class org/gradle/tooling/internal/protocol/InternalFailure done
Event: 17.228 loading class com/android/tools/r8/graph/e1
Event: 17.228 loading class com/android/tools/r8/graph/e1 done
Event: 17.228 loading class java/lang/Throwable$WrappedPrintWriter
Event: 17.228 loading class java/lang/Throwable$PrintStreamOrWriter
Event: 17.228 loading class java/lang/Throwable$PrintStreamOrWriter done
Event: 17.228 loading class java/lang/Throwable$WrappedPrintWriter done
Event: 17.229 loading class com/android/tools/r8/internal/BP
Event: 17.229 loading class com/android/tools/r8/internal/BP done
Event: 17.230 loading class com/android/tools/r8/internal/lX
Event: 17.230 loading class com/android/tools/r8/internal/lX done


Dynamic libraries:
0x00007ff73f4b0000 - 0x00007ff73f4ba000 	C:\Program Files\Android\Android Studio1\jre\bin\java.exe
0x00007ff8ce610000 - 0x00007ff8ce824000 	C:\WINDOWS\SYSTEM32\ntdll.dll
0x00007ff8ccc40000 - 0x00007ff8ccd03000 	C:\WINDOWS\System32\KERNEL32.DLL
0x00007ff8cbf40000 - 0x00007ff8cc2dd000 	C:\WINDOWS\System32\KERNELBASE.dll
0x00007ff8cbd70000 - 0x00007ff8cbe81000 	C:\WINDOWS\System32\ucrtbase.dll
0x00007ff8b93a0000 - 0x00007ff8b93b7000 	C:\Program Files\Android\Android Studio1\jre\bin\VCRUNTIME140.dll
0x00007ff8b9320000 - 0x00007ff8b9339000 	C:\Program Files\Android\Android Studio1\jre\bin\jli.dll
0x00007ff8cd650000 - 0x00007ff8cd7fd000 	C:\WINDOWS\System32\USER32.dll
0x00007ff8af370000 - 0x00007ff8af5fe000 	C:\WINDOWS\WinSxS\amd64_microsoft.windows.common-controls_6595b64144ccf1df_6.0.22621.608_none_a9444ca7c10bb01d\COMCTL32.dll
0x00007ff8cbf10000 - 0x00007ff8cbf36000 	C:\WINDOWS\System32\win32u.dll
0x00007ff8ce4f0000 - 0x00007ff8ce597000 	C:\WINDOWS\System32\msvcrt.dll
0x00007ff8cd800000 - 0x00007ff8cd829000 	C:\WINDOWS\System32\GDI32.dll
0x00007ff8cc2e0000 - 0x00007ff8cc3f2000 	C:\WINDOWS\System32\gdi32full.dll
0x00007ff8cbba0000 - 0x00007ff8cbc3a000 	C:\WINDOWS\System32\msvcp_win.dll
0x00007ff8ccd10000 - 0x00007ff8ccd42000 	C:\WINDOWS\System32\IMM32.DLL
0x00007ff8a0fb0000 - 0x00007ff8a104d000 	C:\Program Files\Android\Android Studio1\jre\bin\msvcp140.dll
0x00007ff84fde0000 - 0x00007ff8508c5000 	C:\Program Files\Android\Android Studio1\jre\bin\server\jvm.dll
0x00007ff8cce80000 - 0x00007ff8ccf2e000 	C:\WINDOWS\System32\ADVAPI32.dll
0x00007ff8ccdd0000 - 0x00007ff8cce74000 	C:\WINDOWS\System32\sechost.dll
0x00007ff8cd410000 - 0x00007ff8cd525000 	C:\WINDOWS\System32\RPCRT4.dll
0x00007ff8ce210000 - 0x00007ff8ce218000 	C:\WINDOWS\System32\PSAPI.DLL
0x00007ff8c42a0000 - 0x00007ff8c42d4000 	C:\WINDOWS\SYSTEM32\WINMM.dll
0x00007ff8934c0000 - 0x00007ff8934c9000 	C:\WINDOWS\SYSTEM32\WSOCK32.dll
0x00007ff8c43b0000 - 0x00007ff8c43ba000 	C:\WINDOWS\SYSTEM32\VERSION.dll
0x00007ff8ccd50000 - 0x00007ff8ccdc1000 	C:\WINDOWS\System32\WS2_32.dll
0x00007ff8cab70000 - 0x00007ff8cab88000 	C:\WINDOWS\SYSTEM32\kernel.appcore.dll
0x00007ff891240000 - 0x00007ff891251000 	C:\Program Files\Android\Android Studio1\jre\bin\verify.dll
0x00007ff8c9480000 - 0x00007ff8c96ae000 	C:\WINDOWS\SYSTEM32\DBGHELP.DLL
0x00007ff8cdac0000 - 0x00007ff8cde4a000 	C:\WINDOWS\System32\combase.dll
0x00007ff8ce130000 - 0x00007ff8ce207000 	C:\WINDOWS\System32\OLEAUT32.dll
0x00007ff8b67e0000 - 0x00007ff8b6812000 	C:\WINDOWS\SYSTEM32\dbgcore.DLL
0x00007ff8cbe90000 - 0x00007ff8cbf0b000 	C:\WINDOWS\System32\bcryptPrimitives.dll
0x00007ff891210000 - 0x00007ff891239000 	C:\Program Files\Android\Android Studio1\jre\bin\java.dll
0x00007ff893280000 - 0x00007ff89328b000 	C:\Program Files\Android\Android Studio1\jre\bin\jimage.dll
0x00007ff891020000 - 0x00007ff891038000 	C:\Program Files\Android\Android Studio1\jre\bin\zip.dll
0x00007ff8cc400000 - 0x00007ff8ccbef000 	C:\WINDOWS\System32\SHELL32.dll
0x00007ff8c9a50000 - 0x00007ff8ca318000 	C:\WINDOWS\SYSTEM32\windows.storage.dll
0x00007ff8c9910000 - 0x00007ff8c9a4e000 	C:\WINDOWS\SYSTEM32\wintypes.dll
0x00007ff8ce3e0000 - 0x00007ff8ce4d1000 	C:\WINDOWS\System32\SHCORE.dll
0x00007ff8ccf30000 - 0x00007ff8ccf8e000 	C:\WINDOWS\System32\shlwapi.dll
0x00007ff8cb960000 - 0x00007ff8cb981000 	C:\WINDOWS\SYSTEM32\profapi.dll
0x00007ff891000000 - 0x00007ff89101a000 	C:\Program Files\Android\Android Studio1\jre\bin\net.dll
0x00007ff8c40b0000 - 0x00007ff8c41df000 	C:\WINDOWS\SYSTEM32\WINHTTP.dll
0x00007ff8cafe0000 - 0x00007ff8cb049000 	C:\WINDOWS\system32\mswsock.dll
0x00007ff890fe0000 - 0x00007ff890ff4000 	C:\Program Files\Android\Android Studio1\jre\bin\nio.dll
0x00007ff845b60000 - 0x00007ff845b87000 	C:\Users\ASUS\.gradle\native\e1d6ef7f7dcc3fd88c89a11ec53ec762bb8ba0a96d01ffa2cd45eb1d1d8dd5c5\windows-amd64\native-platform.dll
0x00007ff890740000 - 0x00007ff890884000 	C:\Users\ASUS\.gradle\native\5664cfc778a61ccfe75a443a1ab52a65af34e5dc3c78e0209fed803814484fcb\windows-amd64\native-platform-file-events.dll
0x00007ff890fd0000 - 0x00007ff890fda000 	C:\Program Files\Android\Android Studio1\jre\bin\management.dll
0x00007ff868390000 - 0x00007ff86839d000 	C:\Program Files\Android\Android Studio1\jre\bin\management_ext.dll
0x00007ff8cb240000 - 0x00007ff8cb25b000 	C:\WINDOWS\SYSTEM32\CRYPTSP.dll
0x00007ff8caae0000 - 0x00007ff8cab15000 	C:\WINDOWS\system32\rsaenh.dll
0x00007ff8cb0d0000 - 0x00007ff8cb0f8000 	C:\WINDOWS\SYSTEM32\USERENV.dll
0x00007ff8cb3f0000 - 0x00007ff8cb418000 	C:\WINDOWS\SYSTEM32\bcrypt.dll
0x00007ff8cb230000 - 0x00007ff8cb23c000 	C:\WINDOWS\SYSTEM32\CRYPTBASE.dll
0x00007ff8ca5e0000 - 0x00007ff8ca60d000 	C:\WINDOWS\SYSTEM32\IPHLPAPI.DLL
0x00007ff8cda30000 - 0x00007ff8cda39000 	C:\WINDOWS\System32\NSI.dll
0x00007ff8c43c0000 - 0x00007ff8c43d9000 	C:\WINDOWS\SYSTEM32\dhcpcsvc6.DLL
0x00007ff8c4030000 - 0x00007ff8c404f000 	C:\WINDOWS\SYSTEM32\dhcpcsvc.DLL
0x00007ff8ca650000 - 0x00007ff8ca742000 	C:\WINDOWS\SYSTEM32\DNSAPI.dll
0x00007ff8cab90000 - 0x00007ff8cabc4000 	C:\WINDOWS\SYSTEM32\ntmarta.dll

dbghelp: loaded successfully - version: 4.0.5 - missing functions: none
symbol engine: initialized successfully - sym options: 0x614 - pdb path: .;C:\Program Files\Android\Android Studio1\jre\bin;C:\WINDOWS\SYSTEM32;C:\WINDOWS\WinSxS\amd64_microsoft.windows.common-controls_6595b64144ccf1df_6.0.22621.608_none_a9444ca7c10bb01d;C:\Program Files\Android\Android Studio1\jre\bin\server;C:\Users\ASUS\.gradle\native\e1d6ef7f7dcc3fd88c89a11ec53ec762bb8ba0a96d01ffa2cd45eb1d1d8dd5c5\windows-amd64;C:\Users\ASUS\.gradle\native\5664cfc778a61ccfe75a443a1ab52a65af34e5dc3c78e0209fed803814484fcb\windows-amd64

VM Arguments:
jvm_args: --add-opens=java.base/java.util=ALL-UNNAMED --add-opens=java.base/java.lang=ALL-UNNAMED --add-opens=java.base/java.lang.invoke=ALL-UNNAMED --add-opens=java.base/java.util=ALL-UNNAMED --add-opens=java.prefs/java.util.prefs=ALL-UNNAMED --add-opens=java.prefs/java.util.prefs=ALL-UNNAMED --add-opens=java.base/java.nio.charset=ALL-UNNAMED --add-opens=java.base/java.net=ALL-UNNAMED --add-opens=java.base/java.util.concurrent.atomic=ALL-UNNAMED -Xmx2048m -Dfile.encoding=UTF-8 -Duser.country=IN -Duser.language=en -Duser.variant 
java_command: org.gradle.launcher.daemon.bootstrap.GradleDaemon 7.3.3
java_class_path (initial): C:\Users\ASUS\.gradle\wrapper\dists\gradle-7.3.3-bin\6a41zxkdtcxs8rphpq6y0069z\gradle-7.3.3\lib\gradle-launcher-7.3.3.jar
Launcher Type: SUN_STANDARD

[Global flags]
     intx CICompilerCount                          = 4                                         {product} {ergonomic}
     uint ConcGCThreads                            = 2                                         {product} {ergonomic}
     uint G1ConcRefinementThreads                  = 8                                         {product} {ergonomic}
   size_t G1HeapRegionSize                         = 1048576                                   {product} {ergonomic}
    uintx GCDrainStackTargetSize                   = 64                                        {product} {ergonomic}
   size_t InitialHeapSize                          = 134217728                                 {product} {ergonomic}
   size_t MarkStackSize                            = 4194304                                   {product} {ergonomic}
   size_t MaxHeapSize                              = 2147483648                                {product} {command line}
   size_t MaxNewSize                               = 1287651328                                {product} {ergonomic}
   size_t MinHeapDeltaBytes                        = 1048576                                   {product} {ergonomic}
    uintx NonNMethodCodeHeapSize                   = 5836300                                {pd product} {ergonomic}
    uintx NonProfiledCodeHeapSize                  = 122910970                              {pd product} {ergonomic}
    uintx ProfiledCodeHeapSize                     = 122910970                              {pd product} {ergonomic}
    uintx ReservedCodeCacheSize                    = 251658240                              {pd product} {ergonomic}
     bool SegmentedCodeCache                       = true                                      {product} {ergonomic}
     bool UseCompressedClassPointers               = true                                 {lp64_product} {ergonomic}
     bool UseCompressedOops                        = true                                 {lp64_product} {ergonomic}
     bool UseG1GC                                  = true                                      {product} {ergonomic}
     bool UseLargePagesIndividualAllocation        = false                                  {pd product} {ergonomic}

Logging:
Log output configuration:
 #0: stdout all=warning uptime,level,tags
 #1: stderr all=off uptime,level,tags

Environment Variables:
JAVA_HOME=C:\Program Files\Java\jdk-15.0.1
PATH=C:\Program Files (x86)\VMware\VMware Player\bin\;C:\Python39\Scripts\;C:\Python39\;C:\Program Files\Common Files\Oracle\Java\javapath;C:\oraclexe\app\oracle\product\10.2.0\server\bin;C:\WINDOWS\system32;C:\WINDOWS;C:\WINDOWS\System32\Wbem;C:\WINDOWS\System32\WindowsPowerShell\v1.0\;C:\WINDOWS\System32\OpenSSH\;C:\Program Files\dotnet\;C:\ProgramData\chocolatey\bin;C:\Program Files\Java\jdk-19\bin;C:\Program Files\Git\cmd;C:\MinGW\bin;C:\Program Files\nodejs\;C:\Program Files\MySQL\MySQL Shell 8.0\bin\;C:\Users\ASUS\AppData\Local\Microsoft\WindowsApps;C:\Program Files\Java\jdk-11.0.4\bin;C:\Users\ASUS\AppData\Local\Programs\Microsoft VS Code\bin;C:\Users\ASUS\AppData\Local\GitHubDesktop\bin;C:\Program Files\JetBrains\IntelliJ IDEA Community Edition 2021.2\bin;C:\Users\ASUS\Documents\Ravi\My_Notes\docs\PHP\php;C:\Users\ASUS\AppData\Local\atom\bin;C:\Program Files\heroku\bin;C:\Users\ASUS\AppData\Roaming\npm;%USERPROFILE%\AppData\Local\Microsoft\WindowsApps;
USERNAME=ASUS
OS=Windows_NT
PROCESSOR_IDENTIFIER=Intel64 Family 6 Model 142 Stepping 10, GenuineIntel



---------------  S Y S T E M  ---------------

OS: Windows 10 , 64 bit Build 22621 (10.0.22621.1105)
OS uptime: 0 days 0:14 hours

CPU:total 8 (initial active 8) (4 cores per cpu, 2 threads per core) family 6 model 142 stepping 10 microcode 0xe0, cmov, cx8, fxsr, mmx, sse, sse2, sse3, ssse3, sse4.1, sse4.2, popcnt, avx, avx2, aes, clmul, erms, 3dnowpref, lzcnt, ht, tsc, tscinvbit, bmi1, bmi2, adx, fma

Memory: 4k page, system-wide physical 8074M (1523M free)
TotalPageFile size 8074M (AvailPageFile size 14M)
current process WorkingSet (physical memory assigned to process): 537M, peak: 545M
current process commit charge ("private bytes"): 585M, peak: 599M

vm_info: OpenJDK 64-Bit Server VM (11.0.12+7-b1504.28-7817840) for windows-amd64 JRE (11.0.12+7-b1504.28-7817840), built on Oct 13 2021 22:12:33 by "builder" with MS VC++ 14.0 (VS2015)

END.
